2024-02-20 05:33:55,736 - root - INFO - This is a log info
2024-02-20 05:47:15,805 - root - INFO - This is a log info
2024-02-20 05:57:21,710 - root - INFO - This is a log info
2024-02-20 06:09:01,100 - root - INFO - This is a log info
2024-02-20 07:05:15,449 - root - INFO - Epoch 1/15, Train Loss: 1.3142881107045061, Val Loss: 1.056251145790126
2024-02-20 08:00:17,916 - root - INFO - Epoch 2/15, Train Loss: 0.9959098941808383, Val Loss: 0.9567592420530255
2024-02-20 08:55:45,476 - root - INFO - Epoch 3/15, Train Loss: 0.91388737262046, Val Loss: 0.9157273909992072
2024-02-20 09:51:22,113 - root - INFO - Epoch 4/15, Train Loss: 0.8541108262478855, Val Loss: 0.8958771581610575
2024-02-20 10:46:48,886 - root - INFO - Epoch 5/15, Train Loss: 0.8016035624355152, Val Loss: 0.8893468048207755
2024-02-20 11:42:48,771 - root - INFO - Epoch 6/15, Train Loss: 0.753968049694669, Val Loss: 0.8977188967381537
2024-02-20 12:37:35,426 - root - INFO - Epoch 7/15, Train Loss: 0.7073380671235115, Val Loss: 0.9132348971539692
2024-02-20 13:33:15,950 - root - INFO - Epoch 8/15, Train Loss: 0.6610798587651937, Val Loss: 0.9227434037872945
2024-02-20 14:27:23,417 - root - INFO - Epoch 9/15, Train Loss: 0.6127003902564722, Val Loss: 0.9501676169804539
2024-02-20 15:22:57,400 - root - INFO - Epoch 10/15, Train Loss: 0.5637905855548172, Val Loss: 0.9821288410553151
2024-02-20 16:07:36,451 - root - INFO - Epoch 11/15, Train Loss: 0.5197310973362298, Val Loss: 1.0108331884253003
2024-02-20 16:53:04,202 - root - INFO - Epoch 12/15, Train Loss: 0.4722352756623657, Val Loss: 1.0694705696987747
2024-02-20 17:37:12,658 - root - INFO - Epoch 13/15, Train Loss: 0.427123290221547, Val Loss: 1.1205522630502818
2024-02-20 18:22:37,330 - root - INFO - Epoch 14/15, Train Loss: 0.38523952913486986, Val Loss: 1.1643675807029301
2024-02-20 19:07:20,431 - root - INFO - Epoch 15/15, Train Loss: 0.34750676822264487, Val Loss: 1.2355132843650733
2024-02-20 19:16:48,783 - root - INFO -               precision    recall  f1-score   support

           0       0.77      0.81      0.79      1934
           1       0.63      0.80      0.71     12496
           2       0.66      0.54      0.59     13170
           3       0.81      0.85      0.83      4029
           4       0.70      0.70      0.70      4207
           5       0.55      0.55      0.55      1959
           6       0.67      0.63      0.65      1313
           7       0.45      0.32      0.37       458
           8       0.50      0.51      0.50       754
           9       0.64      0.51      0.57      1752
          10       0.31      0.12      0.17      1031
          11       0.59      0.43      0.50       439

    accuracy                           0.66     43542
   macro avg       0.61      0.56      0.58     43542
weighted avg       0.66      0.66      0.65     43542

