2024-03-13 12:35:34,171 - root - INFO - This is a log info
2024-03-13 13:00:07,558 - root - INFO -               precision    recall  f1-score   support

           0       0.98      0.96      0.97      1873
           1       0.93      0.90      0.92      1847
           2       0.94      0.93      0.94      1815
           3       0.89      0.80      0.84      1871
           4       0.89      0.93      0.91      1908
           5       0.91      0.93      0.92      1841
           6       0.90      0.86      0.88      1838
           7       0.87      0.91      0.89      1796
           8       0.82      0.91      0.86      1787

    accuracy                           0.90     16576
   macro avg       0.90      0.90      0.90     16576
weighted avg       0.91      0.90      0.90     16576

2024-03-13 13:00:07,558 - root - INFO - Epoch 1/20, Train Loss: 0.44505617562529176, Val Loss: 0.30998111786644433
2024-03-13 13:24:20,950 - root - INFO -               precision    recall  f1-score   support

           0       0.99      0.97      0.98      1873
           1       0.93      0.92      0.93      1847
           2       0.90      0.95      0.92      1815
           3       0.87      0.82      0.85      1871
           4       0.90      0.93      0.92      1908
           5       0.93      0.92      0.93      1841
           6       0.88      0.89      0.89      1838
           7       0.89      0.91      0.90      1796
           8       0.90      0.88      0.89      1787

    accuracy                           0.91     16576
   macro avg       0.91      0.91      0.91     16576
weighted avg       0.91      0.91      0.91     16576

2024-03-13 13:24:20,951 - root - INFO - Epoch 2/20, Train Loss: 0.2785363912364158, Val Loss: 0.293420147553489
2024-03-13 13:48:32,853 - root - INFO -               precision    recall  f1-score   support

           0       0.97      0.98      0.98      1873
           1       0.93      0.92      0.93      1847
           2       0.92      0.95      0.94      1815
           3       0.87      0.83      0.85      1871
           4       0.92      0.92      0.92      1908
           5       0.91      0.92      0.92      1841
           6       0.92      0.85      0.88      1838
           7       0.90      0.90      0.90      1796
           8       0.85      0.93      0.88      1787

    accuracy                           0.91     16576
   macro avg       0.91      0.91      0.91     16576
weighted avg       0.91      0.91      0.91     16576

2024-03-13 13:48:32,854 - root - INFO - Epoch 3/20, Train Loss: 0.2291338378030614, Val Loss: 0.29513392119909343
2024-03-13 14:13:01,302 - root - INFO -               precision    recall  f1-score   support

           0       0.98      0.98      0.98      1873
           1       0.90      0.94      0.92      1847
           2       0.95      0.94      0.95      1815
           3       0.86      0.84      0.85      1871
           4       0.95      0.88      0.91      1908
           5       0.94      0.91      0.92      1841
           6       0.88      0.91      0.89      1838
           7       0.88      0.93      0.90      1796
           8       0.89      0.89      0.89      1787

    accuracy                           0.91     16576
   macro avg       0.91      0.91      0.91     16576
weighted avg       0.91      0.91      0.91     16576

2024-03-13 14:13:01,303 - root - INFO - Epoch 4/20, Train Loss: 0.18911372022500278, Val Loss: 0.2950795388072154
2024-03-13 14:37:50,300 - root - INFO -               precision    recall  f1-score   support

           0       0.98      0.98      0.98      1873
           1       0.89      0.95      0.92      1847
           2       0.95      0.94      0.94      1815
           3       0.90      0.81      0.85      1871
           4       0.94      0.90      0.92      1908
           5       0.92      0.92      0.92      1841
           6       0.88      0.90      0.89      1838
           7       0.86      0.93      0.89      1796
           8       0.89      0.87      0.88      1787

    accuracy                           0.91     16576
   macro avg       0.91      0.91      0.91     16576
weighted avg       0.91      0.91      0.91     16576

2024-03-13 14:37:50,301 - root - INFO - Epoch 5/20, Train Loss: 0.15561084490718588, Val Loss: 0.32267331285941553
2024-03-13 15:01:57,484 - root - INFO -               precision    recall  f1-score   support

           0       0.98      0.98      0.98      1873
           1       0.90      0.94      0.92      1847
           2       0.95      0.93      0.94      1815
           3       0.82      0.87      0.84      1871
           4       0.92      0.91      0.92      1908
           5       0.93      0.90      0.92      1841
           6       0.87      0.90      0.89      1838
           7       0.90      0.88      0.89      1796
           8       0.91      0.87      0.89      1787

    accuracy                           0.91     16576
   macro avg       0.91      0.91      0.91     16576
weighted avg       0.91      0.91      0.91     16576

2024-03-13 15:01:57,484 - root - INFO - Epoch 6/20, Train Loss: 0.12937814979725173, Val Loss: 0.33316678087798784
2024-03-13 15:26:03,561 - root - INFO -               precision    recall  f1-score   support

           0       0.98      0.98      0.98      1873
           1       0.93      0.91      0.92      1847
           2       0.93      0.94      0.94      1815
           3       0.82      0.86      0.84      1871
           4       0.92      0.92      0.92      1908
           5       0.92      0.93      0.92      1841
           6       0.89      0.88      0.88      1838
           7       0.92      0.88      0.90      1796
           8       0.89      0.89      0.89      1787

    accuracy                           0.91     16576
   macro avg       0.91      0.91      0.91     16576
weighted avg       0.91      0.91      0.91     16576

2024-03-13 15:26:03,561 - root - INFO - Epoch 7/20, Train Loss: 0.10597953451061444, Val Loss: 0.34497724725185214
2024-03-13 15:50:21,365 - root - INFO -               precision    recall  f1-score   support

           0       0.98      0.98      0.98      1873
           1       0.91      0.92      0.91      1847
           2       0.95      0.94      0.94      1815
           3       0.81      0.87      0.84      1871
           4       0.93      0.91      0.92      1908
           5       0.88      0.91      0.90      1841
           6       0.93      0.79      0.86      1838
           7       0.90      0.88      0.89      1796
           8       0.84      0.92      0.88      1787

    accuracy                           0.90     16576
   macro avg       0.90      0.90      0.90     16576
weighted avg       0.90      0.90      0.90     16576

2024-03-13 15:50:21,365 - root - INFO - Epoch 8/20, Train Loss: 0.08911822614169931, Val Loss: 0.39085302130826194
2024-03-13 16:14:42,260 - root - INFO -               precision    recall  f1-score   support

           0       0.98      0.98      0.98      1873
           1       0.87      0.94      0.90      1847
           2       0.94      0.93      0.94      1815
           3       0.87      0.82      0.85      1871
           4       0.92      0.92      0.92      1908
           5       0.91      0.92      0.92      1841
           6       0.90      0.87      0.88      1838
           7       0.92      0.88      0.90      1796
           8       0.86      0.91      0.88      1787

    accuracy                           0.91     16576
   macro avg       0.91      0.91      0.91     16576
weighted avg       0.91      0.91      0.91     16576

2024-03-13 16:14:42,260 - root - INFO - Epoch 9/20, Train Loss: 0.07610441074876004, Val Loss: 0.40965550608616536
2024-03-13 16:38:45,919 - root - INFO -               precision    recall  f1-score   support

           0       0.99      0.97      0.98      1873
           1       0.91      0.93      0.92      1847
           2       0.93      0.94      0.93      1815
           3       0.85      0.85      0.85      1871
           4       0.94      0.89      0.91      1908
           5       0.90      0.93      0.91      1841
           6       0.90      0.87      0.88      1838
           7       0.89      0.91      0.90      1796
           8       0.88      0.89      0.88      1787

    accuracy                           0.91     16576
   macro avg       0.91      0.91      0.91     16576
weighted avg       0.91      0.91      0.91     16576

2024-03-13 16:38:45,919 - root - INFO - Epoch 10/20, Train Loss: 0.06506952951117914, Val Loss: 0.39896787061539396
2024-03-13 17:02:48,141 - root - INFO -               precision    recall  f1-score   support

           0       0.98      0.98      0.98      1873
           1       0.90      0.94      0.92      1847
           2       0.94      0.94      0.94      1815
           3       0.90      0.79      0.84      1871
           4       0.90      0.94      0.92      1908
           5       0.91      0.93      0.92      1841
           6       0.92      0.84      0.88      1838
           7       0.89      0.91      0.90      1796
           8       0.84      0.93      0.88      1787

    accuracy                           0.91     16576
   macro avg       0.91      0.91      0.91     16576
weighted avg       0.91      0.91      0.91     16576

2024-03-13 17:02:48,142 - root - INFO - Epoch 11/20, Train Loss: 0.05704849105558615, Val Loss: 0.4446278405321841
2024-03-13 17:26:50,140 - root - INFO -               precision    recall  f1-score   support

           0       0.98      0.98      0.98      1873
           1       0.89      0.94      0.91      1847
           2       0.96      0.93      0.94      1815
           3       0.86      0.84      0.85      1871
           4       0.94      0.90      0.92      1908
           5       0.92      0.91      0.91      1841
           6       0.89      0.89      0.89      1838
           7       0.92      0.89      0.90      1796
           8       0.85      0.92      0.89      1787

    accuracy                           0.91     16576
   macro avg       0.91      0.91      0.91     16576
weighted avg       0.91      0.91      0.91     16576

2024-03-13 17:26:50,140 - root - INFO - Epoch 12/20, Train Loss: 0.050640940832891515, Val Loss: 0.4305217499380867
2024-03-13 17:50:53,509 - root - INFO -               precision    recall  f1-score   support

           0       0.98      0.98      0.98      1873
           1       0.90      0.93      0.92      1847
           2       0.94      0.94      0.94      1815
           3       0.87      0.82      0.84      1871
           4       0.93      0.91      0.92      1908
           5       0.90      0.93      0.92      1841
           6       0.88      0.89      0.88      1838
           7       0.91      0.89      0.90      1796
           8       0.87      0.90      0.89      1787

    accuracy                           0.91     16576
   macro avg       0.91      0.91      0.91     16576
weighted avg       0.91      0.91      0.91     16576

2024-03-13 17:50:53,509 - root - INFO - Epoch 13/20, Train Loss: 0.04389546824261046, Val Loss: 0.45148784232156847
2024-03-13 18:14:56,262 - root - INFO -               precision    recall  f1-score   support

           0       0.97      0.98      0.98      1873
           1       0.90      0.93      0.91      1847
           2       0.94      0.94      0.94      1815
           3       0.85      0.84      0.85      1871
           4       0.92      0.90      0.91      1908
           5       0.91      0.92      0.91      1841
           6       0.93      0.83      0.88      1838
           7       0.90      0.90      0.90      1796
           8       0.84      0.92      0.88      1787

    accuracy                           0.91     16576
   macro avg       0.91      0.91      0.91     16576
weighted avg       0.91      0.91      0.91     16576

2024-03-13 18:14:56,262 - root - INFO - Epoch 14/20, Train Loss: 0.04033009453518989, Val Loss: 0.4808209409297203
2024-03-13 18:38:58,331 - root - INFO -               precision    recall  f1-score   support

           0       0.98      0.97      0.98      1873
           1       0.88      0.94      0.91      1847
           2       0.91      0.94      0.93      1815
           3       0.86      0.83      0.85      1871
           4       0.94      0.89      0.91      1908
           5       0.89      0.94      0.91      1841
           6       0.89      0.88      0.88      1838
           7       0.88      0.90      0.89      1796
           8       0.91      0.83      0.87      1787

    accuracy                           0.90     16576
   macro avg       0.90      0.90      0.90     16576
weighted avg       0.90      0.90      0.90     16576

2024-03-13 18:38:58,331 - root - INFO - Epoch 15/20, Train Loss: 0.03732017379138163, Val Loss: 0.4700508935801311
2024-03-13 19:03:02,019 - root - INFO -               precision    recall  f1-score   support

           0       0.98      0.98      0.98      1873
           1       0.92      0.92      0.92      1847
           2       0.91      0.94      0.93      1815
           3       0.85      0.84      0.85      1871
           4       0.92      0.92      0.92      1908
           5       0.91      0.93      0.92      1841
           6       0.92      0.85      0.88      1838
           7       0.90      0.90      0.90      1796
           8       0.86      0.89      0.88      1787

    accuracy                           0.91     16576
   macro avg       0.91      0.91      0.91     16576
weighted avg       0.91      0.91      0.91     16576

2024-03-13 19:03:02,019 - root - INFO - Epoch 16/20, Train Loss: 0.03459187328234335, Val Loss: 0.4719936841358089
2024-03-13 19:27:04,852 - root - INFO -               precision    recall  f1-score   support

           0       0.98      0.95      0.97      1873
           1       0.90      0.94      0.92      1847
           2       0.94      0.91      0.93      1815
           3       0.83      0.84      0.84      1871
           4       0.91      0.92      0.92      1908
           5       0.93      0.91      0.92      1841
           6       0.91      0.87      0.89      1838
           7       0.88      0.89      0.88      1796
           8       0.85      0.91      0.88      1787

    accuracy                           0.90     16576
   macro avg       0.90      0.90      0.90     16576
weighted avg       0.90      0.90      0.90     16576

2024-03-13 19:27:04,853 - root - INFO - Epoch 17/20, Train Loss: 0.032369728000891364, Val Loss: 0.4999138735177204
2024-03-13 19:51:07,536 - root - INFO -               precision    recall  f1-score   support

           0       0.99      0.97      0.98      1873
           1       0.92      0.91      0.91      1847
           2       0.94      0.93      0.94      1815
           3       0.85      0.84      0.85      1871
           4       0.93      0.92      0.93      1908
           5       0.91      0.93      0.92      1841
           6       0.87      0.90      0.89      1838
           7       0.90      0.89      0.90      1796
           8       0.88      0.89      0.88      1787

    accuracy                           0.91     16576
   macro avg       0.91      0.91      0.91     16576
weighted avg       0.91      0.91      0.91     16576

2024-03-13 19:51:07,536 - root - INFO - Epoch 18/20, Train Loss: 0.029091793809560944, Val Loss: 0.4738193095650912
2024-03-13 20:15:11,548 - root - INFO -               precision    recall  f1-score   support

           0       0.98      0.98      0.98      1873
           1       0.89      0.94      0.91      1847
           2       0.94      0.93      0.94      1815
           3       0.83      0.86      0.85      1871
           4       0.93      0.91      0.92      1908
           5       0.92      0.92      0.92      1841
           6       0.91      0.85      0.88      1838
           7       0.90      0.89      0.89      1796
           8       0.88      0.90      0.89      1787

    accuracy                           0.91     16576
   macro avg       0.91      0.91      0.91     16576
weighted avg       0.91      0.91      0.91     16576

2024-03-13 20:15:11,548 - root - INFO - Epoch 19/20, Train Loss: 0.02851851066419498, Val Loss: 0.5155095105638375
2024-03-13 20:39:15,665 - root - INFO -               precision    recall  f1-score   support

           0       0.98      0.97      0.97      1873
           1       0.87      0.94      0.90      1847
           2       0.95      0.94      0.94      1815
           3       0.82      0.86      0.84      1871
           4       0.95      0.89      0.92      1908
           5       0.90      0.94      0.92      1841
           6       0.95      0.80      0.87      1838
           7       0.90      0.89      0.89      1796
           8       0.86      0.91      0.89      1787

    accuracy                           0.90     16576
   macro avg       0.91      0.90      0.90     16576
weighted avg       0.91      0.90      0.90     16576

2024-03-13 20:39:15,666 - root - INFO - Epoch 20/20, Train Loss: 0.026836968030822108, Val Loss: 0.5173001245282677
2024-03-13 20:42:08,209 - root - INFO -               precision    recall  f1-score   support

           0       0.98      0.97      0.97      1873
           1       0.87      0.94      0.90      1847
           2       0.95      0.94      0.94      1815
           3       0.82      0.86      0.84      1871
           4       0.95      0.89      0.92      1908
           5       0.90      0.94      0.92      1841
           6       0.95      0.80      0.87      1838
           7       0.90      0.89      0.89      1796
           8       0.86      0.91      0.89      1787

    accuracy                           0.90     16576
   macro avg       0.91      0.90      0.90     16576
weighted avg       0.91      0.90      0.90     16576

