2024-03-09 09:33:40,429 - root - INFO - This is a log info
2024-03-09 09:53:30,014 - root - INFO -               precision    recall  f1-score   support

           0       0.27      0.43      0.33      3684
           1       0.25      0.36      0.30      3654
           2       0.22      0.35      0.27      3717
           3       0.31      0.28      0.30      3771
           4       0.63      0.47      0.54      3709
           5       0.49      0.41      0.45      3670
           6       0.77      0.48      0.59      3724
           7       0.56      0.16      0.25      3594
           8       0.34      0.34      0.34      3628

    accuracy                           0.37     33151
   macro avg       0.43      0.37      0.37     33151
weighted avg       0.43      0.37      0.38     33151

2024-03-09 09:53:30,014 - root - INFO - Epoch 1/20, Train Loss: 1.839568139404379, Val Loss: 1.7315726126269846
2024-03-09 10:13:14,374 - root - INFO -               precision    recall  f1-score   support

           0       0.39      0.28      0.33      3684
           1       0.37      0.15      0.22      3654
           2       0.20      0.64      0.30      3717
           3       0.33      0.33      0.33      3771
           4       0.67      0.46      0.55      3709
           5       0.52      0.43      0.47      3670
           6       0.66      0.55      0.60      3724
           7       0.37      0.21      0.27      3594
           8       0.41      0.28      0.33      3628

    accuracy                           0.37     33151
   macro avg       0.43      0.37      0.38     33151
weighted avg       0.43      0.37      0.38     33151

2024-03-09 10:13:14,374 - root - INFO - Epoch 2/20, Train Loss: 1.7118236980130594, Val Loss: 1.7092932549138864
2024-03-09 10:33:16,787 - root - INFO -               precision    recall  f1-score   support

           0       0.27      0.55      0.36      3684
           1       0.30      0.28      0.29      3654
           2       0.23      0.42      0.30      3717
           3       0.44      0.22      0.29      3771
           4       0.55      0.56      0.56      3709
           5       0.46      0.51      0.48      3670
           6       0.77      0.52      0.62      3724
           7       0.59      0.16      0.25      3594
           8       0.44      0.27      0.33      3628

    accuracy                           0.39     33151
   macro avg       0.45      0.39      0.39     33151
weighted avg       0.45      0.39      0.39     33151

2024-03-09 10:33:16,788 - root - INFO - Epoch 3/20, Train Loss: 1.6707156309911888, Val Loss: 1.6706709980421672
2024-03-09 10:53:15,604 - root - INFO -               precision    recall  f1-score   support

           0       1.00      0.03      0.06      3684
           1       1.00      0.00      0.00      3654
           2       0.16      0.88      0.27      3717
           3       0.00      0.00      1.00      3771
           4       0.26      0.55      0.35      3709
           5       1.00      0.00      0.00      3670
           6       0.56      0.47      0.51      3724
           7       1.00      0.00      0.00      3594
           8       0.12      0.05      0.07      3628

    accuracy                           0.22     33151
   macro avg       0.57      0.22      0.25     33151
weighted avg       0.56      0.22      0.26     33151

2024-03-09 10:53:15,604 - root - INFO - Epoch 4/20, Train Loss: 2.1009458131884817, Val Loss: 2.032220160629245
2024-03-09 11:13:24,443 - root - INFO -               precision    recall  f1-score   support

           0       0.23      0.25      0.24      3684
           1       0.15      0.17      0.16      3654
           2       0.18      0.14      0.16      3717
           3       0.25      0.34      0.29      3771
           4       0.83      0.14      0.24      3709
           5       0.37      0.43      0.39      3670
           6       0.82      0.42      0.56      3724
           7       0.61      0.10      0.17      3594
           8       0.20      0.55      0.30      3628

    accuracy                           0.28     33151
   macro avg       0.41      0.28      0.28     33151
weighted avg       0.41      0.28      0.28     33151

2024-03-09 11:13:24,444 - root - INFO - Epoch 5/20, Train Loss: 1.9031368838153269, Val Loss: 1.9028310049986545
2024-03-09 11:33:53,735 - root - INFO -               precision    recall  f1-score   support

           0       0.28      0.42      0.34      3684
           1       0.25      0.06      0.10      3654
           2       0.22      0.39      0.28      3717
           3       0.28      0.33      0.31      3771
           4       0.71      0.40      0.51      3709
           5       0.46      0.41      0.43      3670
           6       0.64      0.56      0.60      3724
           7       0.59      0.15      0.24      3594
           8       0.25      0.42      0.31      3628

    accuracy                           0.35     33151
   macro avg       0.41      0.35      0.35     33151
weighted avg       0.41      0.35      0.35     33151

2024-03-09 11:33:53,736 - root - INFO - Epoch 6/20, Train Loss: 1.8043540680674701, Val Loss: 1.777751600263
2024-03-09 11:54:27,220 - root - INFO -               precision    recall  f1-score   support

           0       0.25      0.47      0.33      3684
           1       0.23      0.26      0.24      3654
           2       0.22      0.28      0.24      3717
           3       0.29      0.35      0.32      3771
           4       0.70      0.42      0.52      3709
           5       0.44      0.44      0.44      3670
           6       0.75      0.52      0.62      3724
           7       0.56      0.16      0.24      3594
           8       0.33      0.33      0.33      3628

    accuracy                           0.36     33151
   macro avg       0.42      0.36      0.36     33151
weighted avg       0.42      0.36      0.37     33151

2024-03-09 11:54:27,220 - root - INFO - Epoch 7/20, Train Loss: 1.7624111682349142, Val Loss: 1.7598159992548499
2024-03-09 12:14:57,582 - root - INFO -               precision    recall  f1-score   support

           0       0.28      0.40      0.33      3684
           1       0.24      0.27      0.26      3654
           2       0.22      0.34      0.27      3717
           3       0.32      0.25      0.28      3771
           4       0.62      0.46      0.53      3709
           5       0.45      0.49      0.47      3670
           6       0.63      0.58      0.60      3724
           7       0.61      0.15      0.24      3594
           8       0.31      0.33      0.32      3628

    accuracy                           0.37     33151
   macro avg       0.41      0.36      0.37     33151
weighted avg       0.41      0.37      0.37     33151

2024-03-09 12:14:57,583 - root - INFO - Epoch 8/20, Train Loss: 1.7305668327214798, Val Loss: 1.734621963728672
2024-03-09 12:35:15,229 - root - INFO -               precision    recall  f1-score   support

           0       0.27      0.46      0.34      3684
           1       0.27      0.20      0.23      3654
           2       0.22      0.42      0.29      3717
           3       0.31      0.34      0.32      3771
           4       0.56      0.52      0.54      3709
           5       0.52      0.37      0.43      3670
           6       0.64      0.58      0.61      3724
           7       0.56      0.16      0.25      3594
           8       0.38      0.25      0.30      3628

    accuracy                           0.37     33151
   macro avg       0.41      0.37      0.37     33151
weighted avg       0.41      0.37      0.37     33151

2024-03-09 12:35:15,229 - root - INFO - Epoch 9/20, Train Loss: 1.7103083426544152, Val Loss: 1.7271315868521293
2024-03-09 12:55:06,994 - root - INFO -               precision    recall  f1-score   support

           0       0.39      0.28      0.33      3684
           1       0.26      0.21      0.23      3654
           2       0.21      0.54      0.30      3717
           3       0.31      0.36      0.34      3771
           4       0.71      0.43      0.53      3709
           5       0.50      0.45      0.47      3670
           6       0.68      0.57      0.62      3724
           7       0.60      0.15      0.24      3594
           8       0.32      0.34      0.33      3628

    accuracy                           0.37     33151
   macro avg       0.44      0.37      0.38     33151
weighted avg       0.44      0.37      0.38     33151

2024-03-09 12:55:06,994 - root - INFO - Epoch 10/20, Train Loss: 1.690537008694916, Val Loss: 1.710682092383668
2024-03-09 13:14:57,977 - root - INFO -               precision    recall  f1-score   support

           0       0.27      0.48      0.35      3684
           1       0.28      0.24      0.26      3654
           2       0.21      0.45      0.29      3717
           3       0.34      0.36      0.35      3771
           4       0.60      0.50      0.55      3709
           5       0.53      0.39      0.45      3670
           6       0.78      0.51      0.62      3724
           7       0.61      0.15      0.25      3594
           8       0.40      0.28      0.33      3628

    accuracy                           0.38     33151
   macro avg       0.45      0.37      0.38     33151
weighted avg       0.45      0.38      0.38     33151

2024-03-09 13:14:57,977 - root - INFO - Epoch 11/20, Train Loss: 1.6750913059741037, Val Loss: 1.7056691561711543
2024-03-09 13:34:45,720 - root - INFO -               precision    recall  f1-score   support

           0       0.29      0.42      0.34      3684
           1       0.27      0.26      0.27      3654
           2       0.22      0.44      0.30      3717
           3       0.31      0.37      0.34      3771
           4       0.60      0.51      0.55      3709
           5       0.51      0.43      0.47      3670
           6       0.82      0.49      0.62      3724
           7       0.61      0.15      0.25      3594
           8       0.38      0.31      0.34      3628

    accuracy                           0.38     33151
   macro avg       0.45      0.38      0.39     33151
weighted avg       0.45      0.38      0.39     33151

2024-03-09 13:34:45,720 - root - INFO - Epoch 12/20, Train Loss: 1.6599409356405166, Val Loss: 1.7029407379195787
2024-03-09 13:55:06,674 - root - INFO -               precision    recall  f1-score   support

           0       0.33      0.34      0.33      3684
           1       0.34      0.19      0.24      3654
           2       0.20      0.59      0.30      3717
           3       0.34      0.36      0.35      3771
           4       0.60      0.51      0.55      3709
           5       0.55      0.40      0.46      3670
           6       0.64      0.56      0.60      3724
           7       0.54      0.16      0.25      3594
           8       0.41      0.28      0.33      3628

    accuracy                           0.38     33151
   macro avg       0.44      0.38      0.38     33151
weighted avg       0.44      0.38      0.38     33151

2024-03-09 13:55:06,675 - root - INFO - Epoch 13/20, Train Loss: 1.6451878794172363, Val Loss: 1.70942435483293
2024-03-09 14:14:58,450 - root - INFO -               precision    recall  f1-score   support

           0       0.27      0.50      0.35      3684
           1       0.28      0.28      0.28      3654
           2       0.22      0.42      0.29      3717
           3       0.33      0.34      0.33      3771
           4       0.53      0.57      0.55      3709
           5       0.63      0.30      0.41      3670
           6       0.59      0.58      0.59      3724
           7       0.63      0.15      0.25      3594
           8       0.54      0.22      0.31      3628

    accuracy                           0.37     33151
   macro avg       0.45      0.37      0.37     33151
weighted avg       0.45      0.37      0.37     33151

2024-03-09 14:14:58,450 - root - INFO - Epoch 14/20, Train Loss: 1.6310291523968907, Val Loss: 1.7071274111437829
2024-03-09 14:35:07,972 - root - INFO -               precision    recall  f1-score   support

           0       0.27      0.51      0.36      3684
           1       0.28      0.30      0.29      3654
           2       0.22      0.38      0.28      3717
           3       0.42      0.23      0.30      3771
           4       0.51      0.57      0.54      3709
           5       0.55      0.43      0.48      3670
           6       0.62      0.59      0.61      3724
           7       0.60      0.16      0.25      3594
           8       0.43      0.28      0.34      3628

    accuracy                           0.38     33151
   macro avg       0.43      0.38      0.38     33151
weighted avg       0.43      0.38      0.38     33151

2024-03-09 14:35:07,972 - root - INFO - Epoch 15/20, Train Loss: 1.6158592326272312, Val Loss: 1.6977707051226847
2024-03-09 14:55:15,878 - root - INFO -               precision    recall  f1-score   support

           0       0.28      0.49      0.35      3684
           1       0.27      0.30      0.28      3654
           2       0.22      0.42      0.29      3717
           3       0.40      0.27      0.32      3771
           4       0.58      0.54      0.56      3709
           5       0.50      0.46      0.48      3670
           6       0.68      0.56      0.61      3724
           7       0.53      0.16      0.24      3594
           8       0.44      0.28      0.34      3628

    accuracy                           0.39     33151
   macro avg       0.43      0.39      0.39     33151
weighted avg       0.43      0.39      0.39     33151

2024-03-09 14:55:15,878 - root - INFO - Epoch 16/20, Train Loss: 1.6005868297455428, Val Loss: 1.6921902635562027
2024-03-09 15:15:10,703 - root - INFO -               precision    recall  f1-score   support

           0       0.28      0.47      0.35      3684
           1       0.30      0.28      0.29      3654
           2       0.22      0.45      0.29      3717
           3       0.37      0.30      0.33      3771
           4       0.66      0.47      0.55      3709
           5       0.47      0.50      0.48      3670
           6       0.75      0.52      0.62      3724
           7       0.59      0.15      0.24      3594
           8       0.39      0.31      0.35      3628

    accuracy                           0.38     33151
   macro avg       0.45      0.38      0.39     33151
weighted avg       0.45      0.38      0.39     33151

2024-03-09 15:15:10,703 - root - INFO - Epoch 17/20, Train Loss: 1.5846044611003993, Val Loss: 1.7186730654544375
2024-03-09 15:35:07,373 - root - INFO -               precision    recall  f1-score   support

           0       0.28      0.48      0.36      3684
           1       0.32      0.24      0.28      3654
           2       0.22      0.40      0.28      3717
           3       0.36      0.34      0.35      3771
           4       0.55      0.53      0.54      3709
           5       0.58      0.39      0.47      3670
           6       0.75      0.53      0.62      3724
           7       0.48      0.17      0.25      3594
           8       0.35      0.36      0.36      3628

    accuracy                           0.38     33151
   macro avg       0.43      0.38      0.39     33151
weighted avg       0.43      0.38      0.39     33151

2024-03-09 15:35:07,373 - root - INFO - Epoch 18/20, Train Loss: 1.5683867131707292, Val Loss: 1.708680605040442
2024-03-09 15:54:58,662 - root - INFO -               precision    recall  f1-score   support

           0       0.27      0.53      0.36      3684
           1       0.29      0.24      0.26      3654
           2       0.22      0.46      0.30      3717
           3       0.38      0.30      0.34      3771
           4       0.55      0.55      0.55      3709
           5       0.55      0.41      0.47      3670
           6       0.69      0.54      0.61      3724
           7       0.61      0.13      0.21      3594
           8       0.46      0.26      0.34      3628

    accuracy                           0.38     33151
   macro avg       0.45      0.38      0.38     33151
weighted avg       0.45      0.38      0.38     33151

2024-03-09 15:54:58,662 - root - INFO - Epoch 19/20, Train Loss: 1.5502633033851831, Val Loss: 1.7065893645229169
2024-03-09 16:14:20,943 - root - INFO -               precision    recall  f1-score   support

           0       0.27      0.52      0.36      3684
           1       0.27      0.33      0.30      3654
           2       0.23      0.33      0.27      3717
           3       0.39      0.27      0.32      3771
           4       0.59      0.51      0.55      3709
           5       0.48      0.47      0.48      3670
           6       0.60      0.59      0.59      3724
           7       0.58      0.15      0.24      3594
           8       0.41      0.28      0.34      3628

    accuracy                           0.39     33151
   macro avg       0.43      0.39      0.38     33151
weighted avg       0.43      0.39      0.38     33151

2024-03-09 16:14:20,943 - root - INFO - Epoch 20/20, Train Loss: 1.5340982536524164, Val Loss: 1.7351023921390913
2024-03-09 16:17:49,702 - root - INFO -               precision    recall  f1-score   support

           0       0.27      0.52      0.36      3684
           1       0.27      0.33      0.30      3654
           2       0.23      0.33      0.27      3717
           3       0.39      0.27      0.32      3771
           4       0.59      0.51      0.55      3709
           5       0.48      0.47      0.48      3670
           6       0.60      0.59      0.59      3724
           7       0.58      0.15      0.24      3594
           8       0.41      0.28      0.34      3628

    accuracy                           0.39     33151
   macro avg       0.43      0.39      0.38     33151
weighted avg       0.43      0.39      0.38     33151

