2024-03-08 03:31:45,411 - root - INFO - This is a log info
2024-03-08 03:58:01,551 - root - INFO -               precision    recall  f1-score   support

           0       0.98      0.97      0.97      3684
           1       0.90      0.92      0.91      3654
           2       0.94      0.92      0.93      3717
           3       0.89      0.78      0.83      3771
           4       0.87      0.94      0.90      3709
           5       0.91      0.91      0.91      3670
           6       0.92      0.82      0.86      3724
           7       0.84      0.91      0.87      3594
           8       0.84      0.91      0.87      3628

    accuracy                           0.90     33151
   macro avg       0.90      0.90      0.90     33151
weighted avg       0.90      0.90      0.90     33151

2024-03-08 03:58:01,551 - root - INFO - Epoch 1/20, Train Loss: 0.45279390962657307, Val Loss: 0.332788083855266
2024-03-08 04:23:29,937 - root - INFO -               precision    recall  f1-score   support

           0       0.97      0.98      0.98      3684
           1       0.93      0.90      0.92      3654
           2       0.94      0.94      0.94      3717
           3       0.87      0.84      0.85      3771
           4       0.92      0.92      0.92      3709
           5       0.92      0.93      0.92      3670
           6       0.92      0.80      0.86      3724
           7       0.89      0.91      0.90      3594
           8       0.81      0.92      0.86      3628

    accuracy                           0.90     33151
   macro avg       0.91      0.91      0.90     33151
weighted avg       0.91      0.90      0.90     33151

2024-03-08 04:23:29,938 - root - INFO - Epoch 2/20, Train Loss: 0.29287032402799185, Val Loss: 0.3205292324653625
2024-03-08 04:48:56,564 - root - INFO -               precision    recall  f1-score   support

           0       0.98      0.98      0.98      3684
           1       0.91      0.93      0.92      3654
           2       0.95      0.93      0.94      3717
           3       0.80      0.89      0.84      3771
           4       0.94      0.90      0.92      3709
           5       0.92      0.92      0.92      3670
           6       0.93      0.84      0.89      3724
           7       0.91      0.90      0.90      3594
           8       0.86      0.91      0.88      3628

    accuracy                           0.91     33151
   macro avg       0.91      0.91      0.91     33151
weighted avg       0.91      0.91      0.91     33151

2024-03-08 04:48:56,565 - root - INFO - Epoch 3/20, Train Loss: 0.23485111485553536, Val Loss: 0.29915129455436695
2024-03-08 05:14:24,355 - root - INFO -               precision    recall  f1-score   support

           0       0.98      0.98      0.98      3684
           1       0.93      0.90      0.92      3654
           2       0.95      0.94      0.95      3717
           3       0.89      0.82      0.86      3771
           4       0.89      0.94      0.91      3709
           5       0.89      0.95      0.92      3670
           6       0.90      0.89      0.89      3724
           7       0.90      0.90      0.90      3594
           8       0.89      0.89      0.89      3628

    accuracy                           0.91     33151
   macro avg       0.91      0.91      0.91     33151
weighted avg       0.91      0.91      0.91     33151

2024-03-08 05:14:24,355 - root - INFO - Epoch 4/20, Train Loss: 0.1930336936294564, Val Loss: 0.29941747681824377
2024-03-08 05:39:42,311 - root - INFO -               precision    recall  f1-score   support

           0       0.96      0.99      0.97      3684
           1       0.88      0.93      0.91      3654
           2       0.95      0.94      0.94      3717
           3       0.89      0.82      0.85      3771
           4       0.90      0.93      0.91      3709
           5       0.91      0.93      0.92      3670
           6       0.93      0.83      0.88      3724
           7       0.89      0.91      0.90      3594
           8       0.87      0.91      0.89      3628

    accuracy                           0.91     33151
   macro avg       0.91      0.91      0.91     33151
weighted avg       0.91      0.91      0.91     33151

2024-03-08 05:39:42,312 - root - INFO - Epoch 5/20, Train Loss: 0.15992762715955525, Val Loss: 0.32835546413239936
2024-03-08 06:04:59,483 - root - INFO -               precision    recall  f1-score   support

           0       0.96      0.98      0.97      3684
           1       0.91      0.93      0.92      3654
           2       0.95      0.93      0.94      3717
           3       0.87      0.85      0.86      3771
           4       0.92      0.92      0.92      3709
           5       0.92      0.92      0.92      3670
           6       0.91      0.87      0.89      3724
           7       0.88      0.91      0.90      3594
           8       0.88      0.89      0.89      3628

    accuracy                           0.91     33151
   macro avg       0.91      0.91      0.91     33151
weighted avg       0.91      0.91      0.91     33151

2024-03-08 06:04:59,483 - root - INFO - Epoch 6/20, Train Loss: 0.12791196546518083, Val Loss: 0.3267048564378947
2024-03-08 06:30:18,767 - root - INFO -               precision    recall  f1-score   support

           0       0.99      0.97      0.98      3684
           1       0.90      0.92      0.91      3654
           2       0.95      0.93      0.94      3717
           3       0.85      0.85      0.85      3771
           4       0.93      0.89      0.91      3709
           5       0.92      0.91      0.92      3670
           6       0.88      0.90      0.89      3724
           7       0.88      0.92      0.90      3594
           8       0.88      0.89      0.89      3628

    accuracy                           0.91     33151
   macro avg       0.91      0.91      0.91     33151
weighted avg       0.91      0.91      0.91     33151

2024-03-08 06:30:18,767 - root - INFO - Epoch 7/20, Train Loss: 0.1054304210419826, Val Loss: 0.3610960503582257
2024-03-08 06:55:41,313 - root - INFO -               precision    recall  f1-score   support

           0       0.98      0.98      0.98      3684
           1       0.92      0.92      0.92      3654
           2       0.96      0.93      0.95      3717
           3       0.87      0.83      0.85      3771
           4       0.90      0.94      0.92      3709
           5       0.94      0.90      0.92      3670
           6       0.89      0.87      0.88      3724
           7       0.87      0.91      0.89      3594
           8       0.85      0.91      0.88      3628

    accuracy                           0.91     33151
   macro avg       0.91      0.91      0.91     33151
weighted avg       0.91      0.91      0.91     33151

2024-03-08 06:55:41,313 - root - INFO - Epoch 8/20, Train Loss: 0.0905929703166827, Val Loss: 0.38371541088463323
2024-03-08 07:21:06,393 - root - INFO -               precision    recall  f1-score   support

           0       0.98      0.98      0.98      3684
           1       0.92      0.90      0.91      3654
           2       0.95      0.94      0.94      3717
           3       0.83      0.86      0.84      3771
           4       0.92      0.91      0.92      3709
           5       0.93      0.91      0.92      3670
           6       0.89      0.89      0.89      3724
           7       0.90      0.89      0.90      3594
           8       0.87      0.90      0.88      3628

    accuracy                           0.91     33151
   macro avg       0.91      0.91      0.91     33151
weighted avg       0.91      0.91      0.91     33151

2024-03-08 07:21:06,393 - root - INFO - Epoch 9/20, Train Loss: 0.07601763563276083, Val Loss: 0.40447085581858994
2024-03-08 07:46:31,810 - root - INFO -               precision    recall  f1-score   support

           0       0.98      0.97      0.98      3684
           1       0.93      0.89      0.91      3654
           2       0.92      0.95      0.93      3717
           3       0.85      0.85      0.85      3771
           4       0.94      0.89      0.91      3709
           5       0.89      0.94      0.91      3670
           6       0.89      0.88      0.88      3724
           7       0.90      0.91      0.90      3594
           8       0.89      0.89      0.89      3628

    accuracy                           0.91     33151
   macro avg       0.91      0.91      0.91     33151
weighted avg       0.91      0.91      0.91     33151

2024-03-08 07:46:31,811 - root - INFO - Epoch 10/20, Train Loss: 0.06602103756725283, Val Loss: 0.39251209525823816
2024-03-08 08:11:47,019 - root - INFO -               precision    recall  f1-score   support

           0       0.98      0.97      0.97      3684
           1       0.93      0.89      0.91      3654
           2       0.90      0.96      0.93      3717
           3       0.85      0.85      0.85      3771
           4       0.91      0.92      0.92      3709
           5       0.89      0.93      0.91      3670
           6       0.90      0.87      0.89      3724
           7       0.88      0.89      0.89      3594
           8       0.89      0.86      0.88      3628

    accuracy                           0.90     33151
   macro avg       0.90      0.90      0.90     33151
weighted avg       0.90      0.90      0.90     33151

2024-03-08 08:11:47,019 - root - INFO - Epoch 11/20, Train Loss: 0.05587224986726176, Val Loss: 0.41866772209931663
2024-03-08 08:37:13,292 - root - INFO -               precision    recall  f1-score   support

           0       0.98      0.98      0.98      3684
           1       0.91      0.91      0.91      3654
           2       0.93      0.94      0.94      3717
           3       0.88      0.83      0.85      3771
           4       0.92      0.91      0.91      3709
           5       0.89      0.94      0.92      3670
           6       0.93      0.84      0.88      3724
           7       0.88      0.91      0.90      3594
           8       0.85      0.91      0.88      3628

    accuracy                           0.91     33151
   macro avg       0.91      0.91      0.91     33151
weighted avg       0.91      0.91      0.91     33151

2024-03-08 08:37:13,293 - root - INFO - Epoch 12/20, Train Loss: 0.0492468131026307, Val Loss: 0.4342544375744374
2024-03-08 09:02:38,081 - root - INFO -               precision    recall  f1-score   support

           0       0.97      0.98      0.98      3684
           1       0.88      0.94      0.91      3654
           2       0.96      0.92      0.94      3717
           3       0.89      0.82      0.85      3771
           4       0.91      0.92      0.91      3709
           5       0.91      0.92      0.92      3670
           6       0.91      0.87      0.89      3724
           7       0.88      0.91      0.89      3594
           8       0.87      0.90      0.88      3628

    accuracy                           0.91     33151
   macro avg       0.91      0.91      0.91     33151
weighted avg       0.91      0.91      0.91     33151

2024-03-08 09:02:38,081 - root - INFO - Epoch 13/20, Train Loss: 0.04151621469725201, Val Loss: 0.4516793479036916
2024-03-08 09:28:14,575 - root - INFO -               precision    recall  f1-score   support

           0       0.97      0.98      0.98      3684
           1       0.89      0.92      0.91      3654
           2       0.91      0.95      0.93      3717
           3       0.89      0.81      0.85      3771
           4       0.89      0.94      0.91      3709
           5       0.93      0.89      0.91      3670
           6       0.88      0.89      0.89      3724
           7       0.91      0.89      0.90      3594
           8       0.87      0.89      0.88      3628

    accuracy                           0.91     33151
   macro avg       0.91      0.91      0.91     33151
weighted avg       0.91      0.91      0.91     33151

2024-03-08 09:28:14,576 - root - INFO - Epoch 14/20, Train Loss: 0.04100965566600375, Val Loss: 0.4726791136736086
2024-03-08 09:53:35,782 - root - INFO -               precision    recall  f1-score   support

           0       0.97      0.98      0.98      3684
           1       0.89      0.93      0.91      3654
           2       0.95      0.93      0.94      3717
           3       0.84      0.85      0.84      3771
           4       0.92      0.90      0.91      3709
           5       0.92      0.91      0.92      3670
           6       0.93      0.83      0.88      3724
           7       0.91      0.89      0.90      3594
           8       0.83      0.93      0.88      3628

    accuracy                           0.91     33151
   macro avg       0.91      0.91      0.91     33151
weighted avg       0.91      0.91      0.91     33151

2024-03-08 09:53:35,782 - root - INFO - Epoch 15/20, Train Loss: 0.03531456523914987, Val Loss: 0.4650014976515374
2024-03-08 10:19:03,220 - root - INFO -               precision    recall  f1-score   support

           0       0.97      0.98      0.98      3684
           1       0.92      0.91      0.92      3654
           2       0.93      0.94      0.93      3717
           3       0.87      0.83      0.85      3771
           4       0.91      0.92      0.91      3709
           5       0.90      0.93      0.92      3670
           6       0.91      0.86      0.89      3724
           7       0.88      0.92      0.90      3594
           8       0.89      0.88      0.88      3628

    accuracy                           0.91     33151
   macro avg       0.91      0.91      0.91     33151
weighted avg       0.91      0.91      0.91     33151

2024-03-08 10:19:03,221 - root - INFO - Epoch 16/20, Train Loss: 0.03465670192383293, Val Loss: 0.4713363219363266
2024-03-08 10:44:40,977 - root - INFO -               precision    recall  f1-score   support

           0       0.98      0.98      0.98      3684
           1       0.89      0.92      0.91      3654
           2       0.96      0.93      0.94      3717
           3       0.87      0.83      0.85      3771
           4       0.90      0.93      0.92      3709
           5       0.92      0.91      0.92      3670
           6       0.90      0.87      0.88      3724
           7       0.89      0.91      0.90      3594
           8       0.86      0.90      0.88      3628

    accuracy                           0.91     33151
   macro avg       0.91      0.91      0.91     33151
weighted avg       0.91      0.91      0.91     33151

2024-03-08 10:44:40,978 - root - INFO - Epoch 17/20, Train Loss: 0.03250782221174977, Val Loss: 0.4750141232305909
2024-03-08 11:10:05,758 - root - INFO -               precision    recall  f1-score   support

           0       0.98      0.98      0.98      3684
           1       0.93      0.89      0.91      3654
           2       0.93      0.95      0.94      3717
           3       0.86      0.85      0.86      3771
           4       0.92      0.93      0.92      3709
           5       0.90      0.93      0.92      3670
           6       0.90      0.87      0.88      3724
           7       0.92      0.89      0.90      3594
           8       0.86      0.91      0.88      3628

    accuracy                           0.91     33151
   macro avg       0.91      0.91      0.91     33151
weighted avg       0.91      0.91      0.91     33151

2024-03-08 11:10:05,759 - root - INFO - Epoch 18/20, Train Loss: 0.02864578048501401, Val Loss: 0.4882670958989102
2024-03-08 11:35:40,561 - root - INFO -               precision    recall  f1-score   support

           0       0.98      0.97      0.98      3684
           1       0.89      0.93      0.91      3654
           2       0.93      0.94      0.94      3717
           3       0.89      0.82      0.85      3771
           4       0.92      0.91      0.92      3709
           5       0.93      0.92      0.92      3670
           6       0.91      0.85      0.88      3724
           7       0.82      0.93      0.87      3594
           8       0.87      0.87      0.87      3628

    accuracy                           0.90     33151
   macro avg       0.91      0.90      0.90     33151
weighted avg       0.91      0.90      0.90     33151

2024-03-08 11:35:40,562 - root - INFO - Epoch 19/20, Train Loss: 0.025463752792243992, Val Loss: 0.5257786880671926
2024-03-08 12:01:05,067 - root - INFO -               precision    recall  f1-score   support

           0       0.97      0.98      0.97      3684
           1       0.89      0.93      0.91      3654
           2       0.93      0.95      0.94      3717
           3       0.86      0.85      0.85      3771
           4       0.92      0.91      0.91      3709
           5       0.91      0.93      0.92      3670
           6       0.93      0.83      0.88      3724
           7       0.89      0.89      0.89      3594
           8       0.86      0.90      0.88      3628

    accuracy                           0.91     33151
   macro avg       0.91      0.91      0.91     33151
weighted avg       0.91      0.91      0.91     33151

2024-03-08 12:01:05,067 - root - INFO - Epoch 20/20, Train Loss: 0.02784810612320294, Val Loss: 0.4971411552840144
2024-03-08 12:07:05,470 - root - INFO -               precision    recall  f1-score   support

           0       0.97      0.98      0.97      3684
           1       0.89      0.93      0.91      3654
           2       0.93      0.95      0.94      3717
           3       0.86      0.85      0.85      3771
           4       0.92      0.91      0.91      3709
           5       0.91      0.93      0.92      3670
           6       0.93      0.83      0.88      3724
           7       0.89      0.89      0.89      3594
           8       0.86      0.90      0.88      3628

    accuracy                           0.91     33151
   macro avg       0.91      0.91      0.91     33151
weighted avg       0.91      0.91      0.91     33151

