2024-02-22 05:19:52,787 - root - INFO - This is a log info
2024-02-22 06:34:45,998 - root - INFO -               precision    recall  f1-score   support

           0       0.48      0.08      0.13      3617
           1       0.16      0.15      0.15      3625
           2       0.19      0.37      0.25      3725
           3       0.28      0.26      0.27      3627
           4       0.15      0.35      0.21      3629
           5       0.14      0.17      0.15      3569
           6       0.31      0.13      0.18      3607
           7       0.53      0.41      0.46      3642
           8       0.31      0.31      0.31      3690
           9       0.35      0.43      0.38      3575
          10       0.58      0.15      0.24      3653
          11       0.38      0.29      0.33      3583

    accuracy                           0.26     43542
   macro avg       0.32      0.26      0.26     43542
weighted avg       0.32      0.26      0.26     43542

2024-02-22 06:34:45,999 - root - INFO - Epoch 1/15, Train Loss: 2.135516165410842, Val Loss: 2.1453050266403593
2024-02-22 07:49:35,503 - root - INFO -               precision    recall  f1-score   support

           0       0.45      0.12      0.19      3617
           1       0.16      0.17      0.16      3625
           2       0.20      0.36      0.25      3725
           3       0.21      0.52      0.30      3627
           4       0.17      0.22      0.19      3629
           5       0.18      0.04      0.07      3569
           6       0.37      0.11      0.17      3607
           7       0.46      0.42      0.44      3642
           8       0.33      0.30      0.31      3690
           9       0.40      0.39      0.39      3575
          10       0.61      0.13      0.21      3653
          11       0.27      0.41      0.32      3583

    accuracy                           0.27     43542
   macro avg       0.32      0.26      0.25     43542
weighted avg       0.32      0.27      0.25     43542

2024-02-22 07:49:35,504 - root - INFO - Epoch 2/15, Train Loss: 2.1216238904509797, Val Loss: 2.137693255503217
2024-02-22 09:04:32,094 - root - INFO -               precision    recall  f1-score   support

           0       0.43      0.14      0.21      3617
           1       0.17      0.08      0.11      3625
           2       0.18      0.44      0.25      3725
           3       0.21      0.53      0.30      3627
           4       0.20      0.23      0.21      3629
           5       0.19      0.09      0.12      3569
           6       0.29      0.12      0.17      3607
           7       0.42      0.44      0.43      3642
           8       0.28      0.37      0.32      3690
           9       0.48      0.32      0.38      3575
          10       0.58      0.15      0.24      3653
          11       0.35      0.27      0.30      3583

    accuracy                           0.27     43542
   macro avg       0.32      0.27      0.26     43542
weighted avg       0.31      0.27      0.26     43542

2024-02-22 09:04:32,094 - root - INFO - Epoch 3/15, Train Loss: 2.105981407898199, Val Loss: 2.1344318514407723
2024-02-22 10:11:39,836 - root - INFO -               precision    recall  f1-score   support

           0       0.45      0.12      0.19      3617
           1       0.18      0.10      0.13      3625
           2       0.18      0.40      0.25      3725
           3       0.22      0.47      0.30      3627
           4       0.20      0.19      0.20      3629
           5       0.17      0.10      0.13      3569
           6       0.26      0.18      0.21      3607
           7       0.62      0.40      0.48      3642
           8       0.29      0.34      0.31      3690
           9       0.32      0.47      0.38      3575
          10       0.59      0.14      0.23      3653
          11       0.31      0.35      0.33      3583

    accuracy                           0.27     43542
   macro avg       0.32      0.27      0.26     43542
weighted avg       0.32      0.27      0.26     43542

2024-02-22 10:11:39,836 - root - INFO - Epoch 4/15, Train Loss: 2.094360211784353, Val Loss: 2.127206636391774
2024-02-22 11:07:43,126 - root - INFO -               precision    recall  f1-score   support

           0       0.43      0.10      0.17      3617
           1       0.21      0.06      0.09      3625
           2       0.18      0.46      0.26      3725
           3       0.22      0.44      0.30      3627
           4       0.21      0.26      0.23      3629
           5       0.27      0.03      0.05      3569
           6       0.22      0.31      0.26      3607
           7       0.53      0.43      0.47      3642
           8       0.35      0.26      0.30      3690
           9       0.42      0.37      0.39      3575
          10       0.57      0.16      0.25      3653
          11       0.28      0.41      0.34      3583

    accuracy                           0.28     43542
   macro avg       0.32      0.27      0.26     43542
weighted avg       0.32      0.28      0.26     43542

2024-02-22 11:07:43,127 - root - INFO - Epoch 5/15, Train Loss: 2.0811159841960265, Val Loss: 2.1198676371901843
2024-02-22 11:56:09,336 - root - INFO -               precision    recall  f1-score   support

           0       0.54      0.09      0.15      3617
           1       0.18      0.13      0.15      3625
           2       0.19      0.36      0.25      3725
           3       0.27      0.29      0.28      3627
           4       0.19      0.28      0.23      3629
           5       0.15      0.26      0.19      3569
           6       0.26      0.20      0.23      3607
           7       0.48      0.48      0.48      3642
           8       0.35      0.29      0.32      3690
           9       0.39      0.41      0.40      3575
          10       0.56      0.16      0.25      3653
          11       0.31      0.32      0.32      3583

    accuracy                           0.27     43542
   macro avg       0.32      0.27      0.27     43542
weighted avg       0.32      0.27      0.27     43542

2024-02-22 11:56:09,336 - root - INFO - Epoch 6/15, Train Loss: 2.0692737001165633, Val Loss: 2.123143704318304
2024-02-22 12:44:45,242 - root - INFO -               precision    recall  f1-score   support

           0       0.41      0.15      0.22      3617
           1       0.20      0.09      0.12      3625
           2       0.18      0.52      0.26      3725
           3       0.22      0.48      0.30      3627
           4       0.24      0.16      0.19      3629
           5       0.18      0.06      0.09      3569
           6       0.25      0.21      0.23      3607
           7       0.58      0.39      0.47      3642
           8       0.30      0.37      0.33      3690
           9       0.43      0.37      0.40      3575
          10       0.60      0.15      0.25      3653
          11       0.32      0.36      0.34      3583

    accuracy                           0.28     43542
   macro avg       0.33      0.28      0.27     43542
weighted avg       0.33      0.28      0.27     43542

2024-02-22 12:44:45,243 - root - INFO - Epoch 7/15, Train Loss: 2.057800883910518, Val Loss: 2.1176991139756627
2024-02-22 13:33:03,270 - root - INFO -               precision    recall  f1-score   support

           0       0.41      0.13      0.19      3617
           1       0.19      0.13      0.16      3625
           2       0.21      0.35      0.26      3725
           3       0.22      0.45      0.30      3627
           4       0.23      0.23      0.23      3629
           5       0.15      0.20      0.17      3569
           6       0.24      0.25      0.24      3607
           7       0.49      0.47      0.48      3642
           8       0.35      0.30      0.32      3690
           9       0.44      0.33      0.37      3575
          10       0.56      0.16      0.25      3653
          11       0.31      0.34      0.32      3583

    accuracy                           0.28     43542
   macro avg       0.32      0.28      0.28     43542
weighted avg       0.32      0.28      0.28     43542

2024-02-22 13:33:03,271 - root - INFO - Epoch 8/15, Train Loss: 2.046301112442233, Val Loss: 2.115570838579186
2024-02-22 14:21:05,054 - root - INFO -               precision    recall  f1-score   support

           0       0.46      0.13      0.21      3617
           1       0.22      0.08      0.11      3625
           2       0.20      0.39      0.27      3725
           3       0.21      0.50      0.30      3627
           4       0.23      0.25      0.24      3629
           5       0.16      0.15      0.16      3569
           6       0.25      0.22      0.23      3607
           7       0.56      0.41      0.47      3642
           8       0.35      0.30      0.32      3690
           9       0.39      0.41      0.40      3575
          10       0.58      0.14      0.23      3653
          11       0.30      0.37      0.33      3583

    accuracy                           0.28     43542
   macro avg       0.33      0.28      0.27     43542
weighted avg       0.33      0.28      0.27     43542

2024-02-22 14:21:05,055 - root - INFO - Epoch 9/15, Train Loss: 2.0344189313106633, Val Loss: 2.1157586763353136
2024-02-22 15:08:58,441 - root - INFO -               precision    recall  f1-score   support

           0       0.48      0.09      0.16      3617
           1       0.20      0.14      0.17      3625
           2       0.21      0.32      0.25      3725
           3       0.22      0.48      0.31      3627
           4       0.27      0.15      0.20      3629
           5       0.16      0.22      0.18      3569
           6       0.26      0.24      0.25      3607
           7       0.51      0.46      0.48      3642
           8       0.34      0.31      0.32      3690
           9       0.37      0.43      0.40      3575
          10       0.58      0.16      0.25      3653
          11       0.28      0.37      0.32      3583

    accuracy                           0.28     43542
   macro avg       0.32      0.28      0.27     43542
weighted avg       0.32      0.28      0.27     43542

2024-02-22 15:08:58,441 - root - INFO - Epoch 10/15, Train Loss: 2.0223238305270823, Val Loss: 2.120171207415976
2024-02-22 15:56:53,818 - root - INFO -               precision    recall  f1-score   support

           0       0.44      0.13      0.20      3617
           1       0.19      0.11      0.14      3625
           2       0.23      0.26      0.25      3725
           3       0.22      0.47      0.30      3627
           4       0.26      0.19      0.22      3629
           5       0.15      0.29      0.20      3569
           6       0.25      0.28      0.26      3607
           7       0.54      0.42      0.48      3642
           8       0.33      0.33      0.33      3690
           9       0.48      0.32      0.39      3575
          10       0.59      0.15      0.24      3653
          11       0.28      0.39      0.33      3583

    accuracy                           0.28     43542
   macro avg       0.33      0.28      0.28     43542
weighted avg       0.33      0.28      0.28     43542

2024-02-22 15:56:53,819 - root - INFO - Epoch 11/15, Train Loss: 2.009588608963964, Val Loss: 2.1157528290405385
2024-02-22 16:44:47,749 - root - INFO -               precision    recall  f1-score   support

           0       0.45      0.14      0.22      3617
           1       0.20      0.14      0.16      3625
           2       0.22      0.30      0.26      3725
           3       0.22      0.51      0.31      3627
           4       0.23      0.26      0.24      3629
           5       0.16      0.26      0.20      3569
           6       0.27      0.23      0.25      3607
           7       0.56      0.39      0.46      3642
           8       0.33      0.31      0.32      3690
           9       0.42      0.36      0.39      3575
          10       0.55      0.16      0.25      3653
          11       0.35      0.31      0.33      3583

    accuracy                           0.28     43542
   macro avg       0.33      0.28      0.28     43542
weighted avg       0.33      0.28      0.28     43542

2024-02-22 16:44:47,750 - root - INFO - Epoch 12/15, Train Loss: 1.9946466808955676, Val Loss: 2.1163862284989357
2024-02-22 17:32:52,174 - root - INFO -               precision    recall  f1-score   support

           0       0.48      0.12      0.19      3617
           1       0.20      0.12      0.15      3625
           2       0.22      0.33      0.26      3725
           3       0.22      0.47      0.30      3627
           4       0.26      0.18      0.21      3629
           5       0.16      0.27      0.20      3569
           6       0.28      0.24      0.26      3607
           7       0.55      0.43      0.48      3642
           8       0.33      0.32      0.32      3690
           9       0.39      0.40      0.40      3575
          10       0.58      0.15      0.24      3653
          11       0.30      0.35      0.32      3583

    accuracy                           0.28     43542
   macro avg       0.33      0.28      0.28     43542
weighted avg       0.33      0.28      0.28     43542

2024-02-22 17:32:52,174 - root - INFO - Epoch 13/15, Train Loss: 1.9818431838633732, Val Loss: 2.1360284522559767
2024-02-22 18:21:39,286 - root - INFO -               precision    recall  f1-score   support

           0       0.42      0.15      0.22      3617
           1       0.18      0.20      0.19      3625
           2       0.21      0.33      0.26      3725
           3       0.22      0.48      0.30      3627
           4       0.22      0.27      0.24      3629
           5       0.17      0.17      0.17      3569
           6       0.34      0.17      0.23      3607
           7       0.56      0.39      0.46      3642
           8       0.32      0.31      0.32      3690
           9       0.44      0.36      0.39      3575
          10       0.58      0.15      0.23      3653
          11       0.31      0.38      0.34      3583

    accuracy                           0.28     43542
   macro avg       0.33      0.28      0.28     43542
weighted avg       0.33      0.28      0.28     43542

2024-02-22 18:21:39,286 - root - INFO - Epoch 14/15, Train Loss: 1.9643474613088805, Val Loss: 2.1326582424236884
2024-02-22 19:10:37,702 - root - INFO -               precision    recall  f1-score   support

           0       0.48      0.12      0.20      3617
           1       0.19      0.13      0.16      3625
           2       0.20      0.37      0.26      3725
           3       0.21      0.52      0.29      3627
           4       0.23      0.22      0.22      3629
           5       0.20      0.07      0.11      3569
           6       0.26      0.25      0.25      3607
           7       0.50      0.44      0.46      3642
           8       0.35      0.27      0.30      3690
           9       0.44      0.36      0.39      3575
          10       0.51      0.16      0.25      3653
          11       0.27      0.42      0.33      3583

    accuracy                           0.28     43542
   macro avg       0.32      0.28      0.27     43542
weighted avg       0.32      0.28      0.27     43542

2024-02-22 19:10:37,703 - root - INFO - Epoch 15/15, Train Loss: 1.9489800751359396, Val Loss: 2.13883789759303
2024-02-22 19:17:41,213 - root - INFO -               precision    recall  f1-score   support

           0       0.48      0.12      0.20      3617
           1       0.19      0.13      0.16      3625
           2       0.20      0.37      0.26      3725
           3       0.21      0.52      0.29      3627
           4       0.23      0.22      0.22      3629
           5       0.20      0.07      0.11      3569
           6       0.26      0.25      0.25      3607
           7       0.50      0.44      0.46      3642
           8       0.35      0.27      0.30      3690
           9       0.44      0.36      0.39      3575
          10       0.51      0.16      0.25      3653
          11       0.27      0.42      0.33      3583

    accuracy                           0.28     43542
   macro avg       0.32      0.28      0.27     43542
weighted avg       0.32      0.28      0.27     43542

