2024-02-21 16:35:15,621 - root - INFO - This is a log info
2024-02-21 17:50:34,254 - root - INFO -               precision    recall  f1-score   support

           0       0.49      0.50      0.49      3617
           1       0.54      0.51      0.52      3625
           2       0.77      0.80      0.79      3725
           3       0.88      0.89      0.88      3627
           4       0.78      0.80      0.79      3629
           5       0.89      0.88      0.89      3569
           6       0.75      0.73      0.74      3607
           7       0.86      0.83      0.84      3642
           8       0.47      0.47      0.47      3690
           9       0.83      0.88      0.86      3575
          10       0.87      0.85      0.86      3653
          11       0.83      0.78      0.80      3583

    accuracy                           0.74     43542
   macro avg       0.75      0.74      0.74     43542
weighted avg       0.74      0.74      0.74     43542

2024-02-21 17:50:34,255 - root - INFO - Epoch 1/15, Train Loss: 0.2203021972564516, Val Loss: 0.996626556168787
2024-02-21 19:05:44,592 - root - INFO -               precision    recall  f1-score   support

           0       0.62      0.43      0.51      3617
           1       0.53      0.59      0.56      3625
           2       0.76      0.82      0.79      3725
           3       0.87      0.87      0.87      3627
           4       0.77      0.82      0.80      3629
           5       0.87      0.90      0.88      3569
           6       0.78      0.70      0.74      3607
           7       0.82      0.87      0.84      3642
           8       0.48      0.44      0.46      3690
           9       0.84      0.88      0.86      3575
          10       0.83      0.89      0.86      3653
          11       0.82      0.83      0.83      3583

    accuracy                           0.75     43542
   macro avg       0.75      0.75      0.75     43542
weighted avg       0.75      0.75      0.75     43542

2024-02-21 19:05:44,592 - root - INFO - Epoch 2/15, Train Loss: 0.18868728273874266, Val Loss: 1.0653971943965455
2024-02-21 20:21:00,674 - root - INFO -               precision    recall  f1-score   support

           0       0.56      0.46      0.51      3617
           1       0.51      0.58      0.54      3625
           2       0.79      0.78      0.78      3725
           3       0.87      0.90      0.88      3627
           4       0.79      0.81      0.80      3629
           5       0.88      0.89      0.88      3569
           6       0.70      0.77      0.74      3607
           7       0.84      0.86      0.85      3642
           8       0.49      0.43      0.46      3690
           9       0.83      0.89      0.86      3575
          10       0.86      0.86      0.86      3653
          11       0.84      0.78      0.81      3583

    accuracy                           0.75     43542
   macro avg       0.75      0.75      0.75     43542
weighted avg       0.75      0.75      0.75     43542

2024-02-21 20:21:00,675 - root - INFO - Epoch 3/15, Train Loss: 0.16204188874821818, Val Loss: 1.0948097156638374
2024-02-21 21:36:13,557 - root - INFO -               precision    recall  f1-score   support

           0       0.64      0.42      0.51      3617
           1       0.53      0.57      0.55      3625
           2       0.78      0.80      0.79      3725
           3       0.87      0.87      0.87      3627
           4       0.78      0.82      0.80      3629
           5       0.88      0.90      0.89      3569
           6       0.75      0.74      0.75      3607
           7       0.85      0.85      0.85      3642
           8       0.50      0.43      0.46      3690
           9       0.82      0.91      0.86      3575
          10       0.83      0.89      0.86      3653
          11       0.78      0.87      0.82      3583

    accuracy                           0.76     43542
   macro avg       0.75      0.76      0.75     43542
weighted avg       0.75      0.76      0.75     43542

2024-02-21 21:36:13,558 - root - INFO - Epoch 4/15, Train Loss: 0.1430434832790449, Val Loss: 1.1455752621629625
2024-02-21 22:50:52,866 - root - INFO -               precision    recall  f1-score   support

           0       0.57      0.44      0.50      3617
           1       0.54      0.54      0.54      3625
           2       0.78      0.80      0.79      3725
           3       0.86      0.89      0.88      3627
           4       0.80      0.78      0.79      3629
           5       0.89      0.88      0.89      3569
           6       0.71      0.77      0.74      3607
           7       0.84      0.86      0.85      3642
           8       0.47      0.45      0.46      3690
           9       0.85      0.87      0.86      3575
          10       0.84      0.88      0.86      3653
          11       0.79      0.84      0.82      3583

    accuracy                           0.75     43542
   macro avg       0.75      0.75      0.75     43542
weighted avg       0.74      0.75      0.75     43542

2024-02-21 22:50:52,867 - root - INFO - Epoch 5/15, Train Loss: 0.1279793539159563, Val Loss: 1.1808126916357966
2024-02-22 00:05:41,791 - root - INFO -               precision    recall  f1-score   support

           0       0.64      0.42      0.51      3617
           1       0.52      0.58      0.55      3625
           2       0.75      0.85      0.80      3725
           3       0.86      0.92      0.89      3627
           4       0.80      0.78      0.79      3629
           5       0.88      0.90      0.89      3569
           6       0.68      0.79      0.73      3607
           7       0.84      0.86      0.85      3642
           8       0.54      0.38      0.44      3690
           9       0.80      0.92      0.85      3575
          10       0.84      0.86      0.85      3653
          11       0.84      0.80      0.82      3583

    accuracy                           0.75     43542
   macro avg       0.75      0.76      0.75     43542
weighted avg       0.75      0.75      0.75     43542

2024-02-22 00:05:41,791 - root - INFO - Epoch 6/15, Train Loss: 0.11534175123862209, Val Loss: 1.2365493513282695
2024-02-22 01:20:38,136 - root - INFO -               precision    recall  f1-score   support

           0       0.52      0.48      0.50      3617
           1       0.55      0.54      0.54      3625
           2       0.78      0.81      0.79      3725
           3       0.87      0.89      0.88      3627
           4       0.77      0.82      0.79      3629
           5       0.86      0.91      0.89      3569
           6       0.74      0.73      0.74      3607
           7       0.86      0.82      0.84      3642
           8       0.50      0.41      0.45      3690
           9       0.84      0.87      0.86      3575
          10       0.84      0.88      0.86      3653
          11       0.80      0.85      0.83      3583

    accuracy                           0.75     43542
   macro avg       0.74      0.75      0.75     43542
weighted avg       0.74      0.75      0.75     43542

2024-02-22 01:20:38,136 - root - INFO - Epoch 7/15, Train Loss: 0.10628975761094851, Val Loss: 1.2595996676377943
2024-02-22 02:31:40,201 - root - INFO -               precision    recall  f1-score   support

           0       0.60      0.44      0.51      3617
           1       0.59      0.48      0.53      3625
           2       0.77      0.80      0.79      3725
           3       0.84      0.93      0.88      3627
           4       0.79      0.83      0.81      3629
           5       0.87      0.91      0.89      3569
           6       0.67      0.77      0.72      3607
           7       0.84      0.87      0.85      3642
           8       0.50      0.42      0.46      3690
           9       0.86      0.86      0.86      3575
          10       0.83      0.89      0.86      3653
          11       0.78      0.86      0.82      3583

    accuracy                           0.76     43542
   macro avg       0.75      0.76      0.75     43542
weighted avg       0.74      0.76      0.75     43542

2024-02-22 02:31:40,201 - root - INFO - Epoch 8/15, Train Loss: 0.097491302985671, Val Loss: 1.3294290202611578
2024-02-22 03:23:31,893 - root - INFO -               precision    recall  f1-score   support

           0       0.67      0.42      0.52      3617
           1       0.51      0.61      0.55      3625
           2       0.76      0.83      0.79      3725
           3       0.87      0.89      0.88      3627
           4       0.79      0.78      0.79      3629
           5       0.89      0.91      0.90      3569
           6       0.74      0.74      0.74      3607
           7       0.84      0.86      0.85      3642
           8       0.51      0.41      0.45      3690
           9       0.83      0.90      0.86      3575
          10       0.83      0.89      0.86      3653
          11       0.79      0.85      0.82      3583

    accuracy                           0.76     43542
   macro avg       0.75      0.76      0.75     43542
weighted avg       0.75      0.76      0.75     43542

2024-02-22 03:23:31,893 - root - INFO - Epoch 9/15, Train Loss: 0.08805064135553639, Val Loss: 1.3603075494074557
2024-02-22 04:07:19,522 - root - INFO -               precision    recall  f1-score   support

           0       0.62      0.44      0.51      3617
           1       0.49      0.59      0.54      3625
           2       0.76      0.83      0.80      3725
           3       0.85      0.93      0.89      3627
           4       0.80      0.78      0.79      3629
           5       0.89      0.89      0.89      3569
           6       0.70      0.76      0.73      3607
           7       0.84      0.85      0.85      3642
           8       0.53      0.39      0.45      3690
           9       0.82      0.90      0.86      3575
          10       0.86      0.87      0.86      3653
          11       0.82      0.82      0.82      3583

    accuracy                           0.75     43542
   macro avg       0.75      0.76      0.75     43542
weighted avg       0.75      0.75      0.75     43542

2024-02-22 04:07:19,523 - root - INFO - Epoch 10/15, Train Loss: 0.08707724340416617, Val Loss: 1.3416124986389937
2024-02-22 04:51:33,530 - root - INFO -               precision    recall  f1-score   support

           0       0.49      0.50      0.50      3617
           1       0.51      0.56      0.53      3625
           2       0.75      0.82      0.78      3725
           3       0.88      0.87      0.87      3627
           4       0.79      0.76      0.78      3629
           5       0.88      0.91      0.89      3569
           6       0.71      0.76      0.73      3607
           7       0.86      0.82      0.84      3642
           8       0.55      0.38      0.45      3690
           9       0.85      0.86      0.86      3575
          10       0.85      0.89      0.87      3653
          11       0.82      0.84      0.83      3583

    accuracy                           0.75     43542
   macro avg       0.74      0.75      0.74     43542
weighted avg       0.74      0.75      0.74     43542

2024-02-22 04:51:33,530 - root - INFO - Epoch 11/15, Train Loss: 0.07976085517170747, Val Loss: 1.3793272305507378
2024-02-22 05:36:51,780 - root - INFO -               precision    recall  f1-score   support

           0       0.54      0.47      0.51      3617
           1       0.58      0.45      0.51      3625
           2       0.78      0.78      0.78      3725
           3       0.88      0.85      0.87      3627
           4       0.78      0.84      0.81      3629
           5       0.87      0.91      0.89      3569
           6       0.73      0.76      0.75      3607
           7       0.83      0.88      0.85      3642
           8       0.48      0.46      0.47      3690
           9       0.82      0.91      0.86      3575
          10       0.87      0.86      0.86      3653
          11       0.79      0.86      0.82      3583

    accuracy                           0.75     43542
   macro avg       0.74      0.75      0.75     43542
weighted avg       0.74      0.75      0.75     43542

2024-02-22 05:36:51,781 - root - INFO - Epoch 12/15, Train Loss: 0.0780649079272045, Val Loss: 1.3697204554361861
2024-02-22 06:54:54,128 - root - INFO -               precision    recall  f1-score   support

           0       0.59      0.44      0.51      3617
           1       0.51      0.56      0.53      3625
           2       0.78      0.81      0.79      3725
           3       0.87      0.90      0.88      3627
           4       0.79      0.75      0.77      3629
           5       0.88      0.90      0.89      3569
           6       0.75      0.71      0.73      3607
           7       0.85      0.83      0.84      3642
           8       0.46      0.45      0.46      3690
           9       0.84      0.88      0.86      3575
          10       0.85      0.88      0.87      3653
          11       0.79      0.87      0.83      3583

    accuracy                           0.75     43542
   macro avg       0.75      0.75      0.75     43542
weighted avg       0.75      0.75      0.75     43542

2024-02-22 06:54:54,128 - root - INFO - Epoch 13/15, Train Loss: 0.07148835818023451, Val Loss: 1.3808087158540423
2024-02-22 08:13:01,039 - root - INFO -               precision    recall  f1-score   support

           0       0.58      0.47      0.52      3617
           1       0.54      0.56      0.55      3625
           2       0.76      0.85      0.80      3725
           3       0.88      0.88      0.88      3627
           4       0.77      0.84      0.80      3629
           5       0.88      0.90      0.89      3569
           6       0.74      0.75      0.74      3607
           7       0.87      0.81      0.84      3642
           8       0.54      0.38      0.45      3690
           9       0.82      0.91      0.86      3575
          10       0.85      0.88      0.87      3653
          11       0.77      0.89      0.83      3583

    accuracy                           0.76     43542
   macro avg       0.75      0.76      0.75     43542
weighted avg       0.75      0.76      0.75     43542

2024-02-22 08:13:01,039 - root - INFO - Epoch 14/15, Train Loss: 0.06911968129835976, Val Loss: 1.3981873930406792
2024-02-22 09:30:57,293 - root - INFO -               precision    recall  f1-score   support

           0       0.66      0.44      0.53      3617
           1       0.49      0.59      0.54      3625
           2       0.79      0.81      0.80      3725
           3       0.86      0.92      0.89      3627
           4       0.80      0.74      0.77      3629
           5       0.89      0.88      0.89      3569
           6       0.73      0.75      0.74      3607
           7       0.85      0.85      0.85      3642
           8       0.48      0.44      0.46      3690
           9       0.85      0.87      0.86      3575
          10       0.85      0.88      0.86      3653
          11       0.79      0.87      0.83      3583

    accuracy                           0.75     43542
   macro avg       0.75      0.75      0.75     43542
weighted avg       0.75      0.75      0.75     43542

2024-02-22 09:30:57,293 - root - INFO - Epoch 15/15, Train Loss: 0.06793576789789972, Val Loss: 1.4025890173830353
2024-02-22 09:43:38,527 - root - INFO -               precision    recall  f1-score   support

           0       0.66      0.44      0.53      3617
           1       0.49      0.59      0.54      3625
           2       0.79      0.81      0.80      3725
           3       0.86      0.92      0.89      3627
           4       0.80      0.74      0.77      3629
           5       0.89      0.88      0.89      3569
           6       0.73      0.75      0.74      3607
           7       0.85      0.85      0.85      3642
           8       0.48      0.44      0.46      3690
           9       0.85      0.87      0.86      3575
          10       0.85      0.88      0.86      3653
          11       0.79      0.87      0.83      3583

    accuracy                           0.75     43542
   macro avg       0.75      0.75      0.75     43542
weighted avg       0.75      0.75      0.75     43542

