2024-03-07 16:35:51,894 - root - INFO - This is a log info
2024-03-07 16:54:26,865 - root - INFO -               precision    recall  f1-score   support

           0       0.87      0.93      0.90      1975
           1       0.83      0.83      0.83      1941
           2       0.76      0.84      0.80      1905
           3       0.77      0.58      0.66      1873
           4       0.81      0.86      0.84      1985
           5       0.82      0.85      0.83      1941
           6       0.67      0.72      0.69      1892
           7       0.69      0.65      0.67      1930
           8       0.54      0.51      0.52      1922

    accuracy                           0.75     17364
   macro avg       0.75      0.75      0.75     17364
weighted avg       0.75      0.75      0.75     17364

2024-03-07 16:54:26,865 - root - INFO - Epoch 1/20, Train Loss: 1.4540960181868792, Val Loss: 0.7876945722078403
2024-03-07 17:12:49,696 - root - INFO -               precision    recall  f1-score   support

           0       0.93      0.93      0.93      1975
           1       0.78      0.91      0.84      1941
           2       0.94      0.82      0.87      1905
           3       0.78      0.72      0.75      1873
           4       0.83      0.88      0.85      1985
           5       0.87      0.85      0.86      1941
           6       0.87      0.70      0.78      1892
           7       0.76      0.77      0.77      1930
           8       0.58      0.67      0.62      1922

    accuracy                           0.81     17364
   macro avg       0.81      0.81      0.81     17364
weighted avg       0.82      0.81      0.81     17364

2024-03-07 17:12:49,696 - root - INFO - Epoch 2/20, Train Loss: 0.7155359250137858, Val Loss: 0.6322952727243335
2024-03-07 17:31:13,845 - root - INFO -               precision    recall  f1-score   support

           0       0.88      0.96      0.92      1975
           1       0.81      0.92      0.86      1941
           2       0.80      0.90      0.85      1905
           3       0.84      0.71      0.77      1873
           4       0.89      0.84      0.87      1985
           5       0.88      0.86      0.87      1941
           6       0.87      0.77      0.81      1892
           7       0.78      0.82      0.80      1930
           8       0.69      0.64      0.66      1922

    accuracy                           0.83     17364
   macro avg       0.83      0.82      0.82     17364
weighted avg       0.83      0.83      0.82     17364

2024-03-07 17:31:13,846 - root - INFO - Epoch 3/20, Train Loss: 0.5739058096443629, Val Loss: 0.5886346412622223
2024-03-07 17:49:36,048 - root - INFO -               precision    recall  f1-score   support

           0       0.94      0.95      0.95      1975
           1       0.87      0.88      0.88      1941
           2       0.82      0.90      0.86      1905
           3       0.83      0.74      0.79      1873
           4       0.89      0.88      0.88      1985
           5       0.88      0.86      0.87      1941
           6       0.84      0.80      0.82      1892
           7       0.75      0.86      0.80      1930
           8       0.71      0.66      0.69      1922

    accuracy                           0.84     17364
   macro avg       0.84      0.84      0.84     17364
weighted avg       0.84      0.84      0.84     17364

2024-03-07 17:49:36,048 - root - INFO - Epoch 4/20, Train Loss: 0.49238459596686557, Val Loss: 0.5423544504570538
2024-03-07 18:07:56,714 - root - INFO -               precision    recall  f1-score   support

           0       0.93      0.96      0.95      1975
           1       0.88      0.89      0.88      1941
           2       0.89      0.89      0.89      1905
           3       0.84      0.72      0.77      1873
           4       0.89      0.88      0.88      1985
           5       0.88      0.87      0.88      1941
           6       0.76      0.86      0.81      1892
           7       0.84      0.78      0.81      1930
           8       0.68      0.72      0.70      1922

    accuracy                           0.84     17364
   macro avg       0.84      0.84      0.84     17364
weighted avg       0.84      0.84      0.84     17364

2024-03-07 18:07:56,714 - root - INFO - Epoch 5/20, Train Loss: 0.42771132991940064, Val Loss: 0.5395693484744397
2024-03-07 18:26:15,256 - root - INFO -               precision    recall  f1-score   support

           0       0.93      0.96      0.95      1975
           1       0.91      0.85      0.88      1941
           2       0.92      0.87      0.90      1905
           3       0.80      0.78      0.79      1873
           4       0.90      0.88      0.89      1985
           5       0.87      0.88      0.87      1941
           6       0.82      0.83      0.82      1892
           7       0.78      0.84      0.81      1930
           8       0.69      0.73      0.71      1922

    accuracy                           0.85     17364
   macro avg       0.85      0.84      0.84     17364
weighted avg       0.85      0.85      0.85     17364

2024-03-07 18:26:15,256 - root - INFO - Epoch 6/20, Train Loss: 0.3721173629811039, Val Loss: 0.5357376903576995
2024-03-07 18:44:41,150 - root - INFO -               precision    recall  f1-score   support

           0       0.95      0.95      0.95      1975
           1       0.83      0.92      0.87      1941
           2       0.85      0.90      0.88      1905
           3       0.77      0.79      0.78      1873
           4       0.90      0.88      0.89      1985
           5       0.86      0.88      0.87      1941
           6       0.87      0.78      0.82      1892
           7       0.78      0.83      0.81      1930
           8       0.75      0.64      0.69      1922

    accuracy                           0.84     17364
   macro avg       0.84      0.84      0.84     17364
weighted avg       0.84      0.84      0.84     17364

2024-03-07 18:44:41,151 - root - INFO - Epoch 7/20, Train Loss: 0.3292669306335859, Val Loss: 0.5692621881553749
2024-03-07 19:03:00,235 - root - INFO -               precision    recall  f1-score   support

           0       0.96      0.94      0.95      1975
           1       0.88      0.88      0.88      1941
           2       0.90      0.87      0.88      1905
           3       0.81      0.77      0.79      1873
           4       0.89      0.89      0.89      1985
           5       0.89      0.86      0.87      1941
           6       0.74      0.87      0.80      1892
           7       0.82      0.79      0.80      1930
           8       0.72      0.71      0.71      1922

    accuracy                           0.84     17364
   macro avg       0.84      0.84      0.84     17364
weighted avg       0.85      0.84      0.84     17364

2024-03-07 19:03:00,236 - root - INFO - Epoch 8/20, Train Loss: 0.28504560967725157, Val Loss: 0.5701097157028407
2024-03-07 19:21:27,159 - root - INFO -               precision    recall  f1-score   support

           0       0.96      0.95      0.95      1975
           1       0.91      0.87      0.89      1941
           2       0.84      0.90      0.87      1905
           3       0.87      0.71      0.78      1873
           4       0.86      0.89      0.88      1985
           5       0.87      0.88      0.87      1941
           6       0.81      0.84      0.83      1892
           7       0.76      0.85      0.80      1930
           8       0.73      0.69      0.70      1922

    accuracy                           0.84     17364
   macro avg       0.84      0.84      0.84     17364
weighted avg       0.84      0.84      0.84     17364

2024-03-07 19:21:27,159 - root - INFO - Epoch 9/20, Train Loss: 0.2540078701727586, Val Loss: 0.585089376749352
2024-03-07 19:39:45,368 - root - INFO -               precision    recall  f1-score   support

           0       0.90      0.97      0.93      1975
           1       0.85      0.90      0.87      1941
           2       0.85      0.90      0.87      1905
           3       0.88      0.71      0.78      1873
           4       0.89      0.88      0.88      1985
           5       0.84      0.89      0.86      1941
           6       0.83      0.83      0.83      1892
           7       0.83      0.77      0.80      1930
           8       0.69      0.70      0.69      1922

    accuracy                           0.84     17364
   macro avg       0.84      0.84      0.84     17364
weighted avg       0.84      0.84      0.84     17364

2024-03-07 19:39:45,368 - root - INFO - Epoch 10/20, Train Loss: 0.21210572820991183, Val Loss: 0.6332941310481525
2024-03-07 19:58:02,963 - root - INFO -               precision    recall  f1-score   support

           0       0.96      0.94      0.95      1975
           1       0.87      0.89      0.88      1941
           2       0.84      0.90      0.87      1905
           3       0.79      0.78      0.79      1873
           4       0.89      0.89      0.89      1985
           5       0.88      0.86      0.87      1941
           6       0.87      0.80      0.83      1892
           7       0.85      0.75      0.80      1930
           8       0.66      0.77      0.71      1922

    accuracy                           0.84     17364
   macro avg       0.85      0.84      0.84     17364
weighted avg       0.85      0.84      0.84     17364

2024-03-07 19:58:02,964 - root - INFO - Epoch 11/20, Train Loss: 0.18666036298633656, Val Loss: 0.6566911012833636
2024-03-07 20:16:22,324 - root - INFO -               precision    recall  f1-score   support

           0       0.97      0.93      0.95      1975
           1       0.86      0.88      0.87      1941
           2       0.86      0.90      0.88      1905
           3       0.71      0.82      0.76      1873
           4       0.86      0.89      0.88      1985
           5       0.87      0.86      0.87      1941
           6       0.86      0.77      0.81      1892
           7       0.73      0.87      0.80      1930
           8       0.79      0.58      0.67      1922

    accuracy                           0.83     17364
   macro avg       0.84      0.83      0.83     17364
weighted avg       0.84      0.83      0.83     17364

2024-03-07 20:16:22,324 - root - INFO - Epoch 12/20, Train Loss: 0.15451390799340625, Val Loss: 0.6832735716294265
2024-03-07 20:34:40,270 - root - INFO -               precision    recall  f1-score   support

           0       0.94      0.96      0.95      1975
           1       0.86      0.90      0.88      1941
           2       0.84      0.90      0.87      1905
           3       0.79      0.79      0.79      1873
           4       0.91      0.86      0.88      1985
           5       0.86      0.88      0.87      1941
           6       0.82      0.82      0.82      1892
           7       0.86      0.75      0.80      1930
           8       0.71      0.72      0.71      1922

    accuracy                           0.84     17364
   macro avg       0.84      0.84      0.84     17364
weighted avg       0.84      0.84      0.84     17364

2024-03-07 20:34:40,270 - root - INFO - Epoch 13/20, Train Loss: 0.1296977643334903, Val Loss: 0.6898286667075527
2024-03-07 20:52:56,527 - root - INFO -               precision    recall  f1-score   support

           0       0.97      0.94      0.95      1975
           1       0.88      0.87      0.87      1941
           2       0.86      0.90      0.88      1905
           3       0.82      0.76      0.79      1873
           4       0.89      0.86      0.88      1985
           5       0.89      0.84      0.86      1941
           6       0.77      0.85      0.81      1892
           7       0.81      0.82      0.81      1930
           8       0.69      0.73      0.71      1922

    accuracy                           0.84     17364
   macro avg       0.84      0.84      0.84     17364
weighted avg       0.84      0.84      0.84     17364

2024-03-07 20:52:56,527 - root - INFO - Epoch 14/20, Train Loss: 0.11673630552795314, Val Loss: 0.7245646252922681
2024-03-07 21:11:10,911 - root - INFO -               precision    recall  f1-score   support

           0       0.96      0.94      0.95      1975
           1       0.86      0.89      0.87      1941
           2       0.87      0.89      0.88      1905
           3       0.76      0.80      0.78      1873
           4       0.87      0.89      0.88      1985
           5       0.87      0.86      0.87      1941
           6       0.83      0.82      0.82      1892
           7       0.84      0.77      0.80      1930
           8       0.71      0.70      0.71      1922

    accuracy                           0.84     17364
   macro avg       0.84      0.84      0.84     17364
weighted avg       0.84      0.84      0.84     17364

2024-03-07 21:11:10,911 - root - INFO - Epoch 15/20, Train Loss: 0.09891255191866638, Val Loss: 0.747399130557655
2024-03-07 21:29:26,019 - root - INFO -               precision    recall  f1-score   support

           0       0.95      0.95      0.95      1975
           1       0.86      0.90      0.88      1941
           2       0.85      0.90      0.87      1905
           3       0.80      0.78      0.79      1873
           4       0.90      0.87      0.89      1985
           5       0.84      0.88      0.86      1941
           6       0.78      0.84      0.81      1892
           7       0.81      0.81      0.81      1930
           8       0.75      0.63      0.69      1922

    accuracy                           0.84     17364
   macro avg       0.84      0.84      0.84     17364
weighted avg       0.84      0.84      0.84     17364

2024-03-07 21:29:26,019 - root - INFO - Epoch 16/20, Train Loss: 0.091202740310706, Val Loss: 0.7613884374804828
2024-03-07 21:47:38,446 - root - INFO -               precision    recall  f1-score   support

           0       0.93      0.96      0.94      1975
           1       0.84      0.89      0.87      1941
           2       0.86      0.90      0.88      1905
           3       0.79      0.78      0.78      1873
           4       0.89      0.88      0.88      1985
           5       0.86      0.87      0.86      1941
           6       0.83      0.80      0.82      1892
           7       0.81      0.80      0.80      1930
           8       0.72      0.67      0.70      1922

    accuracy                           0.84     17364
   macro avg       0.84      0.84      0.84     17364
weighted avg       0.84      0.84      0.84     17364

2024-03-07 21:47:38,447 - root - INFO - Epoch 17/20, Train Loss: 0.077355754642148, Val Loss: 0.7992788227684787
2024-03-07 22:05:10,362 - root - INFO -               precision    recall  f1-score   support

           0       0.95      0.95      0.95      1975
           1       0.79      0.92      0.85      1941
           2       0.88      0.89      0.88      1905
           3       0.82      0.75      0.78      1873
           4       0.90      0.85      0.87      1985
           5       0.85      0.87      0.86      1941
           6       0.83      0.81      0.82      1892
           7       0.83      0.77      0.80      1930
           8       0.70      0.71      0.70      1922

    accuracy                           0.84     17364
   macro avg       0.84      0.84      0.84     17364
weighted avg       0.84      0.84      0.84     17364

2024-03-07 22:05:10,362 - root - INFO - Epoch 18/20, Train Loss: 0.07388026738313118, Val Loss: 0.8288190465483131
2024-03-07 22:22:33,313 - root - INFO -               precision    recall  f1-score   support

           0       0.96      0.94      0.95      1975
           1       0.83      0.92      0.87      1941
           2       0.86      0.90      0.88      1905
           3       0.76      0.81      0.78      1873
           4       0.91      0.86      0.88      1985
           5       0.89      0.86      0.87      1941
           6       0.84      0.81      0.82      1892
           7       0.80      0.81      0.81      1930
           8       0.73      0.67      0.70      1922

    accuracy                           0.84     17364
   macro avg       0.84      0.84      0.84     17364
weighted avg       0.84      0.84      0.84     17364

2024-03-07 22:22:33,313 - root - INFO - Epoch 19/20, Train Loss: 0.07466240163102206, Val Loss: 0.8294370296885137
2024-03-07 22:39:56,072 - root - INFO -               precision    recall  f1-score   support

           0       0.92      0.97      0.94      1975
           1       0.84      0.91      0.87      1941
           2       0.88      0.89      0.89      1905
           3       0.81      0.76      0.79      1873
           4       0.90      0.87      0.89      1985
           5       0.83      0.89      0.86      1941
           6       0.86      0.80      0.83      1892
           7       0.79      0.83      0.81      1930
           8       0.75      0.66      0.70      1922

    accuracy                           0.84     17364
   macro avg       0.84      0.84      0.84     17364
weighted avg       0.84      0.84      0.84     17364

2024-03-07 22:39:56,072 - root - INFO - Epoch 20/20, Train Loss: 0.059108765127448726, Val Loss: 0.8515020545191876
2024-03-07 22:44:29,855 - root - INFO -               precision    recall  f1-score   support

           0       0.92      0.97      0.94      1975
           1       0.84      0.91      0.87      1941
           2       0.88      0.89      0.89      1905
           3       0.81      0.76      0.79      1873
           4       0.90      0.87      0.89      1985
           5       0.83      0.89      0.86      1941
           6       0.86      0.80      0.83      1892
           7       0.79      0.83      0.81      1930
           8       0.75      0.66      0.70      1922

    accuracy                           0.84     17364
   macro avg       0.84      0.84      0.84     17364
weighted avg       0.84      0.84      0.84     17364

