2024-02-21 16:29:36,732 - root - INFO - This is a log info
2024-02-21 17:46:58,666 - root - INFO -               precision    recall  f1-score   support

           0       0.54      0.37      0.44      3617
           1       0.55      0.44      0.49      3625
           2       0.74      0.76      0.75      3725
           3       0.82      0.85      0.84      3627
           4       0.74      0.84      0.79      3629
           5       0.82      0.88      0.85      3569
           6       0.67      0.76      0.71      3607
           7       0.82      0.82      0.82      3642
           8       0.42      0.35      0.38      3690
           9       0.80      0.88      0.84      3575
          10       0.82      0.83      0.82      3653
          11       0.74      0.83      0.79      3583

    accuracy                           0.72     43542
   macro avg       0.71      0.72      0.71     43542
weighted avg       0.71      0.72      0.71     43542

2024-02-21 17:46:58,667 - root - INFO - Epoch 1/15, Train Loss: 0.4655746365486825, Val Loss: 0.998690875214695
2024-02-21 19:07:09,969 - root - INFO -               precision    recall  f1-score   support

           0       0.56      0.35      0.43      3617
           1       0.48      0.52      0.50      3625
           2       0.71      0.85      0.77      3725
           3       0.83      0.89      0.86      3627
           4       0.73      0.85      0.78      3629
           5       0.87      0.84      0.86      3569
           6       0.68      0.75      0.71      3607
           7       0.80      0.83      0.81      3642
           8       0.46      0.30      0.36      3690
           9       0.81      0.86      0.84      3575
          10       0.82      0.82      0.82      3653
          11       0.77      0.81      0.79      3583

    accuracy                           0.72     43542
   macro avg       0.71      0.72      0.71     43542
weighted avg       0.71      0.72      0.71     43542

2024-02-21 19:07:09,969 - root - INFO - Epoch 2/15, Train Loss: 0.4200169995652338, Val Loss: 1.0466127951731827
2024-02-21 20:27:01,163 - root - INFO -               precision    recall  f1-score   support

           0       0.43      0.42      0.43      3617
           1       0.48      0.53      0.50      3625
           2       0.74      0.78      0.76      3725
           3       0.84      0.82      0.83      3627
           4       0.74      0.80      0.77      3629
           5       0.84      0.84      0.84      3569
           6       0.73      0.69      0.71      3607
           7       0.77      0.84      0.81      3642
           8       0.43      0.30      0.35      3690
           9       0.81      0.86      0.84      3575
          10       0.82      0.82      0.82      3653
          11       0.78      0.80      0.79      3583

    accuracy                           0.71     43542
   macro avg       0.70      0.71      0.70     43542
weighted avg       0.70      0.71      0.70     43542

2024-02-21 20:27:01,163 - root - INFO - Epoch 3/15, Train Loss: 0.375000100348248, Val Loss: 1.105996944733379
2024-02-21 21:46:53,490 - root - INFO -               precision    recall  f1-score   support

           0       0.58      0.34      0.43      3617
           1       0.51      0.45      0.48      3625
           2       0.76      0.76      0.76      3725
           3       0.82      0.87      0.84      3627
           4       0.74      0.83      0.78      3629
           5       0.85      0.85      0.85      3569
           6       0.65      0.75      0.70      3607
           7       0.83      0.81      0.82      3642
           8       0.39      0.36      0.37      3690
           9       0.79      0.88      0.83      3575
          10       0.79      0.83      0.81      3653
          11       0.73      0.83      0.78      3583

    accuracy                           0.71     43542
   macro avg       0.70      0.71      0.70     43542
weighted avg       0.70      0.71      0.70     43542

2024-02-21 21:46:53,490 - root - INFO - Epoch 4/15, Train Loss: 0.33424083245284764, Val Loss: 1.1542836056826205
2024-02-21 23:07:03,113 - root - INFO -               precision    recall  f1-score   support

           0       0.43      0.44      0.43      3617
           1       0.52      0.42      0.46      3625
           2       0.75      0.75      0.75      3725
           3       0.84      0.83      0.83      3627
           4       0.67      0.86      0.76      3629
           5       0.83      0.86      0.85      3569
           6       0.70      0.73      0.71      3607
           7       0.84      0.79      0.82      3642
           8       0.43      0.33      0.37      3690
           9       0.80      0.85      0.82      3575
          10       0.83      0.81      0.82      3653
          11       0.77      0.80      0.78      3583

    accuracy                           0.71     43542
   macro avg       0.70      0.71      0.70     43542
weighted avg       0.70      0.71      0.70     43542

2024-02-21 23:07:03,114 - root - INFO - Epoch 5/15, Train Loss: 0.29884152348043036, Val Loss: 1.1836522725293077
2024-02-22 00:26:26,916 - root - INFO -               precision    recall  f1-score   support

           0       0.40      0.43      0.41      3617
           1       0.50      0.43      0.46      3625
           2       0.71      0.81      0.76      3725
           3       0.81      0.89      0.84      3627
           4       0.72      0.78      0.75      3629
           5       0.84      0.83      0.84      3569
           6       0.71      0.68      0.70      3607
           7       0.82      0.79      0.80      3642
           8       0.39      0.33      0.36      3690
           9       0.83      0.80      0.81      3575
          10       0.84      0.81      0.82      3653
          11       0.76      0.81      0.79      3583

    accuracy                           0.70     43542
   macro avg       0.69      0.70      0.70     43542
weighted avg       0.69      0.70      0.70     43542

2024-02-22 00:26:26,916 - root - INFO - Epoch 6/15, Train Loss: 0.2628700608429816, Val Loss: 1.2742311876799526
2024-02-22 01:46:28,139 - root - INFO -               precision    recall  f1-score   support

           0       0.47      0.41      0.44      3617
           1       0.47      0.49      0.48      3625
           2       0.70      0.82      0.75      3725
           3       0.81      0.88      0.85      3627
           4       0.73      0.83      0.78      3629
           5       0.83      0.87      0.85      3569
           6       0.69      0.71      0.70      3607
           7       0.85      0.75      0.80      3642
           8       0.45      0.29      0.35      3690
           9       0.77      0.89      0.83      3575
          10       0.84      0.79      0.82      3653
          11       0.78      0.78      0.78      3583

    accuracy                           0.71     43542
   macro avg       0.70      0.71      0.70     43542
weighted avg       0.70      0.71      0.70     43542

2024-02-22 01:46:28,139 - root - INFO - Epoch 7/15, Train Loss: 0.23518535105619456, Val Loss: 1.3001372446875212
2024-02-22 02:57:07,878 - root - INFO -               precision    recall  f1-score   support

           0       0.44      0.42      0.43      3617
           1       0.51      0.43      0.46      3625
           2       0.75      0.73      0.74      3725
           3       0.84      0.83      0.84      3627
           4       0.75      0.78      0.77      3629
           5       0.81      0.87      0.84      3569
           6       0.73      0.63      0.68      3607
           7       0.81      0.83      0.82      3642
           8       0.35      0.40      0.37      3690
           9       0.81      0.83      0.82      3575
          10       0.79      0.84      0.81      3653
          11       0.77      0.78      0.78      3583

    accuracy                           0.70     43542
   macro avg       0.70      0.70      0.70     43542
weighted avg       0.70      0.70      0.69     43542

2024-02-22 02:57:07,879 - root - INFO - Epoch 8/15, Train Loss: 0.20838927764971024, Val Loss: 1.3709425232888013
2024-02-22 03:47:42,730 - root - INFO -               precision    recall  f1-score   support

           0       0.47      0.38      0.42      3617
           1       0.49      0.51      0.50      3625
           2       0.71      0.75      0.73      3725
           3       0.82      0.86      0.84      3627
           4       0.71      0.85      0.77      3629
           5       0.84      0.87      0.85      3569
           6       0.73      0.67      0.70      3607
           7       0.80      0.83      0.81      3642
           8       0.40      0.32      0.35      3690
           9       0.80      0.86      0.83      3575
          10       0.81      0.82      0.81      3653
          11       0.79      0.77      0.78      3583

    accuracy                           0.71     43542
   macro avg       0.70      0.71      0.70     43542
weighted avg       0.70      0.71      0.70     43542

2024-02-22 03:47:42,731 - root - INFO - Epoch 9/15, Train Loss: 0.1901254791224502, Val Loss: 1.3907483056133558
2024-02-22 04:37:26,781 - root - INFO -               precision    recall  f1-score   support

           0       0.52      0.35      0.42      3617
           1       0.47      0.50      0.48      3625
           2       0.73      0.75      0.74      3725
           3       0.84      0.84      0.84      3627
           4       0.72      0.82      0.77      3629
           5       0.80      0.88      0.84      3569
           6       0.70      0.71      0.70      3607
           7       0.81      0.80      0.81      3642
           8       0.40      0.34      0.37      3690
           9       0.80      0.85      0.82      3575
          10       0.81      0.83      0.82      3653
          11       0.76      0.81      0.78      3583

    accuracy                           0.71     43542
   macro avg       0.70      0.71      0.70     43542
weighted avg       0.70      0.71      0.70     43542

2024-02-22 04:37:26,781 - root - INFO - Epoch 10/15, Train Loss: 0.17154214755744587, Val Loss: 1.4518825709806105
2024-02-22 05:23:38,642 - root - INFO -               precision    recall  f1-score   support

           0       0.47      0.41      0.44      3617
           1       0.51      0.45      0.47      3625
           2       0.70      0.82      0.76      3725
           3       0.82      0.88      0.85      3627
           4       0.73      0.82      0.77      3629
           5       0.77      0.89      0.83      3569
           6       0.69      0.70      0.70      3607
           7       0.80      0.82      0.81      3642
           8       0.43      0.27      0.33      3690
           9       0.80      0.84      0.82      3575
          10       0.82      0.81      0.82      3653
          11       0.78      0.78      0.78      3583

    accuracy                           0.71     43542
   macro avg       0.69      0.71      0.70     43542
weighted avg       0.69      0.71      0.70     43542

2024-02-22 05:23:38,643 - root - INFO - Epoch 11/15, Train Loss: 0.1542767782141959, Val Loss: 1.514194349954379
2024-02-22 06:46:13,325 - root - INFO -               precision    recall  f1-score   support

           0       0.51      0.36      0.43      3617
           1       0.47      0.51      0.49      3625
           2       0.74      0.77      0.75      3725
           3       0.82      0.84      0.83      3627
           4       0.73      0.80      0.77      3629
           5       0.81      0.87      0.84      3569
           6       0.65      0.74      0.69      3607
           7       0.80      0.82      0.81      3642
           8       0.40      0.32      0.36      3690
           9       0.83      0.81      0.82      3575
          10       0.81      0.82      0.81      3653
          11       0.78      0.80      0.79      3583

    accuracy                           0.70     43542
   macro avg       0.70      0.70      0.70     43542
weighted avg       0.70      0.70      0.70     43542

2024-02-22 06:46:13,326 - root - INFO - Epoch 12/15, Train Loss: 0.14357996409904372, Val Loss: 1.5613616706638231
2024-02-22 08:09:10,092 - root - INFO -               precision    recall  f1-score   support

           0       0.55      0.36      0.43      3617
           1       0.49      0.46      0.47      3625
           2       0.70      0.77      0.73      3725
           3       0.83      0.86      0.84      3627
           4       0.72      0.82      0.77      3629
           5       0.88      0.82      0.85      3569
           6       0.64      0.75      0.69      3607
           7       0.83      0.80      0.82      3642
           8       0.37      0.35      0.36      3690
           9       0.78      0.86      0.82      3575
          10       0.83      0.80      0.81      3653
          11       0.77      0.80      0.79      3583

    accuracy                           0.70     43542
   macro avg       0.70      0.70      0.70     43542
weighted avg       0.70      0.70      0.70     43542

2024-02-22 08:09:10,093 - root - INFO - Epoch 13/15, Train Loss: 0.1313108617465671, Val Loss: 1.5794236080630417
2024-02-22 09:31:43,326 - root - INFO -               precision    recall  f1-score   support

           0       0.44      0.42      0.43      3617
           1       0.47      0.51      0.49      3625
           2       0.71      0.79      0.75      3725
           3       0.82      0.88      0.85      3627
           4       0.76      0.79      0.77      3629
           5       0.83      0.86      0.85      3569
           6       0.66      0.75      0.70      3607
           7       0.79      0.84      0.81      3642
           8       0.48      0.26      0.34      3690
           9       0.81      0.83      0.82      3575
          10       0.80      0.83      0.82      3653
          11       0.82      0.73      0.77      3583

    accuracy                           0.71     43542
   macro avg       0.70      0.71      0.70     43542
weighted avg       0.70      0.71      0.70     43542

2024-02-22 09:31:43,326 - root - INFO - Epoch 14/15, Train Loss: 0.12501815716696138, Val Loss: 1.6063291123648076
2024-02-22 10:42:23,635 - root - INFO -               precision    recall  f1-score   support

           0       0.47      0.40      0.43      3617
           1       0.53      0.39      0.45      3625
           2       0.72      0.69      0.70      3725
           3       0.84      0.84      0.84      3627
           4       0.72      0.80      0.76      3629
           5       0.85      0.82      0.84      3569
           6       0.62      0.76      0.68      3607
           7       0.85      0.77      0.81      3642
           8       0.38      0.38      0.38      3690
           9       0.78      0.88      0.82      3575
          10       0.82      0.82      0.82      3653
          11       0.73      0.83      0.78      3583

    accuracy                           0.70     43542
   macro avg       0.69      0.70      0.69     43542
weighted avg       0.69      0.70      0.69     43542

2024-02-22 10:42:23,635 - root - INFO - Epoch 15/15, Train Loss: 0.11512184328451208, Val Loss: 1.6437138550578632
2024-02-22 10:54:54,215 - root - INFO -               precision    recall  f1-score   support

           0       0.47      0.40      0.43      3617
           1       0.53      0.39      0.45      3625
           2       0.72      0.69      0.70      3725
           3       0.84      0.84      0.84      3627
           4       0.72      0.80      0.76      3629
           5       0.85      0.82      0.84      3569
           6       0.62      0.76      0.68      3607
           7       0.85      0.77      0.81      3642
           8       0.38      0.38      0.38      3690
           9       0.78      0.88      0.82      3575
          10       0.82      0.82      0.82      3653
          11       0.73      0.83      0.78      3583

    accuracy                           0.70     43542
   macro avg       0.69      0.70      0.69     43542
weighted avg       0.69      0.70      0.69     43542

