2024-02-21 16:39:13,825 - root - INFO - This is a log info
2024-02-21 18:00:12,208 - root - INFO -               precision    recall  f1-score   support

           0       0.81      0.73      0.77      1934
           1       0.66      0.77      0.71     12496
           2       0.67      0.54      0.60     13170
           3       0.81      0.87      0.84      4029
           4       0.68      0.78      0.72      4207
           5       0.53      0.62      0.57      1959
           6       0.66      0.65      0.65      1313
           7       0.38      0.49      0.43       458
           8       0.50      0.47      0.48       754
           9       0.59      0.54      0.57      1752
          10       0.31      0.13      0.18      1031
          11       0.58      0.48      0.52       439

    accuracy                           0.66     43542
   macro avg       0.60      0.59      0.59     43542
weighted avg       0.66      0.66      0.66     43542

2024-02-21 18:00:12,209 - root - INFO - Epoch 1/10, Train Loss: 0.3110860930169259, Val Loss: 1.3120283912678228
2024-02-21 19:21:18,832 - root - INFO -               precision    recall  f1-score   support

           0       0.81      0.70      0.75      1934
           1       0.65      0.74      0.69     12496
           2       0.63      0.57      0.60     13170
           3       0.82      0.86      0.84      4029
           4       0.70      0.73      0.72      4207
           5       0.57      0.49      0.53      1959
           6       0.65      0.62      0.64      1313
           7       0.39      0.45      0.42       458
           8       0.44      0.61      0.51       754
           9       0.60      0.52      0.56      1752
          10       0.23      0.16      0.19      1031
          11       0.57      0.49      0.53       439

    accuracy                           0.65     43542
   macro avg       0.59      0.58      0.58     43542
weighted avg       0.65      0.65      0.65     43542

2024-02-21 19:21:18,832 - root - INFO - Epoch 2/10, Train Loss: 0.2770230258470143, Val Loss: 1.387501823705556
2024-02-21 20:41:51,105 - root - INFO -               precision    recall  f1-score   support

           0       0.79      0.77      0.78      1934
           1       0.66      0.74      0.70     12496
           2       0.66      0.55      0.60     13170
           3       0.79      0.89      0.84      4029
           4       0.71      0.70      0.71      4207
           5       0.48      0.66      0.55      1959
           6       0.68      0.61      0.64      1313
           7       0.39      0.45      0.42       458
           8       0.47      0.59      0.52       754
           9       0.55      0.57      0.56      1752
          10       0.23      0.13      0.16      1031
          11       0.60      0.46      0.52       439

    accuracy                           0.66     43542
   macro avg       0.58      0.59      0.58     43542
weighted avg       0.65      0.66      0.65     43542

2024-02-21 20:41:51,105 - root - INFO - Epoch 3/10, Train Loss: 0.24769619732194342, Val Loss: 1.4363319023120584
2024-02-21 22:02:36,826 - root - INFO -               precision    recall  f1-score   support

           0       0.73      0.81      0.77      1934
           1       0.65      0.73      0.69     12496
           2       0.67      0.52      0.59     13170
           3       0.81      0.87      0.83      4029
           4       0.67      0.76      0.71      4207
           5       0.55      0.54      0.55      1959
           6       0.65      0.63      0.64      1313
           7       0.39      0.52      0.45       458
           8       0.47      0.56      0.51       754
           9       0.60      0.53      0.56      1752
          10       0.14      0.20      0.16      1031
          11       0.51      0.52      0.51       439

    accuracy                           0.65     43542
   macro avg       0.57      0.60      0.58     43542
weighted avg       0.65      0.65      0.64     43542

2024-02-21 22:02:36,827 - root - INFO - Epoch 4/10, Train Loss: 0.22539643737574294, Val Loss: 1.4983871832608378
2024-02-21 23:23:06,050 - root - INFO -               precision    recall  f1-score   support

           0       0.82      0.76      0.79      1934
           1       0.67      0.69      0.68     12496
           2       0.60      0.60      0.60     13170
           3       0.80      0.86      0.83      4029
           4       0.71      0.69      0.70      4207
           5       0.54      0.53      0.53      1959
           6       0.70      0.61      0.65      1313
           7       0.39      0.52      0.45       458
           8       0.50      0.52      0.51       754
           9       0.60      0.53      0.56      1752
          10       0.18      0.17      0.17      1031
          11       0.61      0.45      0.52       439

    accuracy                           0.65     43542
   macro avg       0.59      0.58      0.58     43542
weighted avg       0.65      0.65      0.65     43542

2024-02-21 23:23:06,050 - root - INFO - Epoch 5/10, Train Loss: 0.201774040476351, Val Loss: 1.523143310900818
2024-02-22 00:43:19,952 - root - INFO -               precision    recall  f1-score   support

           0       0.78      0.81      0.80      1934
           1       0.66      0.74      0.70     12496
           2       0.64      0.56      0.60     13170
           3       0.82      0.83      0.82      4029
           4       0.67      0.77      0.72      4207
           5       0.50      0.60      0.55      1959
           6       0.71      0.59      0.64      1313
           7       0.41      0.43      0.42       458
           8       0.49      0.41      0.45       754
           9       0.56      0.58      0.57      1752
          10       0.22      0.13      0.16      1031
          11       0.65      0.42      0.51       439

    accuracy                           0.65     43542
   macro avg       0.59      0.57      0.58     43542
weighted avg       0.65      0.65      0.65     43542

2024-02-22 00:43:19,952 - root - INFO - Epoch 6/10, Train Loss: 0.1834251867438331, Val Loss: 1.5540755279774583
2024-02-22 02:04:01,460 - root - INFO -               precision    recall  f1-score   support

           0       0.70      0.82      0.76      1934
           1       0.66      0.73      0.70     12496
           2       0.63      0.57      0.60     13170
           3       0.81      0.85      0.83      4029
           4       0.70      0.71      0.70      4207
           5       0.57      0.50      0.53      1959
           6       0.65      0.65      0.65      1313
           7       0.40      0.42      0.41       458
           8       0.48      0.58      0.53       754
           9       0.58      0.53      0.55      1752
          10       0.22      0.15      0.17      1031
          11       0.51      0.49      0.50       439

    accuracy                           0.65     43542
   macro avg       0.58      0.58      0.58     43542
weighted avg       0.65      0.65      0.65     43542

2024-02-22 02:04:01,461 - root - INFO - Epoch 7/10, Train Loss: 0.16905752355256293, Val Loss: 1.5953878604474874
2024-02-22 03:10:40,438 - root - INFO -               precision    recall  f1-score   support

           0       0.78      0.79      0.78      1934
           1       0.68      0.72      0.70     12496
           2       0.65      0.56      0.60     13170
           3       0.81      0.87      0.84      4029
           4       0.68      0.75      0.71      4207
           5       0.51      0.60      0.55      1959
           6       0.66      0.62      0.64      1313
           7       0.37      0.51      0.43       458
           8       0.47      0.50      0.49       754
           9       0.53      0.58      0.55      1752
          10       0.24      0.13      0.17      1031
          11       0.49      0.54      0.52       439

    accuracy                           0.66     43542
   macro avg       0.57      0.60      0.58     43542
weighted avg       0.65      0.66      0.65     43542

2024-02-22 03:10:40,438 - root - INFO - Epoch 8/10, Train Loss: 0.1537948711306063, Val Loss: 1.6758778226112203
2024-02-22 04:01:07,648 - root - INFO -               precision    recall  f1-score   support

           0       0.79      0.80      0.80      1934
           1       0.68      0.69      0.69     12496
           2       0.61      0.59      0.60     13170
           3       0.81      0.86      0.84      4029
           4       0.70      0.73      0.71      4207
           5       0.51      0.58      0.54      1959
           6       0.67      0.61      0.64      1313
           7       0.37      0.53      0.44       458
           8       0.47      0.54      0.50       754
           9       0.58      0.56      0.57      1752
          10       0.32      0.12      0.18      1031
          11       0.49      0.52      0.51       439

    accuracy                           0.65     43542
   macro avg       0.58      0.60      0.58     43542
weighted avg       0.65      0.65      0.65     43542

2024-02-22 04:01:07,649 - root - INFO - Epoch 9/10, Train Loss: 0.14271547318311872, Val Loss: 1.694948817316805
2024-02-22 04:51:30,747 - root - INFO -               precision    recall  f1-score   support

           0       0.75      0.79      0.77      1934
           1       0.65      0.74      0.69     12496
           2       0.61      0.59      0.60     13170
           3       0.80      0.86      0.83      4029
           4       0.72      0.59      0.65      4207
           5       0.60      0.41      0.49      1959
           6       0.67      0.62      0.64      1313
           7       0.41      0.39      0.40       458
           8       0.51      0.49      0.50       754
           9       0.57      0.55      0.56      1752
          10       0.18      0.16      0.17      1031
          11       0.52      0.50      0.51       439

    accuracy                           0.64     43542
   macro avg       0.58      0.56      0.57     43542
weighted avg       0.64      0.64      0.64     43542

2024-02-22 04:51:30,748 - root - INFO - Epoch 10/10, Train Loss: 0.13270229682729812, Val Loss: 1.7493114450847291
2024-02-22 05:02:01,619 - root - INFO -               precision    recall  f1-score   support

           0       0.75      0.79      0.77      1934
           1       0.65      0.74      0.69     12496
           2       0.61      0.59      0.60     13170
           3       0.80      0.86      0.83      4029
           4       0.72      0.59      0.65      4207
           5       0.60      0.41      0.49      1959
           6       0.67      0.62      0.64      1313
           7       0.41      0.39      0.40       458
           8       0.51      0.49      0.50       754
           9       0.57      0.55      0.56      1752
          10       0.18      0.16      0.17      1031
          11       0.52      0.50      0.51       439

    accuracy                           0.64     43542
   macro avg       0.58      0.56      0.57     43542
weighted avg       0.64      0.64      0.64     43542

