2024-02-20 11:55:40,835 - root - INFO - This is a log info
2024-02-21 02:52:53,269 - root - INFO - This is a log info
2024-02-21 14:54:18,174 - root - INFO - This is a log info
2024-02-21 15:35:33,717 - root - INFO - Epoch 1/10, Train Loss: 1.9922297143515773, Val Loss: 1.5375056934315074
2024-02-21 16:17:04,412 - root - INFO - Epoch 2/10, Train Loss: 1.4345810423119543, Val Loss: 1.3499129730911206
2024-02-21 17:19:05,904 - root - INFO - Epoch 3/10, Train Loss: 1.2905351675727805, Val Loss: 1.289441344581514
2024-02-21 18:33:52,650 - root - INFO - Epoch 4/10, Train Loss: 1.2104645766299078, Val Loss: 1.2268393969843556
2024-02-21 19:48:54,340 - root - INFO - Epoch 5/10, Train Loss: 1.154045519923383, Val Loss: 1.196150518275168
2024-02-21 21:04:08,989 - root - INFO - Epoch 6/10, Train Loss: 1.1072874578555825, Val Loss: 1.1841939849204328
2024-02-21 22:18:40,904 - root - INFO - Epoch 7/10, Train Loss: 1.065709650328838, Val Loss: 1.1704347422967183
2024-02-21 23:33:30,152 - root - INFO - Epoch 8/10, Train Loss: 1.0236681535727432, Val Loss: 1.168636690534846
2024-02-22 00:48:29,280 - root - INFO - Epoch 9/10, Train Loss: 0.986715189305601, Val Loss: 1.1533477916238304
2024-02-22 02:03:39,514 - root - INFO - Epoch 10/10, Train Loss: 0.9461273274358634, Val Loss: 1.1587926877787367
2024-02-22 02:16:24,136 - root - INFO -               precision    recall  f1-score   support

           0       0.48      0.24      0.32      3617
           1       0.47      0.42      0.44      3625
           2       0.66      0.72      0.69      3725
           3       0.74      0.86      0.79      3627
           4       0.63      0.76      0.69      3629
           5       0.76      0.78      0.77      3569
           6       0.62      0.65      0.64      3607
           7       0.74      0.71      0.73      3642
           8       0.36      0.25      0.29      3690
           9       0.69      0.80      0.74      3575
          10       0.72      0.78      0.75      3653
          11       0.67      0.79      0.73      3583

    accuracy                           0.65     43542
   macro avg       0.63      0.65      0.63     43542
weighted avg       0.63      0.65      0.63     43542

2024-02-22 05:16:00,637 - root - INFO - This is a log info
2024-02-22 06:31:04,528 - root - INFO -               precision    recall  f1-score   support

           0       0.53      0.22      0.31      3617
           1       0.45      0.44      0.45      3625
           2       0.64      0.76      0.70      3725
           3       0.71      0.92      0.80      3627
           4       0.63      0.76      0.69      3629
           5       0.76      0.78      0.77      3569
           6       0.56      0.72      0.63      3607
           7       0.75      0.71      0.73      3642
           8       0.49      0.14      0.22      3690
           9       0.69      0.80      0.74      3575
          10       0.72      0.79      0.75      3653
          11       0.68      0.78      0.73      3583

    accuracy                           0.65     43542
   macro avg       0.64      0.65      0.63     43542
weighted avg       0.64      0.65      0.63     43542

2024-02-22 06:31:04,528 - root - INFO - Epoch 1/15, Train Loss: 0.9082474330210265, Val Loss: 1.1592513450685462
2024-02-22 07:48:48,528 - root - INFO -               precision    recall  f1-score   support

           0       0.53      0.21      0.30      3617
           1       0.44      0.47      0.45      3625
           2       0.65      0.77      0.70      3725
           3       0.71      0.92      0.80      3627
           4       0.63      0.75      0.69      3629
           5       0.75      0.80      0.77      3569
           6       0.61      0.64      0.63      3607
           7       0.70      0.75      0.73      3642
           8       0.41      0.19      0.26      3690
           9       0.72      0.77      0.74      3575
          10       0.76      0.77      0.76      3653
          11       0.69      0.78      0.73      3583

    accuracy                           0.65     43542
   macro avg       0.63      0.65      0.63     43542
weighted avg       0.63      0.65      0.63     43542

2024-02-22 07:48:48,529 - root - INFO - Epoch 2/15, Train Loss: 0.8688774741529217, Val Loss: 1.1677989565692615
2024-02-22 09:06:28,144 - root - INFO -               precision    recall  f1-score   support

           0       0.46      0.26      0.33      3617
           1       0.49      0.36      0.41      3625
           2       0.65      0.75      0.69      3725
           3       0.73      0.88      0.80      3627
           4       0.61      0.77      0.68      3629
           5       0.77      0.77      0.77      3569
           6       0.56      0.69      0.62      3607
           7       0.68      0.75      0.71      3642
           8       0.43      0.20      0.28      3690
           9       0.71      0.78      0.74      3575
          10       0.70      0.79      0.74      3653
          11       0.71      0.76      0.73      3583

    accuracy                           0.65     43542
   macro avg       0.63      0.65      0.63     43542
weighted avg       0.62      0.65      0.63     43542

2024-02-22 09:06:28,144 - root - INFO - Epoch 3/15, Train Loss: 0.8271858465273675, Val Loss: 1.1980779277599924
2024-02-22 10:16:21,122 - root - INFO -               precision    recall  f1-score   support

           0       0.43      0.27      0.33      3617
           1       0.44      0.41      0.42      3625
           2       0.62      0.77      0.69      3725
           3       0.74      0.89      0.81      3627
           4       0.64      0.75      0.69      3629
           5       0.64      0.82      0.72      3569
           6       0.66      0.60      0.63      3607
           7       0.72      0.71      0.72      3642
           8       0.40      0.20      0.27      3690
           9       0.75      0.73      0.74      3575
          10       0.76      0.76      0.76      3653
          11       0.66      0.78      0.72      3583

    accuracy                           0.64     43542
   macro avg       0.62      0.64      0.62     43542
weighted avg       0.62      0.64      0.62     43542

2024-02-22 10:16:21,123 - root - INFO - Epoch 4/15, Train Loss: 0.785382573847056, Val Loss: 1.2346111752750253
2024-02-22 11:15:31,614 - root - INFO -               precision    recall  f1-score   support

           0       0.53      0.23      0.32      3617
           1       0.44      0.45      0.44      3625
           2       0.64      0.75      0.69      3725
           3       0.74      0.88      0.80      3627
           4       0.62      0.76      0.68      3629
           5       0.75      0.79      0.77      3569
           6       0.58      0.66      0.62      3607
           7       0.71      0.73      0.72      3642
           8       0.38      0.22      0.28      3690
           9       0.73      0.76      0.74      3575
          10       0.70      0.79      0.74      3653
          11       0.74      0.72      0.73      3583

    accuracy                           0.64     43542
   macro avg       0.63      0.65      0.63     43542
weighted avg       0.63      0.64      0.63     43542

2024-02-22 11:15:31,615 - root - INFO - Epoch 5/15, Train Loss: 0.7414853210638392, Val Loss: 1.2364338147427227
2024-02-22 12:09:01,431 - root - INFO -               precision    recall  f1-score   support

           0       0.47      0.25      0.33      3617
           1       0.44      0.40      0.42      3625
           2       0.68      0.70      0.69      3725
           3       0.72      0.89      0.80      3627
           4       0.60      0.77      0.67      3629
           5       0.71      0.80      0.76      3569
           6       0.66      0.60      0.63      3607
           7       0.77      0.70      0.73      3642
           8       0.37      0.22      0.28      3690
           9       0.64      0.81      0.71      3575
          10       0.67      0.81      0.73      3653
          11       0.73      0.72      0.73      3583

    accuracy                           0.64     43542
   macro avg       0.62      0.64      0.62     43542
weighted avg       0.62      0.64      0.62     43542

2024-02-22 12:09:01,431 - root - INFO - Epoch 6/15, Train Loss: 0.696973018986302, Val Loss: 1.3045668266116437
2024-02-22 13:02:41,535 - root - INFO -               precision    recall  f1-score   support

           0       0.44      0.27      0.33      3617
           1       0.45      0.37      0.40      3625
           2       0.62      0.76      0.68      3725
           3       0.76      0.84      0.80      3627
           4       0.61      0.75      0.68      3629
           5       0.76      0.77      0.77      3569
           6       0.59      0.65      0.62      3607
           7       0.69      0.73      0.71      3642
           8       0.37      0.24      0.29      3690
           9       0.68      0.79      0.73      3575
          10       0.76      0.74      0.75      3653
          11       0.72      0.74      0.73      3583

    accuracy                           0.64     43542
   macro avg       0.62      0.64      0.62     43542
weighted avg       0.62      0.64      0.62     43542

2024-02-22 13:02:41,536 - root - INFO - Epoch 7/15, Train Loss: 0.65507195861799, Val Loss: 1.3251645637803684
2024-02-22 13:56:12,774 - root - INFO -               precision    recall  f1-score   support

           0       0.52      0.24      0.32      3617
           1       0.41      0.43      0.42      3625
           2       0.62      0.77      0.68      3725
           3       0.77      0.83      0.80      3627
           4       0.55      0.81      0.66      3629
           5       0.75      0.78      0.77      3569
           6       0.61      0.62      0.61      3607
           7       0.75      0.68      0.72      3642
           8       0.37      0.22      0.28      3690
           9       0.72      0.76      0.74      3575
          10       0.72      0.77      0.75      3653
          11       0.71      0.73      0.72      3583

    accuracy                           0.64     43542
   macro avg       0.63      0.64      0.62     43542
weighted avg       0.63      0.64      0.62     43542

2024-02-22 13:56:12,774 - root - INFO - Epoch 8/15, Train Loss: 0.6046439731488901, Val Loss: 1.366336300630321
2024-02-22 14:50:00,779 - root - INFO -               precision    recall  f1-score   support

           0       0.33      0.33      0.33      3617
           1       0.43      0.38      0.40      3625
           2       0.69      0.67      0.68      3725
           3       0.77      0.80      0.79      3627
           4       0.62      0.74      0.68      3629
           5       0.75      0.78      0.76      3569
           6       0.59      0.63      0.61      3607
           7       0.69      0.74      0.72      3642
           8       0.35      0.24      0.28      3690
           9       0.72      0.75      0.74      3575
          10       0.72      0.75      0.74      3653
          11       0.71      0.73      0.72      3583

    accuracy                           0.63     43542
   macro avg       0.62      0.63      0.62     43542
weighted avg       0.62      0.63      0.62     43542

2024-02-22 14:50:00,779 - root - INFO - Epoch 9/15, Train Loss: 0.5567248225850182, Val Loss: 1.4068833555002795
2024-02-22 15:43:54,933 - root - INFO -               precision    recall  f1-score   support

           0       0.45      0.26      0.33      3617
           1       0.39      0.43      0.41      3625
           2       0.67      0.68      0.68      3725
           3       0.75      0.78      0.77      3627
           4       0.65      0.71      0.68      3629
           5       0.74      0.78      0.76      3569
           6       0.63      0.60      0.61      3607
           7       0.71      0.73      0.72      3642
           8       0.31      0.29      0.30      3690
           9       0.73      0.75      0.74      3575
          10       0.75      0.75      0.75      3653
          11       0.67      0.76      0.71      3583

    accuracy                           0.63     43542
   macro avg       0.62      0.63      0.62     43542
weighted avg       0.62      0.63      0.62     43542

2024-02-22 15:43:54,934 - root - INFO - Epoch 10/15, Train Loss: 0.513978931123874, Val Loss: 1.470050252544541
2024-02-22 16:37:54,671 - root - INFO -               precision    recall  f1-score   support

           0       0.39      0.28      0.33      3617
           1       0.42      0.38      0.40      3625
           2       0.68      0.68      0.68      3725
           3       0.75      0.82      0.78      3627
           4       0.64      0.71      0.68      3629
           5       0.73      0.77      0.75      3569
           6       0.62      0.58      0.60      3607
           7       0.70      0.73      0.71      3642
           8       0.31      0.27      0.29      3690
           9       0.74      0.72      0.73      3575
          10       0.68      0.78      0.73      3653
          11       0.67      0.74      0.71      3583

    accuracy                           0.62     43542
   macro avg       0.61      0.62      0.62     43542
weighted avg       0.61      0.62      0.61     43542

2024-02-22 16:37:54,672 - root - INFO - Epoch 11/15, Train Loss: 0.4691467393067682, Val Loss: 1.5335213303878088
2024-02-22 17:31:50,358 - root - INFO -               precision    recall  f1-score   support

           0       0.40      0.28      0.33      3617
           1       0.40      0.35      0.37      3625
           2       0.65      0.70      0.68      3725
           3       0.76      0.79      0.77      3627
           4       0.63      0.72      0.67      3629
           5       0.71      0.79      0.75      3569
           6       0.60      0.60      0.60      3607
           7       0.68      0.73      0.71      3642
           8       0.33      0.26      0.29      3690
           9       0.73      0.71      0.72      3575
          10       0.72      0.77      0.74      3653
          11       0.66      0.76      0.71      3583

    accuracy                           0.62     43542
   macro avg       0.61      0.62      0.61     43542
weighted avg       0.61      0.62      0.61     43542

2024-02-22 17:31:50,358 - root - INFO - Epoch 12/15, Train Loss: 0.4271235111397069, Val Loss: 1.5931634808664268
2024-02-22 18:26:03,681 - root - INFO -               precision    recall  f1-score   support

           0       0.34      0.31      0.32      3617
           1       0.40      0.44      0.42      3625
           2       0.68      0.58      0.63      3725
           3       0.76      0.81      0.79      3627
           4       0.63      0.69      0.66      3629
           5       0.76      0.76      0.76      3569
           6       0.57      0.65      0.61      3607
           7       0.69      0.72      0.70      3642
           8       0.31      0.25      0.28      3690
           9       0.75      0.69      0.72      3575
          10       0.73      0.73      0.73      3653
          11       0.67      0.74      0.71      3583

    accuracy                           0.61     43542
   macro avg       0.61      0.61      0.61     43542
weighted avg       0.61      0.61      0.61     43542

2024-02-22 18:26:03,681 - root - INFO - Epoch 13/15, Train Loss: 0.3864336166418244, Val Loss: 1.6616511394190068
2024-02-22 19:19:25,228 - root - INFO -               precision    recall  f1-score   support

           0       0.38      0.28      0.32      3617
           1       0.41      0.41      0.41      3625
           2       0.65      0.70      0.67      3725
           3       0.76      0.80      0.78      3627
           4       0.63      0.70      0.66      3629
           5       0.72      0.78      0.74      3569
           6       0.60      0.59      0.60      3607
           7       0.67      0.74      0.70      3642
           8       0.34      0.24      0.28      3690
           9       0.73      0.73      0.73      3575
          10       0.73      0.76      0.75      3653
          11       0.68      0.75      0.71      3583

    accuracy                           0.62     43542
   macro avg       0.61      0.62      0.61     43542
weighted avg       0.61      0.62      0.61     43542

2024-02-22 19:19:25,229 - root - INFO - Epoch 14/15, Train Loss: 0.35420988087239735, Val Loss: 1.708294515314935
2024-02-22 20:01:14,177 - root - INFO -               precision    recall  f1-score   support

           0       0.35      0.29      0.31      3617
           1       0.38      0.46      0.41      3625
           2       0.67      0.66      0.66      3725
           3       0.78      0.81      0.80      3627
           4       0.64      0.70      0.67      3629
           5       0.73      0.77      0.75      3569
           6       0.63      0.57      0.60      3607
           7       0.70      0.73      0.71      3642
           8       0.32      0.22      0.26      3690
           9       0.73      0.75      0.74      3575
          10       0.71      0.76      0.73      3653
          11       0.67      0.74      0.70      3583

    accuracy                           0.62     43542
   macro avg       0.61      0.62      0.61     43542
weighted avg       0.61      0.62      0.61     43542

2024-02-22 20:01:14,178 - root - INFO - Epoch 15/15, Train Loss: 0.32243859208651093, Val Loss: 1.7950369311892485
2024-02-22 20:09:20,663 - root - INFO -               precision    recall  f1-score   support

           0       0.35      0.29      0.31      3617
           1       0.38      0.46      0.41      3625
           2       0.67      0.66      0.66      3725
           3       0.78      0.81      0.80      3627
           4       0.64      0.70      0.67      3629
           5       0.73      0.77      0.75      3569
           6       0.63      0.57      0.60      3607
           7       0.70      0.73      0.71      3642
           8       0.32      0.22      0.26      3690
           9       0.73      0.75      0.74      3575
          10       0.71      0.76      0.73      3653
          11       0.67      0.74      0.70      3583

    accuracy                           0.62     43542
   macro avg       0.61      0.62      0.61     43542
weighted avg       0.61      0.62      0.61     43542

