2024-02-20 12:15:05,869 - root - INFO - This is a log info
2024-02-21 02:54:16,217 - root - INFO - This is a log info
2024-02-21 14:55:34,034 - root - INFO - This is a log info
2024-02-21 15:32:52,440 - root - INFO - Epoch 1/10, Train Loss: 2.2180019433162075, Val Loss: 2.0913766301618413
2024-02-21 16:10:04,742 - root - INFO - Epoch 2/10, Train Loss: 2.0727365073238873, Val Loss: 2.060258046808988
2024-02-21 17:04:27,679 - root - INFO - Epoch 3/10, Train Loss: 2.023656426133677, Val Loss: 2.018167718255927
2024-02-21 18:29:17,401 - root - INFO - Epoch 4/10, Train Loss: 1.9903100435469554, Val Loss: 1.989598459733337
2024-02-21 19:54:39,876 - root - INFO - Epoch 5/10, Train Loss: 1.9628331666479182, Val Loss: 1.9926761068510837
2024-02-21 21:20:02,366 - root - INFO - Epoch 6/10, Train Loss: 1.9389633961979027, Val Loss: 1.9982316017391806
2024-02-21 22:45:24,926 - root - INFO - Epoch 7/10, Train Loss: 1.9182465113230256, Val Loss: 1.9969511690819184
2024-02-22 00:11:09,301 - root - INFO - Epoch 8/10, Train Loss: 1.8955432390536109, Val Loss: 1.9865420050277385
2024-02-22 01:36:18,878 - root - INFO - Epoch 9/10, Train Loss: 1.8699847998787233, Val Loss: 2.0051318487057235
2024-02-22 02:49:51,625 - root - INFO - Epoch 10/10, Train Loss: 1.8461996863410814, Val Loss: 2.008150644237975
2024-02-22 03:00:19,714 - root - INFO -               precision    recall  f1-score   support

           0       0.49      0.15      0.23      3617
           1       0.23      0.19      0.21      3625
           2       0.23      0.39      0.29      3725
           3       0.26      0.50      0.34      3627
           4       0.27      0.32      0.29      3629
           5       0.40      0.46      0.43      3569
           6       0.33      0.30      0.31      3607
           7       0.64      0.47      0.54      3642
           8       0.35      0.33      0.34      3690
           9       0.53      0.35      0.42      3575
          10       0.48      0.19      0.27      3653
          11       0.35      0.42      0.39      3583

    accuracy                           0.34     43542
   macro avg       0.38      0.34      0.34     43542
weighted avg       0.38      0.34      0.34     43542

2024-02-22 05:23:13,609 - root - INFO - This is a log info
2024-02-22 06:54:13,934 - root - INFO -               precision    recall  f1-score   support

           0       0.40      0.19      0.25      3617
           1       0.23      0.12      0.16      3625
           2       0.22      0.45      0.30      3725
           3       0.26      0.49      0.34      3627
           4       0.28      0.28      0.28      3629
           5       0.42      0.44      0.43      3569
           6       0.34      0.28      0.31      3607
           7       0.58      0.49      0.53      3642
           8       0.37      0.32      0.34      3690
           9       0.41      0.43      0.42      3575
          10       0.44      0.21      0.28      3653
          11       0.37      0.38      0.37      3583

    accuracy                           0.34     43542
   macro avg       0.36      0.34      0.33     43542
weighted avg       0.36      0.34      0.33     43542

2024-02-22 06:54:13,934 - root - INFO - Epoch 1/15, Train Loss: 1.811621529104127, Val Loss: 2.02788508261993
2024-02-22 08:25:14,118 - root - INFO -               precision    recall  f1-score   support

           0       0.44      0.15      0.23      3617
           1       0.24      0.19      0.21      3625
           2       0.23      0.40      0.29      3725
           3       0.25      0.50      0.34      3627
           4       0.29      0.28      0.29      3629
           5       0.40      0.44      0.42      3569
           6       0.32      0.29      0.30      3607
           7       0.64      0.47      0.54      3642
           8       0.33      0.34      0.34      3690
           9       0.48      0.36      0.41      3575
          10       0.47      0.19      0.27      3653
          11       0.35      0.41      0.37      3583

    accuracy                           0.34     43542
   macro avg       0.37      0.34      0.33     43542
weighted avg       0.37      0.34      0.33     43542

2024-02-22 08:25:14,119 - root - INFO - Epoch 2/15, Train Loss: 1.784280957668194, Val Loss: 2.06322197617127
2024-02-22 09:53:04,114 - root - INFO -               precision    recall  f1-score   support

           0       0.44      0.17      0.24      3617
           1       0.23      0.15      0.18      3625
           2       0.22      0.48      0.30      3725
           3       0.26      0.47      0.33      3627
           4       0.30      0.26      0.28      3629
           5       0.42      0.44      0.43      3569
           6       0.34      0.25      0.29      3607
           7       0.65      0.45      0.53      3642
           8       0.32      0.36      0.34      3690
           9       0.50      0.34      0.41      3575
          10       0.47      0.19      0.27      3653
          11       0.31      0.45      0.37      3583

    accuracy                           0.33     43542
   macro avg       0.37      0.33      0.33     43542
weighted avg       0.37      0.33      0.33     43542

2024-02-22 09:53:04,114 - root - INFO - Epoch 3/15, Train Loss: 1.746652965281412, Val Loss: 2.0840463159190654
2024-02-22 11:01:09,777 - root - INFO -               precision    recall  f1-score   support

           0       0.41      0.16      0.23      3617
           1       0.21      0.18      0.20      3625
           2       0.24      0.36      0.29      3725
           3       0.26      0.48      0.33      3627
           4       0.29      0.26      0.27      3629
           5       0.41      0.43      0.42      3569
           6       0.33      0.27      0.30      3607
           7       0.62      0.47      0.54      3642
           8       0.33      0.31      0.32      3690
           9       0.43      0.40      0.42      3575
          10       0.42      0.19      0.26      3653
          11       0.30      0.45      0.36      3583

    accuracy                           0.33     43542
   macro avg       0.35      0.33      0.33     43542
weighted avg       0.35      0.33      0.33     43542

2024-02-22 11:01:09,777 - root - INFO - Epoch 4/15, Train Loss: 1.7073821556808366, Val Loss: 2.107376485111618
2024-02-22 11:55:42,537 - root - INFO -               precision    recall  f1-score   support

           0       0.32      0.19      0.24      3617
           1       0.24      0.14      0.17      3625
           2       0.22      0.44      0.30      3725
           3       0.25      0.50      0.33      3627
           4       0.25      0.30      0.27      3629
           5       0.42      0.40      0.41      3569
           6       0.35      0.24      0.28      3607
           7       0.58      0.49      0.54      3642
           8       0.38      0.26      0.31      3690
           9       0.44      0.40      0.42      3575
          10       0.42      0.20      0.27      3653
          11       0.35      0.39      0.37      3583

    accuracy                           0.33     43542
   macro avg       0.35      0.33      0.33     43542
weighted avg       0.35      0.33      0.33     43542

2024-02-22 11:55:42,538 - root - INFO - Epoch 5/15, Train Loss: 1.661060231608768, Val Loss: 2.148590569754384
2024-02-22 12:50:48,474 - root - INFO -               precision    recall  f1-score   support

           0       0.36      0.14      0.21      3617
           1       0.24      0.15      0.19      3625
           2       0.22      0.41      0.29      3725
           3       0.25      0.48      0.33      3627
           4       0.27      0.30      0.29      3629
           5       0.36      0.46      0.41      3569
           6       0.34      0.25      0.29      3607
           7       0.53      0.51      0.52      3642
           8       0.35      0.29      0.32      3690
           9       0.53      0.31      0.39      3575
          10       0.36      0.20      0.26      3653
          11       0.34      0.37      0.35      3583

    accuracy                           0.33     43542
   macro avg       0.35      0.33      0.32     43542
weighted avg       0.35      0.33      0.32     43542

2024-02-22 12:50:48,474 - root - INFO - Epoch 6/15, Train Loss: 1.6162201828259966, Val Loss: 2.206053246092081
2024-02-22 13:45:49,336 - root - INFO -               precision    recall  f1-score   support

           0       0.26      0.21      0.23      3617
           1       0.22      0.15      0.18      3625
           2       0.22      0.39      0.28      3725
           3       0.25      0.49      0.33      3627
           4       0.27      0.26      0.26      3629
           5       0.38      0.43      0.40      3569
           6       0.37      0.20      0.26      3607
           7       0.49      0.50      0.50      3642
           8       0.35      0.26      0.30      3690
           9       0.44      0.37      0.40      3575
          10       0.36      0.21      0.27      3653
          11       0.37      0.35      0.36      3583

    accuracy                           0.32     43542
   macro avg       0.33      0.32      0.32     43542
weighted avg       0.33      0.32      0.31     43542

2024-02-22 13:45:49,337 - root - INFO - Epoch 7/15, Train Loss: 1.5689303203854212, Val Loss: 2.2945145815001724
2024-02-22 14:40:43,339 - root - INFO -               precision    recall  f1-score   support

           0       0.33      0.17      0.22      3617
           1       0.22      0.13      0.17      3625
           2       0.22      0.40      0.28      3725
           3       0.24      0.52      0.33      3627
           4       0.32      0.21      0.26      3629
           5       0.40      0.37      0.38      3569
           6       0.32      0.27      0.29      3607
           7       0.56      0.49      0.52      3642
           8       0.33      0.30      0.31      3690
           9       0.43      0.38      0.40      3575
          10       0.37      0.20      0.26      3653
          11       0.32      0.41      0.36      3583

    accuracy                           0.32     43542
   macro avg       0.34      0.32      0.32     43542
weighted avg       0.34      0.32      0.32     43542

2024-02-22 14:40:43,339 - root - INFO - Epoch 8/15, Train Loss: 1.5212580110474256, Val Loss: 2.2835911213352356
2024-02-22 15:35:26,115 - root - INFO -               precision    recall  f1-score   support

           0       0.30      0.18      0.23      3617
           1       0.21      0.17      0.19      3625
           2       0.21      0.45      0.29      3725
           3       0.25      0.50      0.33      3627
           4       0.31      0.20      0.24      3629
           5       0.39      0.40      0.39      3569
           6       0.34      0.23      0.28      3607
           7       0.55      0.48      0.51      3642
           8       0.31      0.30      0.31      3690
           9       0.46      0.35      0.40      3575
          10       0.38      0.20      0.26      3653
          11       0.37      0.33      0.35      3583

    accuracy                           0.32     43542
   macro avg       0.34      0.32      0.31     43542
weighted avg       0.34      0.32      0.31     43542

2024-02-22 15:35:26,115 - root - INFO - Epoch 9/15, Train Loss: 1.4753457216982278, Val Loss: 2.3495044395595186
2024-02-22 16:30:07,834 - root - INFO -               precision    recall  f1-score   support

           0       0.30      0.15      0.20      3617
           1       0.19      0.20      0.19      3625
           2       0.22      0.39      0.28      3725
           3       0.25      0.47      0.33      3627
           4       0.27      0.26      0.27      3629
           5       0.38      0.41      0.39      3569
           6       0.31      0.24      0.27      3607
           7       0.56      0.48      0.52      3642
           8       0.34      0.27      0.30      3690
           9       0.45      0.33      0.38      3575
          10       0.44      0.18      0.25      3653
          11       0.33      0.38      0.35      3583

    accuracy                           0.31     43542
   macro avg       0.34      0.31      0.31     43542
weighted avg       0.34      0.31      0.31     43542

2024-02-22 16:30:07,835 - root - INFO - Epoch 10/15, Train Loss: 1.4303521228302036, Val Loss: 2.470825693756376
2024-02-22 17:25:03,527 - root - INFO -               precision    recall  f1-score   support

           0       0.30      0.18      0.22      3617
           1       0.20      0.17      0.19      3625
           2       0.21      0.41      0.28      3725
           3       0.25      0.49      0.33      3627
           4       0.25      0.26      0.26      3629
           5       0.42      0.36      0.38      3569
           6       0.31      0.24      0.27      3607
           7       0.56      0.48      0.52      3642
           8       0.34      0.25      0.29      3690
           9       0.44      0.35      0.39      3575
          10       0.40      0.22      0.28      3653
          11       0.35      0.34      0.34      3583

    accuracy                           0.31     43542
   macro avg       0.34      0.31      0.31     43542
weighted avg       0.34      0.31      0.31     43542

2024-02-22 17:25:03,528 - root - INFO - Epoch 11/15, Train Loss: 1.3878000859424509, Val Loss: 2.469984330568528
2024-02-22 18:19:18,949 - root - INFO -               precision    recall  f1-score   support

           0       0.32      0.16      0.21      3617
           1       0.21      0.19      0.20      3625
           2       0.21      0.41      0.28      3725
           3       0.24      0.50      0.32      3627
           4       0.25      0.26      0.25      3629
           5       0.42      0.32      0.36      3569
           6       0.32      0.23      0.27      3607
           7       0.54      0.49      0.51      3642
           8       0.32      0.28      0.30      3690
           9       0.43      0.35      0.39      3575
          10       0.38      0.20      0.26      3653
          11       0.36      0.34      0.35      3583

    accuracy                           0.31     43542
   macro avg       0.33      0.31      0.31     43542
weighted avg       0.33      0.31      0.31     43542

2024-02-22 18:19:18,949 - root - INFO - Epoch 12/15, Train Loss: 1.3502581027202702, Val Loss: 2.5693123187180373
2024-02-22 19:13:36,336 - root - INFO -               precision    recall  f1-score   support

           0       0.31      0.20      0.24      3617
           1       0.20      0.14      0.17      3625
           2       0.21      0.45      0.29      3725
           3       0.24      0.50      0.32      3627
           4       0.26      0.23      0.25      3629
           5       0.43      0.31      0.36      3569
           6       0.32      0.24      0.27      3607
           7       0.54      0.45      0.49      3642
           8       0.33      0.25      0.28      3690
           9       0.41      0.37      0.39      3575
          10       0.38      0.20      0.26      3653
          11       0.34      0.37      0.35      3583

    accuracy                           0.31     43542
   macro avg       0.33      0.31      0.31     43542
weighted avg       0.33      0.31      0.31     43542

2024-02-22 19:13:36,336 - root - INFO - Epoch 13/15, Train Loss: 1.3114934925093158, Val Loss: 2.659627706334005
2024-02-22 19:51:35,486 - root - INFO -               precision    recall  f1-score   support

           0       0.31      0.17      0.22      3617
           1       0.19      0.14      0.16      3625
           2       0.22      0.36      0.27      3725
           3       0.24      0.50      0.33      3627
           4       0.23      0.24      0.23      3629
           5       0.38      0.37      0.38      3569
           6       0.32      0.26      0.28      3607
           7       0.51      0.49      0.50      3642
           8       0.31      0.27      0.29      3690
           9       0.46      0.31      0.37      3575
          10       0.34      0.21      0.26      3653
          11       0.35      0.35      0.35      3583

    accuracy                           0.31     43542
   macro avg       0.32      0.31      0.30     43542
weighted avg       0.32      0.31      0.30     43542

2024-02-22 19:51:35,486 - root - INFO - Epoch 14/15, Train Loss: 1.2784741802389736, Val Loss: 2.7334205210989166
2024-02-22 20:21:05,673 - root - INFO -               precision    recall  f1-score   support

           0       0.30      0.18      0.23      3617
           1       0.20      0.17      0.18      3625
           2       0.22      0.39      0.28      3725
           3       0.25      0.46      0.32      3627
           4       0.28      0.21      0.24      3629
           5       0.36      0.40      0.38      3569
           6       0.31      0.26      0.28      3607
           7       0.52      0.46      0.49      3642
           8       0.33      0.26      0.29      3690
           9       0.41      0.34      0.38      3575
          10       0.35      0.22      0.27      3653
          11       0.34      0.34      0.34      3583

    accuracy                           0.31     43542
   macro avg       0.32      0.31      0.31     43542
weighted avg       0.32      0.31      0.31     43542

2024-02-22 20:21:05,673 - root - INFO - Epoch 15/15, Train Loss: 1.2472736023610425, Val Loss: 2.759151489962106
2024-02-22 20:25:48,242 - root - INFO -               precision    recall  f1-score   support

           0       0.30      0.18      0.23      3617
           1       0.20      0.17      0.18      3625
           2       0.22      0.39      0.28      3725
           3       0.25      0.46      0.32      3627
           4       0.28      0.21      0.24      3629
           5       0.36      0.40      0.38      3569
           6       0.31      0.26      0.28      3607
           7       0.52      0.46      0.49      3642
           8       0.33      0.26      0.29      3690
           9       0.41      0.34      0.38      3575
          10       0.35      0.22      0.27      3653
          11       0.34      0.34      0.34      3583

    accuracy                           0.31     43542
   macro avg       0.32      0.31      0.31     43542
weighted avg       0.32      0.31      0.31     43542

