2024-03-07 04:36:21,681 - root - INFO - This is a log info
2024-03-07 05:07:42,636 - root - INFO -               precision    recall  f1-score   support

           0       0.94      0.94      0.94      3684
           1       0.84      0.90      0.87      3654
           2       0.91      0.85      0.88      3717
           3       0.73      0.76      0.74      3771
           4       0.88      0.84      0.86      3709
           5       0.83      0.91      0.87      3670
           6       0.85      0.69      0.76      3724
           7       0.73      0.81      0.77      3594
           8       0.78      0.76      0.77      3628

    accuracy                           0.83     33151
   macro avg       0.83      0.83      0.83     33151
weighted avg       0.83      0.83      0.83     33151

2024-03-07 05:07:42,636 - root - INFO - Epoch 1/20, Train Loss: 0.9433581873195245, Val Loss: 0.575027842533678
2024-03-07 05:38:32,656 - root - INFO -               precision    recall  f1-score   support

           0       0.94      0.95      0.95      3684
           1       0.87      0.89      0.88      3654
           2       0.89      0.88      0.89      3717
           3       0.89      0.66      0.76      3771
           4       0.88      0.89      0.88      3709
           5       0.84      0.92      0.88      3670
           6       0.90      0.68      0.77      3724
           7       0.71      0.88      0.79      3594
           8       0.74      0.87      0.80      3628

    accuracy                           0.85     33151
   macro avg       0.85      0.85      0.84     33151
weighted avg       0.85      0.85      0.84     33151

2024-03-07 05:38:32,657 - root - INFO - Epoch 2/20, Train Loss: 0.5182546786624996, Val Loss: 0.5299866769019735
2024-03-07 06:09:32,225 - root - INFO -               precision    recall  f1-score   support

           0       0.93      0.97      0.95      3684
           1       0.87      0.91      0.89      3654
           2       0.90      0.89      0.90      3717
           3       0.76      0.81      0.79      3771
           4       0.92      0.84      0.88      3709
           5       0.86      0.92      0.89      3670
           6       0.89      0.72      0.80      3724
           7       0.80      0.85      0.83      3594
           8       0.81      0.84      0.83      3628

    accuracy                           0.86     33151
   macro avg       0.86      0.86      0.86     33151
weighted avg       0.86      0.86      0.86     33151

2024-03-07 06:09:32,226 - root - INFO - Epoch 3/20, Train Loss: 0.43786673688439914, Val Loss: 0.48218919108318226
2024-03-07 06:40:26,279 - root - INFO -               precision    recall  f1-score   support

           0       0.97      0.96      0.96      3684
           1       0.89      0.90      0.89      3654
           2       0.92      0.89      0.91      3717
           3       0.86      0.75      0.80      3771
           4       0.87      0.91      0.89      3709
           5       0.88      0.91      0.90      3670
           6       0.85      0.79      0.82      3724
           7       0.82      0.87      0.84      3594
           8       0.80      0.87      0.84      3628

    accuracy                           0.87     33151
   macro avg       0.87      0.87      0.87     33151
weighted avg       0.87      0.87      0.87     33151

2024-03-07 06:40:26,279 - root - INFO - Epoch 4/20, Train Loss: 0.38531488466105057, Val Loss: 0.42840864306330334
2024-03-07 07:11:20,493 - root - INFO -               precision    recall  f1-score   support

           0       0.94      0.96      0.95      3684
           1       0.88      0.90      0.89      3654
           2       0.88      0.91      0.90      3717
           3       0.83      0.78      0.80      3771
           4       0.85      0.92      0.88      3709
           5       0.91      0.89      0.90      3670
           6       0.88      0.77      0.82      3724
           7       0.86      0.84      0.85      3594
           8       0.81      0.87      0.84      3628

    accuracy                           0.87     33151
   macro avg       0.87      0.87      0.87     33151
weighted avg       0.87      0.87      0.87     33151

2024-03-07 07:11:20,493 - root - INFO - Epoch 5/20, Train Loss: 0.3359940304144342, Val Loss: 0.4432153251731289
2024-03-07 07:42:11,560 - root - INFO -               precision    recall  f1-score   support

           0       0.96      0.96      0.96      3684
           1       0.87      0.92      0.89      3654
           2       0.92      0.90      0.91      3717
           3       0.83      0.80      0.81      3771
           4       0.94      0.84      0.88      3709
           5       0.88      0.92      0.90      3670
           6       0.87      0.80      0.83      3724
           7       0.83      0.87      0.85      3594
           8       0.81      0.88      0.84      3628

    accuracy                           0.88     33151
   macro avg       0.88      0.88      0.88     33151
weighted avg       0.88      0.88      0.88     33151

2024-03-07 07:42:11,561 - root - INFO - Epoch 6/20, Train Loss: 0.2985123784348332, Val Loss: 0.4367506185790424
2024-03-07 08:13:08,141 - root - INFO -               precision    recall  f1-score   support

           0       0.93      0.97      0.95      3684
           1       0.86      0.92      0.89      3654
           2       0.95      0.88      0.91      3717
           3       0.82      0.82      0.82      3771
           4       0.90      0.89      0.90      3709
           5       0.91      0.90      0.90      3670
           6       0.85      0.82      0.83      3724
           7       0.85      0.85      0.85      3594
           8       0.84      0.85      0.85      3628

    accuracy                           0.88     33151
   macro avg       0.88      0.88      0.88     33151
weighted avg       0.88      0.88      0.88     33151

2024-03-07 08:13:08,142 - root - INFO - Epoch 7/20, Train Loss: 0.26311912031411333, Val Loss: 0.4455374532262145
2024-03-07 08:44:02,017 - root - INFO -               precision    recall  f1-score   support

           0       0.96      0.96      0.96      3684
           1       0.89      0.91      0.90      3654
           2       0.84      0.93      0.88      3717
           3       0.82      0.81      0.82      3771
           4       0.90      0.90      0.90      3709
           5       0.91      0.90      0.90      3670
           6       0.86      0.80      0.83      3724
           7       0.87      0.84      0.86      3594
           8       0.84      0.85      0.85      3628

    accuracy                           0.88     33151
   macro avg       0.88      0.88      0.88     33151
weighted avg       0.88      0.88      0.88     33151

2024-03-07 08:44:02,018 - root - INFO - Epoch 8/20, Train Loss: 0.22496018111336025, Val Loss: 0.4487859537709637
2024-03-07 09:14:47,677 - root - INFO -               precision    recall  f1-score   support

           0       0.97      0.96      0.96      3684
           1       0.89      0.89      0.89      3654
           2       0.88      0.91      0.90      3717
           3       0.85      0.78      0.81      3771
           4       0.87      0.92      0.89      3709
           5       0.92      0.89      0.90      3670
           6       0.84      0.82      0.83      3724
           7       0.88      0.83      0.85      3594
           8       0.79      0.88      0.83      3628

    accuracy                           0.88     33151
   macro avg       0.88      0.88      0.88     33151
weighted avg       0.88      0.88      0.88     33151

2024-03-07 09:14:47,678 - root - INFO - Epoch 9/20, Train Loss: 0.19444516838533607, Val Loss: 0.47415016167811336
2024-03-07 09:45:53,698 - root - INFO -               precision    recall  f1-score   support

           0       0.94      0.97      0.96      3684
           1       0.90      0.89      0.90      3654
           2       0.94      0.89      0.91      3717
           3       0.78      0.83      0.80      3771
           4       0.90      0.89      0.89      3709
           5       0.93      0.88      0.90      3670
           6       0.88      0.78      0.82      3724
           7       0.88      0.83      0.85      3594
           8       0.76      0.91      0.83      3628

    accuracy                           0.87     33151
   macro avg       0.88      0.87      0.87     33151
weighted avg       0.88      0.87      0.87     33151

2024-03-07 09:45:53,699 - root - INFO - Epoch 10/20, Train Loss: 0.1671927851617854, Val Loss: 0.5002079870430349
2024-03-07 10:16:44,774 - root - INFO -               precision    recall  f1-score   support

           0       0.96      0.96      0.96      3684
           1       0.89      0.90      0.89      3654
           2       0.87      0.92      0.89      3717
           3       0.80      0.83      0.81      3771
           4       0.90      0.89      0.89      3709
           5       0.89      0.90      0.89      3670
           6       0.88      0.76      0.82      3724
           7       0.86      0.84      0.85      3594
           8       0.82      0.87      0.85      3628

    accuracy                           0.87     33151
   macro avg       0.87      0.87      0.87     33151
weighted avg       0.87      0.87      0.87     33151

2024-03-07 10:16:44,774 - root - INFO - Epoch 11/20, Train Loss: 0.1420360231899939, Val Loss: 0.5101986404785128
2024-03-07 10:47:43,675 - root - INFO -               precision    recall  f1-score   support

           0       0.97      0.96      0.96      3684
           1       0.88      0.91      0.89      3654
           2       0.89      0.91      0.90      3717
           3       0.74      0.85      0.79      3771
           4       0.90      0.87      0.89      3709
           5       0.92      0.88      0.90      3670
           6       0.88      0.77      0.82      3724
           7       0.85      0.84      0.85      3594
           8       0.83      0.85      0.84      3628

    accuracy                           0.87     33151
   macro avg       0.87      0.87      0.87     33151
weighted avg       0.87      0.87      0.87     33151

2024-03-07 10:47:43,676 - root - INFO - Epoch 12/20, Train Loss: 0.1207367335372998, Val Loss: 0.5447948848356874
2024-03-07 11:18:28,424 - root - INFO -               precision    recall  f1-score   support

           0       0.96      0.96      0.96      3684
           1       0.91      0.88      0.90      3654
           2       0.92      0.90      0.91      3717
           3       0.80      0.83      0.81      3771
           4       0.90      0.88      0.89      3709
           5       0.92      0.88      0.90      3670
           6       0.82      0.85      0.83      3724
           7       0.86      0.85      0.85      3594
           8       0.83      0.86      0.84      3628

    accuracy                           0.88     33151
   macro avg       0.88      0.88      0.88     33151
weighted avg       0.88      0.88      0.88     33151

2024-03-07 11:18:28,425 - root - INFO - Epoch 13/20, Train Loss: 0.10747429658832125, Val Loss: 0.5366165714770441
2024-03-07 11:49:13,984 - root - INFO -               precision    recall  f1-score   support

           0       0.95      0.96      0.96      3684
           1       0.88      0.91      0.89      3654
           2       0.87      0.91      0.89      3717
           3       0.81      0.81      0.81      3771
           4       0.90      0.88      0.89      3709
           5       0.91      0.89      0.90      3670
           6       0.87      0.79      0.83      3724
           7       0.85      0.85      0.85      3594
           8       0.83      0.86      0.85      3628

    accuracy                           0.87     33151
   macro avg       0.87      0.87      0.87     33151
weighted avg       0.87      0.87      0.87     33151

2024-03-07 11:49:13,984 - root - INFO - Epoch 14/20, Train Loss: 0.09196013857427957, Val Loss: 0.5754676810161643
2024-03-07 12:20:09,459 - root - INFO -               precision    recall  f1-score   support

           0       0.95      0.97      0.96      3684
           1       0.90      0.88      0.89      3654
           2       0.85      0.92      0.88      3717
           3       0.82      0.80      0.81      3771
           4       0.88      0.91      0.89      3709
           5       0.91      0.89      0.90      3670
           6       0.87      0.78      0.82      3724
           7       0.87      0.82      0.85      3594
           8       0.80      0.88      0.84      3628

    accuracy                           0.87     33151
   macro avg       0.87      0.87      0.87     33151
weighted avg       0.87      0.87      0.87     33151

2024-03-07 12:20:09,459 - root - INFO - Epoch 15/20, Train Loss: 0.0818476767939376, Val Loss: 0.5976267276033262
2024-03-07 12:50:55,950 - root - INFO -               precision    recall  f1-score   support

           0       0.96      0.96      0.96      3684
           1       0.90      0.89      0.90      3654
           2       0.91      0.89      0.90      3717
           3       0.82      0.80      0.81      3771
           4       0.89      0.90      0.89      3709
           5       0.86      0.91      0.89      3670
           6       0.86      0.81      0.83      3724
           7       0.81      0.87      0.84      3594
           8       0.84      0.84      0.84      3628

    accuracy                           0.87     33151
   macro avg       0.87      0.87      0.87     33151
weighted avg       0.87      0.87      0.87     33151

2024-03-07 12:50:55,950 - root - INFO - Epoch 16/20, Train Loss: 0.07171803977759517, Val Loss: 0.6100068670808451
2024-03-07 13:21:49,834 - root - INFO -               precision    recall  f1-score   support

           0       0.92      0.97      0.95      3684
           1       0.88      0.89      0.89      3654
           2       0.89      0.91      0.90      3717
           3       0.85      0.78      0.81      3771
           4       0.89      0.89      0.89      3709
           5       0.92      0.88      0.90      3670
           6       0.86      0.80      0.83      3724
           7       0.84      0.86      0.85      3594
           8       0.81      0.87      0.84      3628

    accuracy                           0.87     33151
   macro avg       0.87      0.87      0.87     33151
weighted avg       0.87      0.87      0.87     33151

2024-03-07 13:21:49,834 - root - INFO - Epoch 17/20, Train Loss: 0.06454328972961049, Val Loss: 0.6350609529678618
2024-03-07 13:52:41,805 - root - INFO -               precision    recall  f1-score   support

           0       0.96      0.96      0.96      3684
           1       0.85      0.91      0.88      3654
           2       0.87      0.91      0.89      3717
           3       0.75      0.84      0.79      3771
           4       0.89      0.89      0.89      3709
           5       0.91      0.89      0.90      3670
           6       0.85      0.79      0.82      3724
           7       0.86      0.84      0.85      3594
           8       0.88      0.79      0.83      3628

    accuracy                           0.87     33151
   macro avg       0.87      0.87      0.87     33151
weighted avg       0.87      0.87      0.87     33151

2024-03-07 13:52:41,805 - root - INFO - Epoch 18/20, Train Loss: 0.06182482118916299, Val Loss: 0.6730664894360122
2024-03-07 14:23:39,149 - root - INFO -               precision    recall  f1-score   support

           0       0.95      0.96      0.95      3684
           1       0.88      0.90      0.89      3654
           2       0.89      0.91      0.90      3717
           3       0.83      0.81      0.82      3771
           4       0.91      0.87      0.89      3709
           5       0.91      0.89      0.90      3670
           6       0.84      0.83      0.84      3724
           7       0.84      0.86      0.85      3594
           8       0.83      0.86      0.84      3628

    accuracy                           0.88     33151
   macro avg       0.88      0.88      0.88     33151
weighted avg       0.88      0.88      0.88     33151

2024-03-07 14:23:39,150 - root - INFO - Epoch 19/20, Train Loss: 0.052191638374258977, Val Loss: 0.6542646190225907
2024-03-07 14:53:21,999 - root - INFO -               precision    recall  f1-score   support

           0       0.96      0.96      0.96      3684
           1       0.91      0.88      0.89      3654
           2       0.88      0.91      0.90      3717
           3       0.79      0.82      0.81      3771
           4       0.89      0.89      0.89      3709
           5       0.88      0.91      0.90      3670
           6       0.86      0.81      0.83      3724
           7       0.83      0.86      0.84      3594
           8       0.87      0.81      0.84      3628

    accuracy                           0.87     33151
   macro avg       0.87      0.87      0.87     33151
weighted avg       0.87      0.87      0.87     33151

2024-03-07 14:53:21,999 - root - INFO - Epoch 20/20, Train Loss: 0.05063321566628254, Val Loss: 0.6902795269492453
2024-03-07 15:00:55,867 - root - INFO -               precision    recall  f1-score   support

           0       0.96      0.96      0.96      3684
           1       0.91      0.88      0.89      3654
           2       0.88      0.91      0.90      3717
           3       0.79      0.82      0.81      3771
           4       0.89      0.89      0.89      3709
           5       0.88      0.91      0.90      3670
           6       0.86      0.81      0.83      3724
           7       0.83      0.86      0.84      3594
           8       0.87      0.81      0.84      3628

    accuracy                           0.87     33151
   macro avg       0.87      0.87      0.87     33151
weighted avg       0.87      0.87      0.87     33151

