2024-03-08 15:53:54,561 - root - INFO - This is a log info
2024-03-08 16:38:30,041 - root - INFO -               precision    recall  f1-score   support

           0       1.00      0.00      0.00      3684
           1       1.00      0.00      0.00      3654
           2       1.00      0.00      0.00      3717
           3       1.00      0.00      0.00      3771
           4       0.11      1.00      0.20      3709
           5       0.92      0.00      0.01      3670
           6       1.00      0.09      0.16      3724
           7       1.00      0.00      0.00      3594
           8       1.00      0.00      0.00      3628

    accuracy                           0.12     33151
   macro avg       0.89      0.12      0.04     33151
weighted avg       0.89      0.12      0.04     33151

2024-03-08 16:38:30,041 - root - INFO - Epoch 1/20, Train Loss: 2.1904058044266366, Val Loss: 2.1772984971842186
2024-03-08 17:22:17,192 - root - INFO -               precision    recall  f1-score   support

           0       0.11      1.00      0.20      3684
           1       1.00      0.00      0.00      3654
           2       1.00      0.00      0.00      3717
           3       1.00      0.00      0.00      3771
           4       1.00      0.00      0.00      3709
           5       0.92      0.01      0.01      3670
           6       1.00      0.09      0.16      3724
           7       1.00      0.00      0.00      3594
           8       1.00      0.00      0.00      3628

    accuracy                           0.12     33151
   macro avg       0.89      0.12      0.04     33151
weighted avg       0.89      0.12      0.04     33151

2024-03-08 17:22:17,192 - root - INFO - Epoch 2/20, Train Loss: 2.1833373249020824, Val Loss: 2.168804202280139
2024-03-08 18:06:02,594 - root - INFO -               precision    recall  f1-score   support

           0       0.11      1.00      0.20      3684
           1       1.00      0.00      0.00      3654
           2       1.00      0.00      0.00      3717
           3       1.00      0.00      0.00      3771
           4       1.00      0.00      0.00      3709
           5       1.00      0.00      0.00      3670
           6       1.00      0.00      0.00      3724
           7       1.00      0.00      0.00      3594
           8       1.00      0.00      0.00      3628

    accuracy                           0.11     33151
   macro avg       0.90      0.11      0.02     33151
weighted avg       0.90      0.11      0.02     33151

2024-03-08 18:06:02,594 - root - INFO - Epoch 3/20, Train Loss: 2.1790270866491857, Val Loss: 2.1996974880413207
2024-03-08 18:49:47,844 - root - INFO -               precision    recall  f1-score   support

           0       1.00      0.00      0.00      3684
           1       1.00      0.00      0.00      3654
           2       0.11      1.00      0.20      3717
           3       1.00      0.00      0.00      3771
           4       1.00      0.00      0.00      3709
           5       1.00      0.00      0.00      3670
           6       1.00      0.00      0.00      3724
           7       1.00      0.00      0.00      3594
           8       1.00      0.00      0.00      3628

    accuracy                           0.11     33151
   macro avg       0.90      0.11      0.02     33151
weighted avg       0.90      0.11      0.02     33151

2024-03-08 18:49:47,844 - root - INFO - Epoch 4/20, Train Loss: 2.2033416925135283, Val Loss: 2.199188755524507
2024-03-08 19:33:33,354 - root - INFO -               precision    recall  f1-score   support

           0       1.00      0.00      0.00      3684
           1       1.00      0.00      0.00      3654
           2       1.00      0.00      0.00      3717
           3       1.00      0.00      0.00      3771
           4       1.00      0.00      0.00      3709
           5       1.00      0.00      0.00      3670
           6       1.00      0.00      0.00      3724
           7       1.00      0.00      0.00      3594
           8       0.11      1.00      0.20      3628

    accuracy                           0.11     33151
   macro avg       0.90      0.11      0.02     33151
weighted avg       0.90      0.11      0.02     33151

2024-03-08 19:33:33,354 - root - INFO - Epoch 5/20, Train Loss: 2.2026443301990466, Val Loss: 2.2017459657727234
2024-03-08 20:17:19,349 - root - INFO -               precision    recall  f1-score   support

           0       1.00      0.00      0.00      3684
           1       1.00      0.00      0.00      3654
           2       1.00      0.00      0.00      3717
           3       1.00      0.00      0.00      3771
           4       1.00      0.00      0.00      3709
           5       1.00      0.00      0.00      3670
           6       0.11      1.00      0.20      3724
           7       1.00      0.00      0.00      3594
           8       1.00      0.00      0.00      3628

    accuracy                           0.11     33151
   macro avg       0.90      0.11      0.02     33151
weighted avg       0.90      0.11      0.02     33151

2024-03-08 20:17:19,350 - root - INFO - Epoch 6/20, Train Loss: 2.205472953660711, Val Loss: 2.200905442219874
2024-03-08 21:01:05,059 - root - INFO -               precision    recall  f1-score   support

           0       1.00      0.00      0.00      3684
           1       1.00      0.00      0.00      3654
           2       1.00      0.00      0.00      3717
           3       1.00      0.00      0.00      3771
           4       0.11      1.00      0.20      3709
           5       1.00      0.00      0.00      3670
           6       1.00      0.00      0.00      3724
           7       1.00      0.00      0.00      3594
           8       1.00      0.00      0.00      3628

    accuracy                           0.11     33151
   macro avg       0.90      0.11      0.02     33151
weighted avg       0.90      0.11      0.02     33151

2024-03-08 21:01:05,059 - root - INFO - Epoch 7/20, Train Loss: 2.2033593997766006, Val Loss: 2.19840791981949
2024-03-08 21:44:48,626 - root - INFO -               precision    recall  f1-score   support

           0       1.00      0.00      0.00      3684
           1       1.00      0.00      0.00      3654
           2       1.00      0.00      0.00      3717
           3       1.00      0.00      0.00      3771
           4       1.00      0.00      0.00      3709
           5       1.00      0.00      0.00      3670
           6       1.00      0.00      0.00      3724
           7       1.00      0.00      0.00      3594
           8       0.11      1.00      0.20      3628

    accuracy                           0.11     33151
   macro avg       0.90      0.11      0.02     33151
weighted avg       0.90      0.11      0.02     33151

2024-03-08 21:44:48,626 - root - INFO - Epoch 8/20, Train Loss: 2.20158428451658, Val Loss: 2.2033302393949485
2024-03-08 22:28:34,002 - root - INFO -               precision    recall  f1-score   support

           0       1.00      0.00      0.00      3684
           1       1.00      0.00      0.00      3654
           2       1.00      0.00      0.00      3717
           3       1.00      0.00      0.00      3771
           4       0.11      1.00      0.20      3709
           5       1.00      0.00      0.00      3670
           6       1.00      0.00      0.00      3724
           7       1.00      0.00      0.00      3594
           8       1.00      0.00      0.00      3628

    accuracy                           0.11     33151
   macro avg       0.90      0.11      0.02     33151
weighted avg       0.90      0.11      0.02     33151

2024-03-08 22:28:34,002 - root - INFO - Epoch 9/20, Train Loss: 2.201424364022128, Val Loss: 2.1992195985359735
2024-03-08 23:12:20,782 - root - INFO -               precision    recall  f1-score   support

           0       1.00      0.00      0.00      3684
           1       1.00      0.00      0.00      3654
           2       1.00      0.00      0.00      3717
           3       1.00      0.00      0.00      3771
           4       1.00      0.00      0.00      3709
           5       1.00      0.00      0.00      3670
           6       1.00      0.00      0.00      3724
           7       1.00      0.00      0.00      3594
           8       0.11      1.00      0.20      3628

    accuracy                           0.11     33151
   macro avg       0.90      0.11      0.02     33151
weighted avg       0.90      0.11      0.02     33151

2024-03-08 23:12:20,783 - root - INFO - Epoch 10/20, Train Loss: 2.2010421780538123, Val Loss: 2.198156401365326
2024-03-08 23:56:08,577 - root - INFO -               precision    recall  f1-score   support

           0       1.00      0.00      0.00      3684
           1       1.00      0.00      0.00      3654
           2       1.00      0.00      0.00      3717
           3       0.11      1.00      0.20      3771
           4       1.00      0.00      0.00      3709
           5       1.00      0.00      0.00      3670
           6       1.00      0.00      0.00      3724
           7       1.00      0.00      0.00      3594
           8       1.00      0.00      0.00      3628

    accuracy                           0.11     33151
   macro avg       0.90      0.11      0.02     33151
weighted avg       0.90      0.11      0.02     33151

2024-03-08 23:56:08,577 - root - INFO - Epoch 11/20, Train Loss: 2.2008062148508305, Val Loss: 2.1986574139272403
2024-03-09 00:39:52,815 - root - INFO -               precision    recall  f1-score   support

           0       1.00      0.00      0.00      3684
           1       1.00      0.00      0.00      3654
           2       1.00      0.00      0.00      3717
           3       1.00      0.00      0.00      3771
           4       1.00      0.00      0.00      3709
           5       0.11      1.00      0.20      3670
           6       1.00      0.00      0.00      3724
           7       1.00      0.00      0.00      3594
           8       1.00      0.00      0.00      3628

    accuracy                           0.11     33151
   macro avg       0.90      0.11      0.02     33151
weighted avg       0.90      0.11      0.02     33151

2024-03-09 00:39:52,815 - root - INFO - Epoch 12/20, Train Loss: 2.2004241239344218, Val Loss: 2.198245193698583
2024-03-09 01:23:41,658 - root - INFO -               precision    recall  f1-score   support

           0       1.00      0.00      0.00      3684
           1       1.00      0.00      0.00      3654
           2       1.00      0.00      0.00      3717
           3       1.00      0.00      0.00      3771
           4       1.00      0.00      0.00      3709
           5       0.11      1.00      0.20      3670
           6       1.00      0.00      0.00      3724
           7       1.00      0.00      0.00      3594
           8       1.00      0.00      0.00      3628

    accuracy                           0.11     33151
   macro avg       0.90      0.11      0.02     33151
weighted avg       0.90      0.11      0.02     33151

2024-03-09 01:23:41,658 - root - INFO - Epoch 13/20, Train Loss: 2.200590928198386, Val Loss: 2.198858808627521
2024-03-09 02:07:25,234 - root - INFO -               precision    recall  f1-score   support

           0       1.00      0.00      0.00      3684
           1       1.00      0.00      0.00      3654
           2       1.00      0.00      0.00      3717
           3       0.11      1.00      0.20      3771
           4       1.00      0.00      0.00      3709
           5       1.00      0.00      0.00      3670
           6       1.00      0.00      0.00      3724
           7       1.00      0.00      0.00      3594
           8       1.00      0.00      0.00      3628

    accuracy                           0.11     33151
   macro avg       0.90      0.11      0.02     33151
weighted avg       0.90      0.11      0.02     33151

2024-03-09 02:07:25,234 - root - INFO - Epoch 14/20, Train Loss: 2.2003286993138746, Val Loss: 2.1994538229373615
2024-03-09 02:51:12,813 - root - INFO -               precision    recall  f1-score   support

           0       1.00      0.00      0.00      3684
           1       1.00      0.00      0.00      3654
           2       1.00      0.00      0.00      3717
           3       1.00      0.00      0.00      3771
           4       1.00      0.00      0.00      3709
           5       1.00      0.00      0.00      3670
           6       0.11      1.00      0.20      3724
           7       1.00      0.00      0.00      3594
           8       1.00      0.00      0.00      3628

    accuracy                           0.11     33151
   macro avg       0.90      0.11      0.02     33151
weighted avg       0.90      0.11      0.02     33151

2024-03-09 02:51:12,813 - root - INFO - Epoch 15/20, Train Loss: 2.2002691816356776, Val Loss: 2.1981285459541966
2024-03-09 03:35:01,026 - root - INFO -               precision    recall  f1-score   support

           0       1.00      0.00      0.00      3684
           1       1.00      0.00      0.00      3654
           2       1.00      0.00      0.00      3717
           3       1.00      0.00      0.00      3771
           4       0.11      1.00      0.20      3709
           5       1.00      0.00      0.00      3670
           6       1.00      0.00      0.00      3724
           7       1.00      0.00      0.00      3594
           8       1.00      0.00      0.00      3628

    accuracy                           0.11     33151
   macro avg       0.90      0.11      0.02     33151
weighted avg       0.90      0.11      0.02     33151

2024-03-09 03:35:01,026 - root - INFO - Epoch 16/20, Train Loss: 2.2000400718329267, Val Loss: 2.1986337510972236
2024-03-09 04:18:47,110 - root - INFO -               precision    recall  f1-score   support

           0       1.00      0.00      0.00      3684
           1       1.00      0.00      0.00      3654
           2       1.00      0.00      0.00      3717
           3       1.00      0.00      0.00      3771
           4       1.00      0.00      0.00      3709
           5       1.00      0.00      0.00      3670
           6       1.00      0.00      0.00      3724
           7       0.11      1.00      0.20      3594
           8       1.00      0.00      0.00      3628

    accuracy                           0.11     33151
   macro avg       0.90      0.11      0.02     33151
weighted avg       0.90      0.11      0.02     33151

2024-03-09 04:18:47,110 - root - INFO - Epoch 17/20, Train Loss: 2.200008188031546, Val Loss: 2.198676709110987
2024-03-09 05:02:35,039 - root - INFO -               precision    recall  f1-score   support

           0       1.00      0.00      0.00      3684
           1       1.00      0.00      0.00      3654
           2       1.00      0.00      0.00      3717
           3       1.00      0.00      0.00      3771
           4       1.00      0.00      0.00      3709
           5       1.00      0.00      0.00      3670
           6       1.00      0.00      0.00      3724
           7       0.11      1.00      0.20      3594
           8       1.00      0.00      0.00      3628

    accuracy                           0.11     33151
   macro avg       0.90      0.11      0.02     33151
weighted avg       0.90      0.11      0.02     33151

2024-03-09 05:02:35,039 - root - INFO - Epoch 18/20, Train Loss: 2.200258325800805, Val Loss: 2.1991866730172216
2024-03-09 05:46:23,076 - root - INFO -               precision    recall  f1-score   support

           0       1.00      0.00      0.00      3684
           1       0.11      1.00      0.20      3654
           2       1.00      0.00      0.00      3717
           3       1.00      0.00      0.00      3771
           4       1.00      0.00      0.00      3709
           5       1.00      0.00      0.00      3670
           6       1.00      0.00      0.00      3724
           7       1.00      0.00      0.00      3594
           8       1.00      0.00      0.00      3628

    accuracy                           0.11     33151
   macro avg       0.90      0.11      0.02     33151
weighted avg       0.90      0.11      0.02     33151

2024-03-09 05:46:23,076 - root - INFO - Epoch 19/20, Train Loss: 2.1999575164911667, Val Loss: 2.198849700449502
2024-03-09 06:30:11,232 - root - INFO -               precision    recall  f1-score   support

           0       0.11      1.00      0.20      3684
           1       1.00      0.00      0.00      3654
           2       1.00      0.00      0.00      3717
           3       1.00      0.00      0.00      3771
           4       1.00      0.00      0.00      3709
           5       1.00      0.00      0.00      3670
           6       1.00      0.00      0.00      3724
           7       1.00      0.00      0.00      3594
           8       1.00      0.00      0.00      3628

    accuracy                           0.11     33151
   macro avg       0.90      0.11      0.02     33151
weighted avg       0.90      0.11      0.02     33151

2024-03-09 06:30:11,233 - root - INFO - Epoch 20/20, Train Loss: 2.199772124649376, Val Loss: 2.198364346172147
2024-03-09 06:39:34,990 - root - INFO -               precision    recall  f1-score   support

           0       0.11      1.00      0.20      3684
           1       1.00      0.00      0.00      3654
           2       1.00      0.00      0.00      3717
           3       1.00      0.00      0.00      3771
           4       1.00      0.00      0.00      3709
           5       1.00      0.00      0.00      3670
           6       1.00      0.00      0.00      3724
           7       1.00      0.00      0.00      3594
           8       1.00      0.00      0.00      3628

    accuracy                           0.11     33151
   macro avg       0.90      0.11      0.02     33151
weighted avg       0.90      0.11      0.02     33151

