2024-03-07 04:39:40,847 - root - INFO - This is a log info
2024-03-07 05:09:27,274 - root - INFO -               precision    recall  f1-score   support

           0       0.82      0.90      0.86      4815
           1       0.83      0.79      0.81      4254
           2       0.96      0.97      0.96     10283
           3       0.93      0.87      0.90      5113
           4       0.60      0.59      0.60      1116
           5       0.82      0.88      0.85      2026
           6       0.71      0.63      0.67      1390
           7       0.82      0.86      0.84      3032
           8       0.65      0.55      0.60      1122

    accuracy                           0.86     33151
   macro avg       0.79      0.78      0.79     33151
weighted avg       0.86      0.86      0.86     33151

2024-03-07 05:09:27,274 - root - INFO - Epoch 1/20, Train Loss: 0.7660034094298547, Val Loss: 0.4537081920680969
2024-03-07 05:38:48,752 - root - INFO -               precision    recall  f1-score   support

           0       0.90      0.90      0.90      4815
           1       0.84      0.83      0.84      4254
           2       0.97      0.97      0.97     10283
           3       0.91      0.91      0.91      5113
           4       0.63      0.78      0.69      1116
           5       0.83      0.90      0.86      2026
           6       0.85      0.61      0.71      1390
           7       0.86      0.86      0.86      3032
           8       0.75      0.68      0.71      1122

    accuracy                           0.89     33151
   macro avg       0.84      0.83      0.83     33151
weighted avg       0.89      0.89      0.89     33151

2024-03-07 05:38:48,752 - root - INFO - Epoch 2/20, Train Loss: 0.4240837452503351, Val Loss: 0.3758329159911195
2024-03-07 06:08:18,388 - root - INFO -               precision    recall  f1-score   support

           0       0.93      0.89      0.91      4815
           1       0.84      0.84      0.84      4254
           2       0.97      0.97      0.97     10283
           3       0.93      0.89      0.91      5113
           4       0.70      0.78      0.74      1116
           5       0.85      0.90      0.87      2026
           6       0.71      0.74      0.73      1390
           7       0.80      0.91      0.85      3032
           8       0.83      0.64      0.72      1122

    accuracy                           0.89     33151
   macro avg       0.84      0.84      0.84     33151
weighted avg       0.90      0.89      0.89     33151

2024-03-07 06:08:18,388 - root - INFO - Epoch 3/20, Train Loss: 0.35351140341105985, Val Loss: 0.3482842198417275
2024-03-07 06:37:41,958 - root - INFO -               precision    recall  f1-score   support

           0       0.91      0.91      0.91      4815
           1       0.90      0.80      0.85      4254
           2       0.98      0.97      0.98     10283
           3       0.92      0.91      0.91      5113
           4       0.70      0.80      0.74      1116
           5       0.81      0.92      0.86      2026
           6       0.76      0.74      0.75      1390
           7       0.85      0.89      0.87      3032
           8       0.77      0.74      0.76      1122

    accuracy                           0.90     33151
   macro avg       0.84      0.85      0.85     33151
weighted avg       0.90      0.90      0.90     33151

2024-03-07 06:37:41,958 - root - INFO - Epoch 4/20, Train Loss: 0.30818166625682136, Val Loss: 0.33663914652939586
2024-03-07 07:07:06,315 - root - INFO -               precision    recall  f1-score   support

           0       0.92      0.91      0.92      4815
           1       0.90      0.79      0.84      4254
           2       0.98      0.97      0.98     10283
           3       0.91      0.93      0.92      5113
           4       0.80      0.71      0.75      1116
           5       0.90      0.84      0.87      2026
           6       0.66      0.80      0.73      1390
           7       0.80      0.92      0.86      3032
           8       0.74      0.77      0.76      1122

    accuracy                           0.90     33151
   macro avg       0.85      0.85      0.85     33151
weighted avg       0.90      0.90      0.90     33151

2024-03-07 07:07:06,316 - root - INFO - Epoch 5/20, Train Loss: 0.2714559178802472, Val Loss: 0.34386847721331476
2024-03-07 07:36:28,551 - root - INFO -               precision    recall  f1-score   support

           0       0.89      0.92      0.91      4815
           1       0.88      0.83      0.86      4254
           2       0.98      0.97      0.98     10283
           3       0.89      0.94      0.91      5113
           4       0.61      0.87      0.71      1116
           5       0.88      0.88      0.88      2026
           6       0.87      0.63      0.73      1390
           7       0.90      0.85      0.88      3032
           8       0.77      0.76      0.76      1122

    accuracy                           0.90     33151
   macro avg       0.85      0.85      0.85     33151
weighted avg       0.90      0.90      0.90     33151

2024-03-07 07:36:28,551 - root - INFO - Epoch 6/20, Train Loss: 0.24174544702971937, Val Loss: 0.35580987454967394
2024-03-07 08:05:58,753 - root - INFO -               precision    recall  f1-score   support

           0       0.93      0.91      0.92      4815
           1       0.87      0.84      0.85      4254
           2       0.98      0.97      0.98     10283
           3       0.91      0.93      0.92      5113
           4       0.67      0.83      0.74      1116
           5       0.87      0.89      0.88      2026
           6       0.81      0.70      0.75      1390
           7       0.88      0.89      0.88      3032
           8       0.72      0.80      0.76      1122

    accuracy                           0.90     33151
   macro avg       0.85      0.86      0.85     33151
weighted avg       0.91      0.90      0.90     33151

2024-03-07 08:05:58,754 - root - INFO - Epoch 7/20, Train Loss: 0.2097938335812639, Val Loss: 0.33663407665595924
2024-03-07 08:35:18,873 - root - INFO -               precision    recall  f1-score   support

           0       0.95      0.89      0.92      4815
           1       0.86      0.86      0.86      4254
           2       0.96      0.98      0.97     10283
           3       0.93      0.91      0.92      5113
           4       0.71      0.82      0.76      1116
           5       0.89      0.87      0.88      2026
           6       0.79      0.73      0.76      1390
           7       0.85      0.91      0.88      3032
           8       0.79      0.74      0.77      1122

    accuracy                           0.90     33151
   macro avg       0.86      0.86      0.86     33151
weighted avg       0.90      0.90      0.90     33151

2024-03-07 08:35:18,873 - root - INFO - Epoch 8/20, Train Loss: 0.18196217802940962, Val Loss: 0.3564655271408148
2024-03-07 09:04:37,945 - root - INFO -               precision    recall  f1-score   support

           0       0.93      0.91      0.92      4815
           1       0.88      0.84      0.86      4254
           2       0.96      0.98      0.97     10283
           3       0.90      0.93      0.92      5113
           4       0.76      0.78      0.77      1116
           5       0.89      0.88      0.88      2026
           6       0.80      0.71      0.75      1390
           7       0.87      0.90      0.88      3032
           8       0.79      0.76      0.77      1122

    accuracy                           0.91     33151
   macro avg       0.86      0.85      0.86     33151
weighted avg       0.90      0.91      0.90     33151

2024-03-07 09:04:37,945 - root - INFO - Epoch 9/20, Train Loss: 0.15706206810706108, Val Loss: 0.35721168146586946
2024-03-07 09:33:58,028 - root - INFO -               precision    recall  f1-score   support

           0       0.91      0.91      0.91      4815
           1       0.87      0.84      0.85      4254
           2       0.96      0.98      0.97     10283
           3       0.88      0.94      0.91      5113
           4       0.74      0.76      0.75      1116
           5       0.87      0.88      0.88      2026
           6       0.79      0.67      0.73      1390
           7       0.88      0.88      0.88      3032
           8       0.81      0.71      0.76      1122

    accuracy                           0.90     33151
   macro avg       0.86      0.84      0.85     33151
weighted avg       0.90      0.90      0.90     33151

2024-03-07 09:33:58,029 - root - INFO - Epoch 10/20, Train Loss: 0.135031174115738, Val Loss: 0.3823575848785268
2024-03-07 10:03:29,125 - root - INFO -               precision    recall  f1-score   support

           0       0.93      0.90      0.92      4815
           1       0.86      0.83      0.85      4254
           2       0.98      0.98      0.98     10283
           3       0.92      0.91      0.92      5113
           4       0.72      0.80      0.76      1116
           5       0.86      0.89      0.87      2026
           6       0.77      0.72      0.74      1390
           7       0.81      0.92      0.86      3032
           8       0.80      0.70      0.74      1122

    accuracy                           0.90     33151
   macro avg       0.85      0.85      0.85     33151
weighted avg       0.90      0.90      0.90     33151

2024-03-07 10:03:29,125 - root - INFO - Epoch 11/20, Train Loss: 0.11251484265672683, Val Loss: 0.3991265525319221
2024-03-07 10:32:48,427 - root - INFO -               precision    recall  f1-score   support

           0       0.93      0.90      0.91      4815
           1       0.88      0.82      0.85      4254
           2       0.97      0.98      0.97     10283
           3       0.90      0.93      0.91      5113
           4       0.74      0.78      0.76      1116
           5       0.83      0.91      0.87      2026
           6       0.82      0.68      0.74      1390
           7       0.86      0.90      0.88      3032
           8       0.77      0.77      0.77      1122

    accuracy                           0.90     33151
   macro avg       0.86      0.85      0.85     33151
weighted avg       0.90      0.90      0.90     33151

2024-03-07 10:32:48,427 - root - INFO - Epoch 12/20, Train Loss: 0.09811423073936411, Val Loss: 0.4082069775464218
2024-03-07 11:02:01,517 - root - INFO -               precision    recall  f1-score   support

           0       0.93      0.91      0.92      4815
           1       0.89      0.81      0.85      4254
           2       0.98      0.97      0.98     10283
           3       0.88      0.93      0.91      5113
           4       0.77      0.72      0.74      1116
           5       0.85      0.90      0.88      2026
           6       0.82      0.68      0.74      1390
           7       0.85      0.90      0.87      3032
           8       0.64      0.84      0.73      1122

    accuracy                           0.90     33151
   macro avg       0.85      0.85      0.85     33151
weighted avg       0.90      0.90      0.90     33151

2024-03-07 11:02:01,517 - root - INFO - Epoch 13/20, Train Loss: 0.08545740868517246, Val Loss: 0.4448813227510449
2024-03-07 11:31:09,354 - root - INFO -               precision    recall  f1-score   support

           0       0.93      0.90      0.91      4815
           1       0.85      0.85      0.85      4254
           2       0.97      0.98      0.97     10283
           3       0.91      0.93      0.92      5113
           4       0.72      0.78      0.75      1116
           5       0.88      0.88      0.88      2026
           6       0.79      0.72      0.75      1390
           7       0.89      0.87      0.88      3032
           8       0.77      0.77      0.77      1122

    accuracy                           0.90     33151
   macro avg       0.85      0.85      0.85     33151
weighted avg       0.90      0.90      0.90     33151

2024-03-07 11:31:09,354 - root - INFO - Epoch 14/20, Train Loss: 0.0746115833005542, Val Loss: 0.4394690381716842
2024-03-07 12:00:20,127 - root - INFO -               precision    recall  f1-score   support

           0       0.89      0.92      0.90      4815
           1       0.88      0.81      0.85      4254
           2       0.98      0.97      0.98     10283
           3       0.88      0.93      0.91      5113
           4       0.77      0.72      0.74      1116
           5       0.88      0.87      0.87      2026
           6       0.73      0.77      0.75      1390
           7       0.87      0.88      0.87      3032
           8       0.78      0.76      0.77      1122

    accuracy                           0.90     33151
   macro avg       0.85      0.85      0.85     33151
weighted avg       0.90      0.90      0.90     33151

2024-03-07 12:00:20,128 - root - INFO - Epoch 15/20, Train Loss: 0.06927213181970322, Val Loss: 0.4688759286744696
2024-03-07 12:29:42,117 - root - INFO -               precision    recall  f1-score   support

           0       0.92      0.91      0.91      4815
           1       0.87      0.82      0.85      4254
           2       0.98      0.97      0.98     10283
           3       0.91      0.92      0.91      5113
           4       0.68      0.85      0.76      1116
           5       0.87      0.89      0.88      2026
           6       0.80      0.69      0.74      1390
           7       0.87      0.88      0.88      3032
           8       0.76      0.78      0.77      1122

    accuracy                           0.90     33151
   macro avg       0.85      0.86      0.85     33151
weighted avg       0.90      0.90      0.90     33151

2024-03-07 12:29:42,117 - root - INFO - Epoch 16/20, Train Loss: 0.06203687292239817, Val Loss: 0.4774861693182688
2024-03-07 12:58:57,607 - root - INFO -               precision    recall  f1-score   support

           0       0.91      0.91      0.91      4815
           1       0.84      0.85      0.85      4254
           2       0.97      0.98      0.98     10283
           3       0.92      0.92      0.92      5113
           4       0.76      0.74      0.75      1116
           5       0.84      0.90      0.87      2026
           6       0.82      0.67      0.74      1390
           7       0.87      0.87      0.87      3032
           8       0.75      0.76      0.75      1122

    accuracy                           0.90     33151
   macro avg       0.85      0.84      0.85     33151
weighted avg       0.90      0.90      0.90     33151

2024-03-07 12:58:57,608 - root - INFO - Epoch 17/20, Train Loss: 0.05356412578637598, Val Loss: 0.49770623323338514
2024-03-07 13:28:23,675 - root - INFO -               precision    recall  f1-score   support

           0       0.91      0.91      0.91      4815
           1       0.80      0.88      0.84      4254
           2       0.97      0.97      0.97     10283
           3       0.89      0.94      0.91      5113
           4       0.72      0.79      0.76      1116
           5       0.91      0.85      0.88      2026
           6       0.82      0.67      0.74      1390
           7       0.92      0.81      0.86      3032
           8       0.76      0.76      0.76      1122

    accuracy                           0.90     33151
   macro avg       0.86      0.84      0.85     33151
weighted avg       0.90      0.90      0.90     33151

2024-03-07 13:28:23,675 - root - INFO - Epoch 18/20, Train Loss: 0.04904480817285963, Val Loss: 0.5232877310723123
2024-03-07 13:57:39,626 - root - INFO -               precision    recall  f1-score   support

           0       0.91      0.91      0.91      4815
           1       0.83      0.87      0.85      4254
           2       0.98      0.97      0.98     10283
           3       0.90      0.93      0.91      5113
           4       0.75      0.76      0.75      1116
           5       0.86      0.89      0.88      2026
           6       0.86      0.63      0.72      1390
           7       0.90      0.84      0.87      3032
           8       0.71      0.79      0.75      1122

    accuracy                           0.90     33151
   macro avg       0.86      0.84      0.85     33151
weighted avg       0.90      0.90      0.90     33151

2024-03-07 13:57:39,626 - root - INFO - Epoch 19/20, Train Loss: 0.04493994649252766, Val Loss: 0.5294337725634668
2024-03-07 14:27:04,910 - root - INFO -               precision    recall  f1-score   support

           0       0.92      0.91      0.92      4815
           1       0.89      0.81      0.85      4254
           2       0.98      0.97      0.98     10283
           3       0.90      0.93      0.91      5113
           4       0.61      0.86      0.71      1116
           5       0.90      0.83      0.86      2026
           6       0.71      0.75      0.73      1390
           7       0.85      0.88      0.87      3032
           8       0.82      0.71      0.76      1122

    accuracy                           0.90     33151
   macro avg       0.84      0.85      0.84     33151
weighted avg       0.90      0.90      0.90     33151

2024-03-07 14:27:04,910 - root - INFO - Epoch 20/20, Train Loss: 0.04293981868655454, Val Loss: 0.5348947246018364
2024-03-07 14:34:29,061 - root - INFO -               precision    recall  f1-score   support

           0       0.92      0.91      0.92      4815
           1       0.89      0.81      0.85      4254
           2       0.98      0.97      0.98     10283
           3       0.90      0.93      0.91      5113
           4       0.61      0.86      0.71      1116
           5       0.90      0.83      0.86      2026
           6       0.71      0.75      0.73      1390
           7       0.85      0.88      0.87      3032
           8       0.82      0.71      0.76      1122

    accuracy                           0.90     33151
   macro avg       0.84      0.85      0.84     33151
weighted avg       0.90      0.90      0.90     33151

