2024-03-08 03:33:04,734 - root - INFO - This is a log info
2024-03-08 04:00:25,166 - root - INFO -               precision    recall  f1-score   support

           0       0.55      0.54      0.54      3684
           1       0.56      0.72      0.63      3654
           2       0.32      0.46      0.38      3717
           3       0.60      0.51      0.55      3771
           4       0.77      0.61      0.68      3709
           5       0.78      0.71      0.74      3670
           6       0.90      0.56      0.69      3724
           7       0.36      0.29      0.32      3594
           8       0.40      0.53      0.46      3628

    accuracy                           0.55     33151
   macro avg       0.58      0.55      0.55     33151
weighted avg       0.58      0.55      0.56     33151

2024-03-08 04:00:25,167 - root - INFO - Epoch 1/20, Train Loss: 1.7155225878416556, Val Loss: 1.3419380383140407
2024-03-08 04:27:23,630 - root - INFO -               precision    recall  f1-score   support

           0       0.72      0.85      0.78      3684
           1       0.68      0.75      0.71      3654
           2       0.78      0.64      0.70      3717
           3       0.72      0.52      0.61      3771
           4       0.74      0.68      0.71      3709
           5       0.81      0.72      0.76      3670
           6       0.92      0.56      0.70      3724
           7       0.71      0.56      0.63      3594
           8       0.41      0.83      0.55      3628

    accuracy                           0.68     33151
   macro avg       0.72      0.68      0.68     33151
weighted avg       0.72      0.68      0.68     33151

2024-03-08 04:27:23,630 - root - INFO - Epoch 2/20, Train Loss: 1.1498635403867394, Val Loss: 1.030572243540295
2024-03-08 04:54:21,234 - root - INFO -               precision    recall  f1-score   support

           0       0.86      0.87      0.87      3684
           1       0.68      0.80      0.73      3654
           2       0.74      0.75      0.74      3717
           3       0.67      0.62      0.64      3771
           4       0.81      0.67      0.74      3709
           5       0.81      0.75      0.78      3670
           6       0.88      0.63      0.73      3724
           7       0.70      0.70      0.70      3594
           8       0.58      0.81      0.67      3628

    accuracy                           0.73     33151
   macro avg       0.75      0.73      0.74     33151
weighted avg       0.75      0.73      0.74     33151

2024-03-08 04:54:21,234 - root - INFO - Epoch 3/20, Train Loss: 0.9342484566867598, Val Loss: 0.854504235092646
2024-03-08 05:21:17,041 - root - INFO -               precision    recall  f1-score   support

           0       0.89      0.87      0.88      3684
           1       0.73      0.79      0.76      3654
           2       0.84      0.74      0.78      3717
           3       0.71      0.60      0.65      3771
           4       0.77      0.76      0.76      3709
           5       0.84      0.74      0.79      3670
           6       0.85      0.66      0.74      3724
           7       0.65      0.78      0.71      3594
           8       0.61      0.84      0.71      3628

    accuracy                           0.75     33151
   macro avg       0.76      0.75      0.75     33151
weighted avg       0.76      0.75      0.75     33151

2024-03-08 05:21:17,042 - root - INFO - Epoch 4/20, Train Loss: 0.8229040239742711, Val Loss: 0.7990767528599324
2024-03-08 05:48:07,814 - root - INFO -               precision    recall  f1-score   support

           0       0.90      0.89      0.89      3684
           1       0.74      0.79      0.77      3654
           2       0.81      0.77      0.79      3717
           3       0.78      0.60      0.68      3771
           4       0.80      0.75      0.77      3709
           5       0.81      0.77      0.79      3670
           6       0.73      0.74      0.74      3724
           7       0.71      0.78      0.74      3594
           8       0.67      0.82      0.74      3628

    accuracy                           0.77     33151
   macro avg       0.77      0.77      0.77     33151
weighted avg       0.77      0.77      0.77     33151

2024-03-08 05:48:07,814 - root - INFO - Epoch 5/20, Train Loss: 0.7532874269609712, Val Loss: 0.7567555035373528
2024-03-08 06:15:05,893 - root - INFO -               precision    recall  f1-score   support

           0       0.90      0.89      0.90      3684
           1       0.79      0.77      0.78      3654
           2       0.79      0.80      0.79      3717
           3       0.70      0.70      0.70      3771
           4       0.77      0.78      0.78      3709
           5       0.81      0.77      0.79      3670
           6       0.87      0.68      0.77      3724
           7       0.77      0.76      0.76      3594
           8       0.66      0.85      0.74      3628

    accuracy                           0.78     33151
   macro avg       0.78      0.78      0.78     33151
weighted avg       0.78      0.78      0.78     33151

2024-03-08 06:15:05,893 - root - INFO - Epoch 6/20, Train Loss: 0.7030706610484395, Val Loss: 0.7308572125249324
2024-03-08 06:41:51,598 - root - INFO -               precision    recall  f1-score   support

           0       0.90      0.91      0.90      3684
           1       0.79      0.79      0.79      3654
           2       0.79      0.80      0.79      3717
           3       0.80      0.63      0.71      3771
           4       0.72      0.82      0.76      3709
           5       0.85      0.76      0.80      3670
           6       0.80      0.73      0.76      3724
           7       0.74      0.80      0.77      3594
           8       0.70      0.82      0.76      3628

    accuracy                           0.78     33151
   macro avg       0.79      0.78      0.78     33151
weighted avg       0.79      0.78      0.78     33151

2024-03-08 06:41:51,598 - root - INFO - Epoch 7/20, Train Loss: 0.6597232800362226, Val Loss: 0.7123637397035186
2024-03-08 07:08:44,936 - root - INFO -               precision    recall  f1-score   support

           0       0.92      0.89      0.91      3684
           1       0.76      0.81      0.79      3654
           2       0.84      0.79      0.81      3717
           3       0.73      0.69      0.71      3771
           4       0.79      0.80      0.79      3709
           5       0.81      0.80      0.80      3670
           6       0.81      0.74      0.77      3724
           7       0.70      0.82      0.75      3594
           8       0.77      0.78      0.78      3628

    accuracy                           0.79     33151
   macro avg       0.79      0.79      0.79     33151
weighted avg       0.79      0.79      0.79     33151

2024-03-08 07:08:44,937 - root - INFO - Epoch 8/20, Train Loss: 0.620807040787808, Val Loss: 0.6971774481888475
2024-03-08 07:35:39,268 - root - INFO -               precision    recall  f1-score   support

           0       0.89      0.91      0.90      3684
           1       0.76      0.82      0.79      3654
           2       0.82      0.80      0.81      3717
           3       0.75      0.68      0.72      3771
           4       0.74      0.83      0.78      3709
           5       0.88      0.75      0.81      3670
           6       0.78      0.75      0.77      3724
           7       0.77      0.77      0.77      3594
           8       0.74      0.81      0.77      3628

    accuracy                           0.79     33151
   macro avg       0.79      0.79      0.79     33151
weighted avg       0.79      0.79      0.79     33151

2024-03-08 07:35:39,269 - root - INFO - Epoch 9/20, Train Loss: 0.5816322090805218, Val Loss: 0.694469134531274
2024-03-08 08:02:24,101 - root - INFO -               precision    recall  f1-score   support

           0       0.90      0.90      0.90      3684
           1       0.78      0.82      0.80      3654
           2       0.70      0.85      0.77      3717
           3       0.83      0.64      0.72      3771
           4       0.83      0.77      0.80      3709
           5       0.82      0.80      0.81      3670
           6       0.81      0.75      0.77      3724
           7       0.75      0.80      0.77      3594
           8       0.75      0.81      0.78      3628

    accuracy                           0.79     33151
   macro avg       0.80      0.79      0.79     33151
weighted avg       0.80      0.79      0.79     33151

2024-03-08 08:02:24,101 - root - INFO - Epoch 10/20, Train Loss: 0.5462295415112556, Val Loss: 0.6968340830063446
2024-03-08 08:29:12,670 - root - INFO -               precision    recall  f1-score   support

           0       0.94      0.88      0.91      3684
           1       0.79      0.79      0.79      3654
           2       0.81      0.81      0.81      3717
           3       0.80      0.66      0.72      3771
           4       0.72      0.83      0.77      3709
           5       0.82      0.79      0.81      3670
           6       0.77      0.77      0.77      3724
           7       0.81      0.77      0.79      3594
           8       0.72      0.84      0.77      3628

    accuracy                           0.79     33151
   macro avg       0.80      0.79      0.79     33151
weighted avg       0.80      0.79      0.79     33151

2024-03-08 08:29:12,670 - root - INFO - Epoch 11/20, Train Loss: 0.5106211249447736, Val Loss: 0.6956272202467135
2024-03-08 08:56:04,794 - root - INFO -               precision    recall  f1-score   support

           0       0.88      0.92      0.90      3684
           1       0.77      0.82      0.80      3654
           2       0.85      0.79      0.82      3717
           3       0.82      0.64      0.72      3771
           4       0.80      0.79      0.79      3709
           5       0.80      0.82      0.81      3670
           6       0.82      0.73      0.77      3724
           7       0.75      0.81      0.78      3594
           8       0.70      0.85      0.77      3628

    accuracy                           0.80     33151
   macro avg       0.80      0.80      0.79     33151
weighted avg       0.80      0.80      0.79     33151

2024-03-08 08:56:04,795 - root - INFO - Epoch 12/20, Train Loss: 0.48174738044626364, Val Loss: 0.7124644713212503
2024-03-08 09:23:02,508 - root - INFO -               precision    recall  f1-score   support

           0       0.92      0.90      0.91      3684
           1       0.77      0.81      0.79      3654
           2       0.87      0.79      0.83      3717
           3       0.69      0.73      0.71      3771
           4       0.81      0.78      0.80      3709
           5       0.80      0.81      0.81      3670
           6       0.84      0.72      0.77      3724
           7       0.72      0.82      0.77      3594
           8       0.77      0.78      0.77      3628

    accuracy                           0.79     33151
   macro avg       0.80      0.80      0.80     33151
weighted avg       0.80      0.79      0.80     33151

2024-03-08 09:23:02,508 - root - INFO - Epoch 13/20, Train Loss: 0.4469623867086481, Val Loss: 0.7321827617375827
2024-03-08 09:49:41,765 - root - INFO -               precision    recall  f1-score   support

           0       0.87      0.92      0.90      3684
           1       0.79      0.79      0.79      3654
           2       0.83      0.80      0.81      3717
           3       0.74      0.72      0.73      3771
           4       0.79      0.81      0.80      3709
           5       0.81      0.81      0.81      3670
           6       0.79      0.75      0.77      3724
           7       0.77      0.80      0.79      3594
           8       0.78      0.79      0.79      3628

    accuracy                           0.80     33151
   macro avg       0.80      0.80      0.80     33151
weighted avg       0.80      0.80      0.80     33151

2024-03-08 09:49:41,765 - root - INFO - Epoch 14/20, Train Loss: 0.41927035267536455, Val Loss: 0.7281230705535443
2024-03-08 10:16:34,790 - root - INFO -               precision    recall  f1-score   support

           0       0.88      0.92      0.90      3684
           1       0.76      0.80      0.78      3654
           2       0.83      0.80      0.82      3717
           3       0.75      0.71      0.73      3771
           4       0.76      0.81      0.79      3709
           5       0.74      0.82      0.78      3670
           6       0.82      0.73      0.77      3724
           7       0.79      0.77      0.78      3594
           8       0.80      0.77      0.78      3628

    accuracy                           0.79     33151
   macro avg       0.79      0.79      0.79     33151
weighted avg       0.79      0.79      0.79     33151

2024-03-08 10:16:34,790 - root - INFO - Epoch 15/20, Train Loss: 0.3861538772867966, Val Loss: 0.749358180511311
2024-03-08 10:43:25,896 - root - INFO -               precision    recall  f1-score   support

           0       0.85      0.93      0.89      3684
           1       0.76      0.82      0.79      3654
           2       0.87      0.77      0.82      3717
           3       0.71      0.74      0.73      3771
           4       0.80      0.79      0.80      3709
           5       0.82      0.79      0.80      3670
           6       0.80      0.74      0.77      3724
           7       0.84      0.74      0.79      3594
           8       0.73      0.83      0.78      3628

    accuracy                           0.80     33151
   macro avg       0.80      0.80      0.80     33151
weighted avg       0.80      0.80      0.80     33151

2024-03-08 10:43:25,897 - root - INFO - Epoch 16/20, Train Loss: 0.35312595813110703, Val Loss: 0.7873457806102687
2024-03-08 11:10:06,839 - root - INFO -               precision    recall  f1-score   support

           0       0.88      0.92      0.90      3684
           1       0.80      0.78      0.79      3654
           2       0.83      0.80      0.82      3717
           3       0.77      0.69      0.73      3771
           4       0.78      0.81      0.79      3709
           5       0.72      0.83      0.77      3670
           6       0.84      0.73      0.78      3724
           7       0.78      0.80      0.79      3594
           8       0.76      0.80      0.78      3628

    accuracy                           0.79     33151
   macro avg       0.80      0.79      0.79     33151
weighted avg       0.80      0.79      0.79     33151

2024-03-08 11:10:06,839 - root - INFO - Epoch 17/20, Train Loss: 0.3286929541599465, Val Loss: 0.7845135824464068
2024-03-08 11:37:01,664 - root - INFO -               precision    recall  f1-score   support

           0       0.91      0.91      0.91      3684
           1       0.73      0.83      0.77      3654
           2       0.80      0.82      0.81      3717
           3       0.74      0.70      0.72      3771
           4       0.77      0.80      0.79      3709
           5       0.85      0.77      0.81      3670
           6       0.79      0.75      0.77      3724
           7       0.76      0.81      0.78      3594
           8       0.79      0.76      0.78      3628

    accuracy                           0.79     33151
   macro avg       0.79      0.79      0.79     33151
weighted avg       0.79      0.79      0.79     33151

2024-03-08 11:37:01,664 - root - INFO - Epoch 18/20, Train Loss: 0.3003178462447757, Val Loss: 0.8092509402088413
2024-03-08 12:03:37,025 - root - INFO -               precision    recall  f1-score   support

           0       0.89      0.92      0.90      3684
           1       0.76      0.80      0.78      3654
           2       0.83      0.80      0.82      3717
           3       0.78      0.66      0.72      3771
           4       0.76      0.82      0.79      3709
           5       0.79      0.81      0.80      3670
           6       0.75      0.77      0.76      3724
           7       0.81      0.76      0.79      3594
           8       0.75      0.79      0.77      3628

    accuracy                           0.79     33151
   macro avg       0.79      0.79      0.79     33151
weighted avg       0.79      0.79      0.79     33151

2024-03-08 12:03:37,026 - root - INFO - Epoch 19/20, Train Loss: 0.26972048259760056, Val Loss: 0.835196669934321
2024-03-08 12:28:16,917 - root - INFO -               precision    recall  f1-score   support

           0       0.92      0.89      0.91      3684
           1       0.73      0.82      0.77      3654
           2       0.83      0.80      0.81      3717
           3       0.72      0.71      0.72      3771
           4       0.75      0.82      0.78      3709
           5       0.76      0.81      0.78      3670
           6       0.80      0.74      0.77      3724
           7       0.83      0.74      0.78      3594
           8       0.79      0.78      0.78      3628

    accuracy                           0.79     33151
   macro avg       0.79      0.79      0.79     33151
weighted avg       0.79      0.79      0.79     33151

2024-03-08 12:28:16,918 - root - INFO - Epoch 20/20, Train Loss: 0.2448760025554496, Val Loss: 0.8667984522218593
2024-03-08 12:34:22,409 - root - INFO -               precision    recall  f1-score   support

           0       0.92      0.89      0.91      3684
           1       0.73      0.82      0.77      3654
           2       0.83      0.80      0.81      3717
           3       0.72      0.71      0.72      3771
           4       0.75      0.82      0.78      3709
           5       0.76      0.81      0.78      3670
           6       0.80      0.74      0.77      3724
           7       0.83      0.74      0.78      3594
           8       0.79      0.78      0.78      3628

    accuracy                           0.79     33151
   macro avg       0.79      0.79      0.79     33151
weighted avg       0.79      0.79      0.79     33151

