2024-03-09 09:34:08,035 - root - INFO - This is a log info
2024-03-09 09:53:50,915 - root - INFO -               precision    recall  f1-score   support

           0       0.99      0.03      0.06      3684
           1       1.00      0.00      0.00      3654
           2       1.00      0.00      0.00      3717
           3       1.00      0.00      0.00      3771
           4       0.11      1.00      0.20      3709
           5       1.00      0.00      0.00      3670
           6       0.94      0.09      0.17      3724
           7       1.00      0.00      0.00      3594
           8       1.00      0.00      0.00      3628

    accuracy                           0.13     33151
   macro avg       0.89      0.12      0.05     33151
weighted avg       0.89      0.13      0.05     33151

2024-03-09 09:53:50,915 - root - INFO - Epoch 1/20, Train Loss: 2.182797302186144, Val Loss: 2.1718409790906
2024-03-09 10:13:12,755 - root - INFO -               precision    recall  f1-score   support

           0       0.23      0.56      0.32      3684
           1       0.19      0.08      0.11      3654
           2       0.36      0.54      0.43      3717
           3       0.25      0.01      0.02      3771
           4       0.29      0.68      0.41      3709
           5       0.35      0.11      0.16      3670
           6       0.50      0.60      0.54      3724
           7       0.19      0.02      0.03      3594
           8       0.24      0.16      0.19      3628

    accuracy                           0.31     33151
   macro avg       0.29      0.31      0.25     33151
weighted avg       0.29      0.31      0.25     33151

2024-03-09 10:13:12,755 - root - INFO - Epoch 2/20, Train Loss: 2.1253037405369004, Val Loss: 1.8828116986033159
2024-03-09 10:32:55,711 - root - INFO -               precision    recall  f1-score   support

           0       0.32      0.39      0.35      3684
           1       0.27      0.32      0.30      3654
           2       0.48      0.47      0.47      3717
           3       0.32      0.18      0.23      3771
           4       0.48      0.53      0.50      3709
           5       0.43      0.45      0.44      3670
           6       0.50      0.64      0.56      3724
           7       0.27      0.20      0.23      3594
           8       0.30      0.27      0.28      3628

    accuracy                           0.38     33151
   macro avg       0.37      0.38      0.37     33151
weighted avg       0.38      0.38      0.37     33151

2024-03-09 10:32:55,711 - root - INFO - Epoch 3/20, Train Loss: 1.7751171832443566, Val Loss: 1.7766417901888716
2024-03-09 10:52:33,472 - root - INFO -               precision    recall  f1-score   support

           0       0.30      0.51      0.38      3684
           1       0.28      0.39      0.33      3654
           2       0.48      0.50      0.49      3717
           3       0.44      0.21      0.28      3771
           4       0.66      0.53      0.58      3709
           5       0.47      0.49      0.48      3670
           6       0.63      0.58      0.61      3724
           7       0.54      0.17      0.26      3594
           8       0.33      0.43      0.37      3628

    accuracy                           0.42     33151
   macro avg       0.46      0.42      0.42     33151
weighted avg       0.46      0.42      0.42     33151

2024-03-09 10:52:33,472 - root - INFO - Epoch 4/20, Train Loss: 1.6629795363562674, Val Loss: 1.6271702557508232
2024-03-09 11:12:28,490 - root - INFO -               precision    recall  f1-score   support

           0       0.30      0.52      0.38      3684
           1       0.39      0.25      0.30      3654
           2       0.37      0.56      0.44      3717
           3       0.37      0.31      0.34      3771
           4       0.62      0.56      0.59      3709
           5       0.51      0.44      0.47      3670
           6       0.62      0.61      0.62      3724
           7       0.49      0.19      0.27      3594
           8       0.33      0.37      0.35      3628

    accuracy                           0.42     33151
   macro avg       0.44      0.42      0.42     33151
weighted avg       0.44      0.42      0.42     33151

2024-03-09 11:12:28,490 - root - INFO - Epoch 5/20, Train Loss: 1.6088151420020584, Val Loss: 1.6178924518992095
2024-03-09 11:32:50,513 - root - INFO -               precision    recall  f1-score   support

           0       0.31      0.52      0.39      3684
           1       0.36      0.31      0.33      3654
           2       0.47      0.51      0.49      3717
           3       0.47      0.23      0.31      3771
           4       0.67      0.56      0.61      3709
           5       0.46      0.52      0.49      3670
           6       0.81      0.52      0.63      3724
           7       0.30      0.28      0.29      3594
           8       0.34      0.46      0.39      3628

    accuracy                           0.43     33151
   macro avg       0.46      0.43      0.44     33151
weighted avg       0.47      0.43      0.44     33151

2024-03-09 11:32:50,513 - root - INFO - Epoch 6/20, Train Loss: 1.5751902694244637, Val Loss: 1.5924008702775845
2024-03-09 11:53:20,497 - root - INFO -               precision    recall  f1-score   support

           0       0.33      0.46      0.39      3684
           1       0.29      0.40      0.34      3654
           2       0.38      0.55      0.45      3717
           3       0.45      0.29      0.35      3771
           4       0.70      0.54      0.61      3709
           5       0.55      0.45      0.49      3670
           6       0.66      0.62      0.64      3724
           7       0.38      0.25      0.30      3594
           8       0.40      0.38      0.39      3628

    accuracy                           0.44     33151
   macro avg       0.46      0.44      0.44     33151
weighted avg       0.46      0.44      0.44     33151

2024-03-09 11:53:20,497 - root - INFO - Epoch 7/20, Train Loss: 1.547167281457666, Val Loss: 1.5767888120495785
2024-03-09 12:13:46,699 - root - INFO -               precision    recall  f1-score   support

           0       0.32      0.52      0.39      3684
           1       0.35      0.34      0.35      3654
           2       0.50      0.49      0.49      3717
           3       0.41      0.36      0.38      3771
           4       0.72      0.54      0.61      3709
           5       0.52      0.47      0.50      3670
           6       0.69      0.60      0.64      3724
           7       0.38      0.23      0.29      3594
           8       0.32      0.47      0.38      3628

    accuracy                           0.45     33151
   macro avg       0.47      0.45      0.45     33151
weighted avg       0.47      0.45      0.45     33151

2024-03-09 12:13:46,700 - root - INFO - Epoch 8/20, Train Loss: 1.524831537671874, Val Loss: 1.574933140598837
2024-03-09 12:33:59,821 - root - INFO -               precision    recall  f1-score   support

           0       0.32      0.52      0.40      3684
           1       0.36      0.34      0.35      3654
           2       0.47      0.52      0.49      3717
           3       0.42      0.35      0.38      3771
           4       0.70      0.55      0.62      3709
           5       0.59      0.41      0.48      3670
           6       0.65      0.61      0.63      3724
           7       0.50      0.20      0.28      3594
           8       0.30      0.51      0.37      3628

    accuracy                           0.45     33151
   macro avg       0.48      0.44      0.45     33151
weighted avg       0.48      0.45      0.45     33151

2024-03-09 12:33:59,821 - root - INFO - Epoch 9/20, Train Loss: 1.503413479420841, Val Loss: 1.5665507522745084
2024-03-09 12:53:44,940 - root - INFO -               precision    recall  f1-score   support

           0       0.31      0.54      0.40      3684
           1       0.34      0.35      0.34      3654
           2       0.50      0.48      0.49      3717
           3       0.43      0.34      0.38      3771
           4       0.66      0.55      0.60      3709
           5       0.50      0.46      0.48      3670
           6       0.70      0.60      0.64      3724
           7       0.36      0.27      0.31      3594
           8       0.36      0.41      0.38      3628

    accuracy                           0.44     33151
   macro avg       0.46      0.44      0.45     33151
weighted avg       0.46      0.44      0.45     33151

2024-03-09 12:53:44,940 - root - INFO - Epoch 10/20, Train Loss: 1.4813946080266986, Val Loss: 1.5661274202448696
2024-03-09 13:13:17,002 - root - INFO -               precision    recall  f1-score   support

           0       0.32      0.54      0.40      3684
           1       0.29      0.41      0.34      3654
           2       0.46      0.51      0.48      3717
           3       0.45      0.31      0.37      3771
           4       0.67      0.55      0.60      3709
           5       0.53      0.46      0.49      3670
           6       0.68      0.59      0.63      3724
           7       0.52      0.20      0.29      3594
           8       0.36      0.42      0.39      3628

    accuracy                           0.44     33151
   macro avg       0.48      0.44      0.44     33151
weighted avg       0.48      0.44      0.45     33151

2024-03-09 13:13:17,003 - root - INFO - Epoch 11/20, Train Loss: 1.4595624663003521, Val Loss: 1.5722428657455447
2024-03-09 13:32:44,639 - root - INFO -               precision    recall  f1-score   support

           0       0.34      0.49      0.40      3684
           1       0.31      0.42      0.35      3654
           2       0.48      0.51      0.49      3717
           3       0.42      0.36      0.38      3771
           4       0.74      0.51      0.60      3709
           5       0.52      0.46      0.49      3670
           6       0.70      0.59      0.64      3724
           7       0.36      0.25      0.29      3594
           8       0.37      0.43      0.40      3628

    accuracy                           0.45     33151
   macro avg       0.47      0.45      0.45     33151
weighted avg       0.47      0.45      0.45     33151

2024-03-09 13:32:44,640 - root - INFO - Epoch 12/20, Train Loss: 1.4394257238721728, Val Loss: 1.5868780229617443
2024-03-09 13:52:54,637 - root - INFO -               precision    recall  f1-score   support

           0       0.32      0.55      0.40      3684
           1       0.28      0.48      0.35      3654
           2       0.49      0.48      0.49      3717
           3       0.43      0.33      0.38      3771
           4       0.68      0.55      0.61      3709
           5       0.50      0.50      0.50      3670
           6       0.81      0.53      0.64      3724
           7       0.48      0.22      0.30      3594
           8       0.42      0.36      0.39      3628

    accuracy                           0.45     33151
   macro avg       0.49      0.45      0.45     33151
weighted avg       0.49      0.45      0.45     33151

2024-03-09 13:52:54,637 - root - INFO - Epoch 13/20, Train Loss: 1.4146446631997946, Val Loss: 1.608307339056186
2024-03-09 14:12:30,801 - root - INFO -               precision    recall  f1-score   support

           0       0.32      0.51      0.39      3684
           1       0.38      0.31      0.34      3654
           2       0.44      0.53      0.48      3717
           3       0.46      0.30      0.37      3771
           4       0.64      0.57      0.60      3709
           5       0.50      0.49      0.49      3670
           6       0.76      0.56      0.65      3724
           7       0.48      0.21      0.29      3594
           8       0.31      0.53      0.39      3628

    accuracy                           0.45     33151
   macro avg       0.48      0.44      0.44     33151
weighted avg       0.48      0.45      0.45     33151

2024-03-09 14:12:30,801 - root - INFO - Epoch 14/20, Train Loss: 1.3893151179239511, Val Loss: 1.6064344136834536
2024-03-09 14:32:29,404 - root - INFO -               precision    recall  f1-score   support

           0       0.34      0.48      0.39      3684
           1       0.35      0.36      0.35      3654
           2       0.52      0.43      0.47      3717
           3       0.42      0.32      0.36      3771
           4       0.66      0.56      0.60      3709
           5       0.50      0.47      0.48      3670
           6       0.70      0.58      0.63      3724
           7       0.28      0.32      0.30      3594
           8       0.36      0.45      0.40      3628

    accuracy                           0.44     33151
   macro avg       0.46      0.44      0.44     33151
weighted avg       0.46      0.44      0.45     33151

2024-03-09 14:32:29,405 - root - INFO - Epoch 15/20, Train Loss: 1.3603582216058514, Val Loss: 1.643290241021153
2024-03-09 14:52:20,778 - root - INFO -               precision    recall  f1-score   support

           0       0.33      0.50      0.40      3684
           1       0.29      0.40      0.33      3654
           2       0.53      0.43      0.47      3717
           3       0.44      0.32      0.37      3771
           4       0.59      0.60      0.60      3709
           5       0.53      0.42      0.47      3670
           6       0.76      0.53      0.63      3724
           7       0.42      0.22      0.29      3594
           8       0.33      0.50      0.40      3628

    accuracy                           0.44     33151
   macro avg       0.47      0.44      0.44     33151
weighted avg       0.47      0.44      0.44     33151

2024-03-09 14:52:20,778 - root - INFO - Epoch 16/20, Train Loss: 1.332378976644811, Val Loss: 1.6905578408089235
2024-03-09 15:11:59,807 - root - INFO -               precision    recall  f1-score   support

           0       0.31      0.54      0.39      3684
           1       0.28      0.45      0.35      3654
           2       0.49      0.44      0.47      3717
           3       0.47      0.29      0.35      3771
           4       0.65      0.56      0.60      3709
           5       0.48      0.47      0.48      3670
           6       0.74      0.54      0.62      3724
           7       0.39      0.25      0.30      3594
           8       0.39      0.38      0.39      3628

    accuracy                           0.43     33151
   macro avg       0.47      0.43      0.44     33151
weighted avg       0.47      0.43      0.44     33151

2024-03-09 15:11:59,808 - root - INFO - Epoch 17/20, Train Loss: 1.2987995959195942, Val Loss: 1.6908761561357404
2024-03-09 15:31:38,247 - root - INFO -               precision    recall  f1-score   support

           0       0.32      0.54      0.40      3684
           1       0.29      0.41      0.34      3654
           2       0.46      0.49      0.48      3717
           3       0.43      0.33      0.38      3771
           4       0.64      0.55      0.59      3709
           5       0.48      0.46      0.47      3670
           6       0.71      0.57      0.63      3724
           7       0.49      0.20      0.28      3594
           8       0.40      0.40      0.40      3628

    accuracy                           0.44     33151
   macro avg       0.47      0.44      0.44     33151
weighted avg       0.47      0.44      0.44     33151

2024-03-09 15:31:38,248 - root - INFO - Epoch 18/20, Train Loss: 1.2674675349660705, Val Loss: 1.7084376295315318
2024-03-09 15:51:11,727 - root - INFO -               precision    recall  f1-score   support

           0       0.32      0.55      0.40      3684
           1       0.31      0.37      0.33      3654
           2       0.47      0.46      0.46      3717
           3       0.48      0.29      0.37      3771
           4       0.70      0.52      0.60      3709
           5       0.47      0.48      0.48      3670
           6       0.71      0.58      0.64      3724
           7       0.34      0.25      0.29      3594
           8       0.36      0.41      0.39      3628

    accuracy                           0.44     33151
   macro avg       0.46      0.44      0.44     33151
weighted avg       0.46      0.44      0.44     33151

2024-03-09 15:51:11,727 - root - INFO - Epoch 19/20, Train Loss: 1.233027194234534, Val Loss: 1.7531927457844947
2024-03-09 16:10:35,222 - root - INFO -               precision    recall  f1-score   support

           0       0.32      0.50      0.39      3684
           1       0.40      0.27      0.32      3654
           2       0.40      0.50      0.44      3717
           3       0.41      0.32      0.36      3771
           4       0.73      0.49      0.59      3709
           5       0.49      0.46      0.47      3670
           6       0.70      0.56      0.63      3724
           7       0.40      0.21      0.28      3594
           8       0.30      0.53      0.38      3628

    accuracy                           0.43     33151
   macro avg       0.46      0.43      0.43     33151
weighted avg       0.46      0.43      0.43     33151

2024-03-09 16:10:35,223 - root - INFO - Epoch 20/20, Train Loss: 1.1988826789473384, Val Loss: 1.7965713471065463
2024-03-09 16:14:09,590 - root - INFO -               precision    recall  f1-score   support

           0       0.32      0.50      0.39      3684
           1       0.40      0.27      0.32      3654
           2       0.40      0.50      0.44      3717
           3       0.41      0.32      0.36      3771
           4       0.73      0.49      0.59      3709
           5       0.49      0.46      0.47      3670
           6       0.70      0.56      0.63      3724
           7       0.40      0.21      0.28      3594
           8       0.30      0.53      0.38      3628

    accuracy                           0.43     33151
   macro avg       0.46      0.43      0.43     33151
weighted avg       0.46      0.43      0.43     33151

