2024-03-05 16:58:54,015 - root - INFO - This is a log info
2024-03-05 17:33:28,270 - root - INFO -               precision    recall  f1-score   support

           0       0.84      0.92      0.88      3705
           1       0.80      0.84      0.82      3629
           2       0.89      0.83      0.86      3723
           3       0.72      0.72      0.72      3770
           4       0.47      0.40      0.43      3725
           5       0.88      0.78      0.83      3737
           6       0.77      0.91      0.83      3602
           7       0.88      0.63      0.74      3733
           8       0.74      0.74      0.74      3580
           9       0.63      0.83      0.72      3630

    accuracy                           0.76     36834
   macro avg       0.76      0.76      0.76     36834
weighted avg       0.76      0.76      0.76     36834

2024-03-05 17:33:28,271 - root - INFO - Epoch 1/20, Train Loss: 1.1253975169124304, Val Loss: 0.7970607791951796
2024-03-05 18:08:00,352 - root - INFO -               precision    recall  f1-score   support

           0       0.87      0.91      0.89      3705
           1       0.82      0.86      0.84      3629
           2       0.85      0.88      0.87      3723
           3       0.78      0.71      0.74      3770
           4       0.62      0.39      0.48      3725
           5       0.82      0.90      0.85      3737
           6       0.87      0.85      0.86      3602
           7       0.81      0.75      0.78      3733
           8       0.78      0.81      0.80      3580
           9       0.67      0.87      0.76      3630

    accuracy                           0.79     36834
   macro avg       0.79      0.79      0.79     36834
weighted avg       0.79      0.79      0.79     36834

2024-03-05 18:08:00,353 - root - INFO - Epoch 2/20, Train Loss: 0.7235546344176922, Val Loss: 0.6698827956420187
2024-03-05 18:42:28,088 - root - INFO -               precision    recall  f1-score   support

           0       0.82      0.96      0.88      3705
           1       0.80      0.89      0.85      3629
           2       0.86      0.90      0.88      3723
           3       0.72      0.78      0.75      3770
           4       0.70      0.36      0.48      3725
           5       0.84      0.89      0.86      3737
           6       0.84      0.90      0.87      3602
           7       0.88      0.72      0.79      3733
           8       0.81      0.82      0.81      3580
           9       0.76      0.85      0.80      3630

    accuracy                           0.81     36834
   macro avg       0.80      0.81      0.80     36834
weighted avg       0.80      0.81      0.80     36834

2024-03-05 18:42:28,088 - root - INFO - Epoch 3/20, Train Loss: 0.624553057267341, Val Loss: 0.6369876223614532
2024-03-05 19:17:00,693 - root - INFO -               precision    recall  f1-score   support

           0       0.84      0.96      0.89      3705
           1       0.81      0.90      0.85      3629
           2       0.84      0.91      0.87      3723
           3       0.80      0.75      0.77      3770
           4       0.71      0.39      0.50      3725
           5       0.86      0.89      0.87      3737
           6       0.86      0.88      0.87      3602
           7       0.82      0.79      0.81      3733
           8       0.82      0.84      0.83      3580
           9       0.76      0.87      0.81      3630

    accuracy                           0.82     36834
   macro avg       0.81      0.82      0.81     36834
weighted avg       0.81      0.82      0.81     36834

2024-03-05 19:17:00,694 - root - INFO - Epoch 4/20, Train Loss: 0.5627033088691893, Val Loss: 0.6071794163088796
2024-03-05 19:51:20,227 - root - INFO -               precision    recall  f1-score   support

           0       0.85      0.95      0.90      3705
           1       0.80      0.90      0.85      3629
           2       0.88      0.90      0.89      3723
           3       0.78      0.76      0.77      3770
           4       0.68      0.42      0.52      3725
           5       0.84      0.90      0.87      3737
           6       0.86      0.88      0.87      3602
           7       0.81      0.80      0.81      3733
           8       0.85      0.83      0.84      3580
           9       0.79      0.85      0.82      3630

    accuracy                           0.82     36834
   macro avg       0.81      0.82      0.81     36834
weighted avg       0.81      0.82      0.81     36834

2024-03-05 19:51:20,227 - root - INFO - Epoch 5/20, Train Loss: 0.513713536782666, Val Loss: 0.5972199181091024
2024-03-05 20:25:55,657 - root - INFO -               precision    recall  f1-score   support

           0       0.85      0.95      0.89      3705
           1       0.84      0.88      0.86      3629
           2       0.83      0.91      0.87      3723
           3       0.81      0.72      0.76      3770
           4       0.78      0.36      0.49      3725
           5       0.81      0.92      0.86      3737
           6       0.86      0.88      0.87      3602
           7       0.83      0.79      0.81      3733
           8       0.71      0.90      0.80      3580
           9       0.80      0.82      0.81      3630

    accuracy                           0.81     36834
   macro avg       0.81      0.81      0.80     36834
weighted avg       0.81      0.81      0.80     36834

2024-03-05 20:25:55,658 - root - INFO - Epoch 6/20, Train Loss: 0.4703554807540115, Val Loss: 0.6333816750220344
2024-03-05 21:00:27,091 - root - INFO -               precision    recall  f1-score   support

           0       0.87      0.95      0.91      3705
           1       0.80      0.90      0.85      3629
           2       0.87      0.90      0.89      3723
           3       0.79      0.76      0.78      3770
           4       0.72      0.40      0.51      3725
           5       0.85      0.89      0.87      3737
           6       0.84      0.91      0.87      3602
           7       0.84      0.78      0.81      3733
           8       0.82      0.86      0.84      3580
           9       0.76      0.88      0.81      3630

    accuracy                           0.82     36834
   macro avg       0.82      0.82      0.81     36834
weighted avg       0.82      0.82      0.81     36834

2024-03-05 21:00:27,091 - root - INFO - Epoch 7/20, Train Loss: 0.4268392652927808, Val Loss: 0.6087866055853445
2024-03-05 21:34:50,825 - root - INFO -               precision    recall  f1-score   support

           0       0.86      0.94      0.90      3705
           1       0.84      0.88      0.86      3629
           2       0.89      0.88      0.89      3723
           3       0.80      0.76      0.78      3770
           4       0.64      0.49      0.55      3725
           5       0.86      0.88      0.87      3737
           6       0.85      0.89      0.87      3602
           7       0.79      0.83      0.81      3733
           8       0.86      0.83      0.84      3580
           9       0.79      0.84      0.82      3630

    accuracy                           0.82     36834
   macro avg       0.82      0.82      0.82     36834
weighted avg       0.82      0.82      0.82     36834

2024-03-05 21:34:50,825 - root - INFO - Epoch 8/20, Train Loss: 0.3849644203041351, Val Loss: 0.6143143363966515
2024-03-05 22:09:08,933 - root - INFO -               precision    recall  f1-score   support

           0       0.87      0.90      0.89      3705
           1       0.82      0.89      0.85      3629
           2       0.87      0.90      0.88      3723
           3       0.81      0.75      0.78      3770
           4       0.59      0.50      0.54      3725
           5       0.83      0.89      0.86      3737
           6       0.86      0.89      0.87      3602
           7       0.88      0.76      0.81      3733
           8       0.88      0.82      0.85      3580
           9       0.75      0.89      0.81      3630

    accuracy                           0.82     36834
   macro avg       0.82      0.82      0.81     36834
weighted avg       0.82      0.82      0.81     36834

2024-03-05 22:09:08,934 - root - INFO - Epoch 9/20, Train Loss: 0.34601354648373683, Val Loss: 0.6486347189502102
2024-03-05 22:43:35,565 - root - INFO -               precision    recall  f1-score   support

           0       0.83      0.96      0.89      3705
           1       0.81      0.89      0.85      3629
           2       0.87      0.90      0.89      3723
           3       0.78      0.77      0.78      3770
           4       0.69      0.42      0.52      3725
           5       0.86      0.88      0.87      3737
           6       0.83      0.91      0.87      3602
           7       0.87      0.76      0.81      3733
           8       0.84      0.85      0.84      3580
           9       0.75      0.87      0.81      3630

    accuracy                           0.82     36834
   macro avg       0.81      0.82      0.81     36834
weighted avg       0.81      0.82      0.81     36834

2024-03-05 22:43:35,566 - root - INFO - Epoch 10/20, Train Loss: 0.3102939973515268, Val Loss: 0.6753611626904427
2024-03-05 23:18:10,739 - root - INFO -               precision    recall  f1-score   support

           0       0.85      0.95      0.89      3705
           1       0.82      0.89      0.85      3629
           2       0.88      0.90      0.89      3723
           3       0.79      0.76      0.77      3770
           4       0.68      0.43      0.52      3725
           5       0.86      0.88      0.87      3737
           6       0.85      0.87      0.86      3602
           7       0.83      0.79      0.81      3733
           8       0.81      0.86      0.84      3580
           9       0.75      0.87      0.80      3630

    accuracy                           0.82     36834
   macro avg       0.81      0.82      0.81     36834
weighted avg       0.81      0.82      0.81     36834

2024-03-05 23:18:10,739 - root - INFO - Epoch 11/20, Train Loss: 0.2749229646603385, Val Loss: 0.6955698342103747
2024-03-05 23:52:43,193 - root - INFO -               precision    recall  f1-score   support

           0       0.87      0.93      0.90      3705
           1       0.81      0.88      0.84      3629
           2       0.89      0.89      0.89      3723
           3       0.80      0.75      0.77      3770
           4       0.64      0.44      0.52      3725
           5       0.84      0.90      0.87      3737
           6       0.88      0.86      0.87      3602
           7       0.82      0.81      0.81      3733
           8       0.81      0.87      0.84      3580
           9       0.77      0.86      0.81      3630

    accuracy                           0.82     36834
   macro avg       0.81      0.82      0.81     36834
weighted avg       0.81      0.82      0.81     36834

2024-03-05 23:52:43,193 - root - INFO - Epoch 12/20, Train Loss: 0.24312590675085938, Val Loss: 0.7241834363377093
2024-03-06 00:27:06,640 - root - INFO -               precision    recall  f1-score   support

           0       0.88      0.89      0.89      3705
           1       0.84      0.86      0.85      3629
           2       0.84      0.91      0.87      3723
           3       0.81      0.74      0.77      3770
           4       0.59      0.50      0.54      3725
           5       0.84      0.89      0.87      3737
           6       0.85      0.88      0.86      3602
           7       0.86      0.76      0.80      3733
           8       0.84      0.84      0.84      3580
           9       0.75      0.86      0.81      3630

    accuracy                           0.81     36834
   macro avg       0.81      0.81      0.81     36834
weighted avg       0.81      0.81      0.81     36834

2024-03-06 00:27:06,640 - root - INFO - Epoch 13/20, Train Loss: 0.21807339287634137, Val Loss: 0.7500448702678442
2024-03-06 01:01:38,463 - root - INFO -               precision    recall  f1-score   support

           0       0.87      0.91      0.89      3705
           1       0.80      0.90      0.85      3629
           2       0.86      0.90      0.88      3723
           3       0.78      0.75      0.77      3770
           4       0.63      0.43      0.51      3725
           5       0.86      0.88      0.87      3737
           6       0.86      0.86      0.86      3602
           7       0.83      0.80      0.81      3733
           8       0.78      0.87      0.83      3580
           9       0.79      0.83      0.81      3630

    accuracy                           0.81     36834
   macro avg       0.81      0.81      0.81     36834
weighted avg       0.81      0.81      0.81     36834

2024-03-06 01:01:38,463 - root - INFO - Epoch 14/20, Train Loss: 0.19551511107765732, Val Loss: 0.7783348387768791
2024-03-06 01:36:07,601 - root - INFO -               precision    recall  f1-score   support

           0       0.86      0.92      0.89      3705
           1       0.83      0.86      0.84      3629
           2       0.82      0.91      0.86      3723
           3       0.80      0.73      0.76      3770
           4       0.59      0.48      0.53      3725
           5       0.81      0.91      0.86      3737
           6       0.88      0.85      0.86      3602
           7       0.84      0.79      0.82      3733
           8       0.83      0.85      0.84      3580
           9       0.80      0.82      0.81      3630

    accuracy                           0.81     36834
   macro avg       0.81      0.81      0.81     36834
weighted avg       0.81      0.81      0.81     36834

2024-03-06 01:36:07,601 - root - INFO - Epoch 15/20, Train Loss: 0.17277839187080524, Val Loss: 0.8127669417302111
2024-03-06 02:10:37,937 - root - INFO -               precision    recall  f1-score   support

           0       0.88      0.89      0.88      3705
           1       0.80      0.89      0.84      3629
           2       0.88      0.89      0.89      3723
           3       0.77      0.76      0.76      3770
           4       0.55      0.50      0.52      3725
           5       0.89      0.83      0.86      3737
           6       0.83      0.89      0.86      3602
           7       0.84      0.77      0.81      3733
           8       0.84      0.84      0.84      3580
           9       0.78      0.83      0.81      3630

    accuracy                           0.81     36834
   macro avg       0.81      0.81      0.81     36834
weighted avg       0.81      0.81      0.81     36834

2024-03-06 02:10:37,937 - root - INFO - Epoch 16/20, Train Loss: 0.15906396538590595, Val Loss: 0.8367237087607986
2024-03-06 02:43:32,076 - root - INFO -               precision    recall  f1-score   support

           0       0.85      0.91      0.88      3705
           1       0.88      0.81      0.84      3629
           2       0.87      0.88      0.88      3723
           3       0.79      0.75      0.77      3770
           4       0.56      0.49      0.52      3725
           5       0.82      0.90      0.86      3737
           6       0.83      0.88      0.86      3602
           7       0.86      0.77      0.81      3733
           8       0.76      0.88      0.81      3580
           9       0.78      0.78      0.78      3630

    accuracy                           0.80     36834
   macro avg       0.80      0.80      0.80     36834
weighted avg       0.80      0.80      0.80     36834

2024-03-06 02:43:32,076 - root - INFO - Epoch 17/20, Train Loss: 0.14066458328149253, Val Loss: 0.8755761000480534
2024-03-06 03:15:36,858 - root - INFO -               precision    recall  f1-score   support

           0       0.88      0.85      0.86      3705
           1       0.84      0.85      0.85      3629
           2       0.87      0.87      0.87      3723
           3       0.81      0.71      0.76      3770
           4       0.50      0.55      0.52      3725
           5       0.84      0.88      0.86      3737
           6       0.84      0.87      0.85      3602
           7       0.86      0.76      0.81      3733
           8       0.83      0.85      0.84      3580
           9       0.78      0.82      0.80      3630

    accuracy                           0.80     36834
   macro avg       0.80      0.80      0.80     36834
weighted avg       0.80      0.80      0.80     36834

2024-03-06 03:15:36,859 - root - INFO - Epoch 18/20, Train Loss: 0.12918808289310513, Val Loss: 0.8896721748806803
2024-03-06 03:47:44,112 - root - INFO -               precision    recall  f1-score   support

           0       0.88      0.86      0.87      3705
           1       0.83      0.86      0.84      3629
           2       0.86      0.89      0.88      3723
           3       0.74      0.78      0.76      3770
           4       0.56      0.50      0.53      3725
           5       0.86      0.87      0.87      3737
           6       0.87      0.87      0.87      3602
           7       0.87      0.76      0.81      3733
           8       0.78      0.87      0.82      3580
           9       0.81      0.80      0.81      3630

    accuracy                           0.81     36834
   macro avg       0.81      0.81      0.81     36834
weighted avg       0.81      0.81      0.81     36834

2024-03-06 03:47:44,113 - root - INFO - Epoch 19/20, Train Loss: 0.11974282625907295, Val Loss: 0.9149553543867451
2024-03-06 04:21:18,987 - root - INFO -               precision    recall  f1-score   support

           0       0.88      0.86      0.87      3705
           1       0.81      0.85      0.83      3629
           2       0.86      0.89      0.87      3723
           3       0.79      0.74      0.76      3770
           4       0.53      0.51      0.52      3725
           5       0.86      0.87      0.86      3737
           6       0.88      0.84      0.86      3602
           7       0.82      0.79      0.81      3733
           8       0.83      0.85      0.84      3580
           9       0.79      0.84      0.81      3630

    accuracy                           0.80     36834
   macro avg       0.80      0.81      0.80     36834
weighted avg       0.80      0.80      0.80     36834

2024-03-06 04:21:18,988 - root - INFO - Epoch 20/20, Train Loss: 0.10901810777216195, Val Loss: 0.9286782653452021
2024-03-06 04:29:43,550 - root - INFO -               precision    recall  f1-score   support

           0       0.88      0.86      0.87      3705
           1       0.81      0.85      0.83      3629
           2       0.86      0.89      0.87      3723
           3       0.79      0.74      0.76      3770
           4       0.53      0.51      0.52      3725
           5       0.86      0.87      0.86      3737
           6       0.88      0.84      0.86      3602
           7       0.82      0.79      0.81      3733
           8       0.83      0.85      0.84      3580
           9       0.79      0.84      0.81      3630

    accuracy                           0.80     36834
   macro avg       0.80      0.81      0.80     36834
weighted avg       0.80      0.80      0.80     36834

