2024-03-06 04:51:07,238 - root - INFO - This is a log info
2024-03-06 14:59:27,961 - root - INFO - This is a log info
2024-03-06 15:18:07,201 - root - INFO -               precision    recall  f1-score   support

           0       0.24      0.47      0.32      3705
           1       0.25      0.24      0.24      3629
           2       0.21      0.33      0.26      3723
           3       0.33      0.20      0.25      3770
           4       0.38      0.26      0.31      3725
           5       0.54      0.51      0.52      3737
           6       0.39      0.47      0.42      3602
           7       0.64      0.53      0.58      3733
           8       0.51      0.18      0.26      3580
           9       0.37      0.30      0.33      3630

    accuracy                           0.35     36834
   macro avg       0.39      0.35      0.35     36834
weighted avg       0.39      0.35      0.35     36834

2024-03-06 15:18:07,202 - root - INFO - Epoch 1/20, Train Loss: 1.9350271427356212, Val Loss: 1.848764942705602
2024-03-06 15:35:48,953 - root - INFO -               precision    recall  f1-score   support

           0       0.25      0.50      0.33      3705
           1       0.26      0.27      0.27      3629
           2       0.22      0.39      0.28      3723
           3       0.46      0.17      0.25      3770
           4       0.42      0.27      0.33      3725
           5       0.47      0.58      0.52      3737
           6       0.43      0.43      0.43      3602
           7       0.55      0.61      0.57      3733
           8       0.57      0.16      0.25      3580
           9       0.47      0.21      0.29      3630

    accuracy                           0.36     36834
   macro avg       0.41      0.36      0.35     36834
weighted avg       0.41      0.36      0.35     36834

2024-03-06 15:35:48,954 - root - INFO - Epoch 2/20, Train Loss: 1.8187056720389951, Val Loss: 1.8083811142665074
2024-03-06 15:53:56,915 - root - INFO -               precision    recall  f1-score   support

           0       0.27      0.44      0.33      3705
           1       0.31      0.18      0.23      3629
           2       0.21      0.36      0.27      3723
           3       0.34      0.31      0.32      3770
           4       0.40      0.33      0.37      3725
           5       0.65      0.50      0.57      3737
           6       0.46      0.44      0.45      3602
           7       0.62      0.56      0.59      3733
           8       0.42      0.20      0.27      3580
           9       0.32      0.39      0.35      3630

    accuracy                           0.37     36834
   macro avg       0.40      0.37      0.38     36834
weighted avg       0.40      0.37      0.38     36834

2024-03-06 15:53:56,915 - root - INFO - Epoch 3/20, Train Loss: 1.7758956285705338, Val Loss: 1.7830126920339047
2024-03-06 16:16:03,607 - root - INFO -               precision    recall  f1-score   support

           0       0.34      0.32      0.33      3705
           1       0.24      0.35      0.29      3629
           2       0.20      0.42      0.27      3723
           3       0.43      0.24      0.31      3770
           4       0.38      0.36      0.37      3725
           5       0.57      0.54      0.56      3737
           6       0.49      0.41      0.45      3602
           7       0.67      0.56      0.61      3733
           8       0.41      0.21      0.28      3580
           9       0.39      0.34      0.36      3630

    accuracy                           0.38     36834
   macro avg       0.41      0.37      0.38     36834
weighted avg       0.41      0.38      0.38     36834

2024-03-06 16:16:03,607 - root - INFO - Epoch 4/20, Train Loss: 1.748056817480813, Val Loss: 1.7668792662328234
2024-03-06 16:36:40,166 - root - INFO -               precision    recall  f1-score   support

           0       0.26      0.48      0.34      3705
           1       0.30      0.22      0.25      3629
           2       0.23      0.28      0.25      3723
           3       0.33      0.32      0.33      3770
           4       0.42      0.30      0.35      3725
           5       0.57      0.56      0.57      3737
           6       0.50      0.40      0.45      3602
           7       0.57      0.61      0.59      3733
           8       0.43      0.20      0.27      3580
           9       0.33      0.38      0.35      3630

    accuracy                           0.38     36834
   macro avg       0.39      0.37      0.37     36834
weighted avg       0.39      0.38      0.37     36834

2024-03-06 16:36:40,166 - root - INFO - Epoch 5/20, Train Loss: 1.7247127147193109, Val Loss: 1.775509856970191
2024-03-06 16:59:09,299 - root - INFO -               precision    recall  f1-score   support

           0       0.26      0.50      0.34      3705
           1       0.27      0.31      0.29      3629
           2       0.23      0.31      0.26      3723
           3       0.39      0.29      0.33      3770
           4       0.40      0.33      0.36      3725
           5       0.63      0.54      0.58      3737
           6       0.50      0.42      0.46      3602
           7       0.67      0.56      0.61      3733
           8       0.38      0.23      0.28      3580
           9       0.38      0.35      0.36      3630

    accuracy                           0.38     36834
   macro avg       0.41      0.38      0.39     36834
weighted avg       0.41      0.38      0.39     36834

2024-03-06 16:59:09,299 - root - INFO - Epoch 6/20, Train Loss: 1.7043214936089532, Val Loss: 1.7543429986217702
2024-03-06 17:21:03,969 - root - INFO -               precision    recall  f1-score   support

           0       0.26      0.50      0.34      3705
           1       0.30      0.25      0.27      3629
           2       0.22      0.35      0.27      3723
           3       0.38      0.29      0.33      3770
           4       0.43      0.30      0.35      3725
           5       0.62      0.55      0.58      3737
           6       0.51      0.40      0.45      3602
           7       0.66      0.55      0.60      3733
           8       0.42      0.21      0.28      3580
           9       0.32      0.40      0.36      3630

    accuracy                           0.38     36834
   macro avg       0.41      0.38      0.38     36834
weighted avg       0.41      0.38      0.38     36834

2024-03-06 17:21:03,969 - root - INFO - Epoch 7/20, Train Loss: 1.683634594227073, Val Loss: 1.7568952149907806
2024-03-06 17:42:55,909 - root - INFO -               precision    recall  f1-score   support

           0       0.26      0.51      0.34      3705
           1       0.32      0.20      0.25      3629
           2       0.22      0.39      0.28      3723
           3       0.37      0.31      0.33      3770
           4       0.39      0.31      0.35      3725
           5       0.64      0.53      0.58      3737
           6       0.59      0.35      0.44      3602
           7       0.60      0.58      0.59      3733
           8       0.46      0.20      0.28      3580
           9       0.33      0.37      0.35      3630

    accuracy                           0.38     36834
   macro avg       0.42      0.38      0.38     36834
weighted avg       0.42      0.38      0.38     36834

2024-03-06 17:42:55,909 - root - INFO - Epoch 8/20, Train Loss: 1.6640995434656662, Val Loss: 1.768022517573596
2024-03-06 18:04:36,716 - root - INFO -               precision    recall  f1-score   support

           0       0.27      0.48      0.35      3705
           1       0.34      0.20      0.25      3629
           2       0.21      0.48      0.29      3723
           3       0.39      0.30      0.34      3770
           4       0.41      0.30      0.35      3725
           5       0.67      0.52      0.58      3737
           6       0.51      0.43      0.46      3602
           7       0.55      0.61      0.58      3733
           8       0.45      0.22      0.29      3580
           9       0.44      0.28      0.34      3630

    accuracy                           0.38     36834
   macro avg       0.42      0.38      0.38     36834
weighted avg       0.42      0.38      0.38     36834

2024-03-06 18:04:36,716 - root - INFO - Epoch 9/20, Train Loss: 1.642687571288398, Val Loss: 1.7621391224810656
2024-03-06 18:26:35,780 - root - INFO -               precision    recall  f1-score   support

           0       0.27      0.50      0.35      3705
           1       0.28      0.29      0.28      3629
           2       0.22      0.38      0.28      3723
           3       0.40      0.30      0.34      3770
           4       0.41      0.31      0.35      3725
           5       0.67      0.52      0.59      3737
           6       0.51      0.42      0.46      3602
           7       0.72      0.53      0.61      3733
           8       0.42      0.21      0.28      3580
           9       0.37      0.37      0.37      3630

    accuracy                           0.38     36834
   macro avg       0.43      0.38      0.39     36834
weighted avg       0.43      0.38      0.39     36834

2024-03-06 18:26:35,781 - root - INFO - Epoch 10/20, Train Loss: 1.6182164708270301, Val Loss: 1.7639772040891732
2024-03-06 18:48:37,510 - root - INFO -               precision    recall  f1-score   support

           0       0.26      0.52      0.35      3705
           1       0.27      0.27      0.27      3629
           2       0.22      0.35      0.27      3723
           3       0.38      0.29      0.33      3770
           4       0.38      0.33      0.36      3725
           5       0.64      0.53      0.58      3737
           6       0.50      0.41      0.45      3602
           7       0.72      0.52      0.61      3733
           8       0.47      0.19      0.27      3580
           9       0.35      0.36      0.35      3630

    accuracy                           0.38     36834
   macro avg       0.42      0.38      0.38     36834
weighted avg       0.42      0.38      0.38     36834

2024-03-06 18:48:37,510 - root - INFO - Epoch 11/20, Train Loss: 1.5996180778107179, Val Loss: 1.778982850493842
2024-03-06 19:10:29,975 - root - INFO -               precision    recall  f1-score   support

           0       0.31      0.15      0.21      3705
           1       0.38      0.03      0.05      3629
           2       0.27      0.04      0.07      3723
           3       0.32      0.14      0.20      3770
           4       0.27      0.28      0.28      3725
           5       0.59      0.38      0.46      3737
           6       0.33      0.51      0.40      3602
           7       0.62      0.47      0.53      3733
           8       0.47      0.12      0.19      3580
           9       0.14      0.65      0.23      3630

    accuracy                           0.28     36834
   macro avg       0.37      0.28      0.26     36834
weighted avg       0.37      0.28      0.26     36834

2024-03-06 19:10:29,976 - root - INFO - Epoch 12/20, Train Loss: 1.5721694301156437, Val Loss: 1.9523809689771743
2024-03-06 19:32:30,688 - root - INFO -               precision    recall  f1-score   support

           0       0.25      0.38      0.30      3705
           1       0.22      0.02      0.03      3629
           2       0.19      0.48      0.27      3723
           3       0.23      0.25      0.24      3770
           4       0.23      0.33      0.27      3725
           5       0.78      0.30      0.43      3737
           6       0.52      0.27      0.36      3602
           7       0.61      0.52      0.56      3733
           8       0.44      0.16      0.24      3580
           9       0.26      0.29      0.27      3630

    accuracy                           0.30     36834
   macro avg       0.37      0.30      0.30     36834
weighted avg       0.37      0.30      0.30     36834

2024-03-06 19:32:30,688 - root - INFO - Epoch 13/20, Train Loss: 2.036445142702655, Val Loss: 1.9362766455961904
2024-03-06 19:54:20,323 - root - INFO -               precision    recall  f1-score   support

           0       0.25      0.44      0.32      3705
           1       0.24      0.16      0.19      3629
           2       0.19      0.42      0.26      3723
           3       0.37      0.16      0.22      3770
           4       0.39      0.26      0.31      3725
           5       0.48      0.52      0.50      3737
           6       0.47      0.41      0.44      3602
           7       0.60      0.55      0.57      3733
           8       0.55      0.17      0.26      3580
           9       0.30      0.34      0.32      3630

    accuracy                           0.34     36834
   macro avg       0.38      0.34      0.34     36834
weighted avg       0.38      0.34      0.34     36834

2024-03-06 19:54:20,324 - root - INFO - Epoch 14/20, Train Loss: 1.8740731728050306, Val Loss: 1.8630754095584878
2024-03-06 20:16:17,864 - root - INFO -               precision    recall  f1-score   support

           0       0.25      0.45      0.32      3705
           1       0.23      0.31      0.26      3629
           2       0.21      0.33      0.26      3723
           3       0.36      0.22      0.27      3770
           4       0.40      0.31      0.35      3725
           5       0.66      0.45      0.54      3737
           6       0.38      0.50      0.44      3602
           7       0.52      0.62      0.56      3733
           8       0.59      0.16      0.25      3580
           9       0.50      0.20      0.28      3630

    accuracy                           0.36     36834
   macro avg       0.41      0.36      0.35     36834
weighted avg       0.41      0.36      0.35     36834

2024-03-06 20:16:17,865 - root - INFO - Epoch 15/20, Train Loss: 1.8158573889501577, Val Loss: 1.8205796840259887
2024-03-06 20:38:12,921 - root - INFO -               precision    recall  f1-score   support

           0       0.22      0.56      0.32      3705
           1       0.23      0.35      0.28      3629
           2       0.22      0.28      0.24      3723
           3       0.35      0.20      0.26      3770
           4       0.41      0.26      0.32      3725
           5       0.59      0.47      0.53      3737
           6       0.50      0.28      0.36      3602
           7       0.67      0.52      0.59      3733
           8       0.39      0.18      0.25      3580
           9       0.35      0.30      0.32      3630

    accuracy                           0.34     36834
   macro avg       0.39      0.34      0.35     36834
weighted avg       0.39      0.34      0.35     36834

2024-03-06 20:38:12,921 - root - INFO - Epoch 16/20, Train Loss: 1.7825424129716159, Val Loss: 1.8676669215860846
2024-03-06 21:00:09,821 - root - INFO -               precision    recall  f1-score   support

           0       0.27      0.45      0.34      3705
           1       0.26      0.32      0.28      3629
           2       0.21      0.37      0.27      3723
           3       0.37      0.29      0.33      3770
           4       0.39      0.34      0.36      3725
           5       0.66      0.50      0.57      3737
           6       0.46      0.43      0.45      3602
           7       0.69      0.54      0.61      3733
           8       0.46      0.19      0.27      3580
           9       0.38      0.31      0.34      3630

    accuracy                           0.37     36834
   macro avg       0.42      0.37      0.38     36834
weighted avg       0.42      0.37      0.38     36834

2024-03-06 21:00:09,821 - root - INFO - Epoch 17/20, Train Loss: 1.7535579583579182, Val Loss: 1.7784565896056352
2024-03-06 21:21:57,627 - root - INFO -               precision    recall  f1-score   support

           0       0.24      0.48      0.32      3705
           1       0.25      0.18      0.21      3629
           2       0.21      0.12      0.15      3723
           3       0.27      0.28      0.27      3770
           4       0.36      0.30      0.33      3725
           5       0.48      0.52      0.50      3737
           6       0.58      0.26      0.36      3602
           7       0.69      0.53      0.60      3733
           8       0.20      0.37      0.26      3580
           9       0.37      0.27      0.31      3630

    accuracy                           0.33     36834
   macro avg       0.37      0.33      0.33     36834
weighted avg       0.37      0.33      0.33     36834

2024-03-06 21:21:57,627 - root - INFO - Epoch 18/20, Train Loss: 1.8549326067972076, Val Loss: 1.8596421673844574
2024-03-06 21:43:37,782 - root - INFO -               precision    recall  f1-score   support

           0       0.27      0.50      0.35      3705
           1       0.27      0.33      0.30      3629
           2       0.22      0.36      0.27      3723
           3       0.40      0.29      0.34      3770
           4       0.39      0.32      0.35      3725
           5       0.65      0.53      0.58      3737
           6       0.48      0.44      0.46      3602
           7       0.60      0.58      0.59      3733
           8       0.55      0.17      0.26      3580
           9       0.42      0.29      0.35      3630

    accuracy                           0.38     36834
   macro avg       0.42      0.38      0.38     36834
weighted avg       0.42      0.38      0.38     36834

2024-03-06 21:43:37,782 - root - INFO - Epoch 19/20, Train Loss: 1.6981874897865243, Val Loss: 1.7705644575736679
2024-03-06 22:05:52,839 - root - INFO -               precision    recall  f1-score   support

           0       0.26      0.54      0.35      3705
           1       0.28      0.27      0.28      3629
           2       0.23      0.36      0.28      3723
           3       0.40      0.29      0.34      3770
           4       0.42      0.28      0.34      3725
           5       0.65      0.53      0.58      3737
           6       0.46      0.45      0.45      3602
           7       0.63      0.57      0.60      3733
           8       0.43      0.21      0.28      3580
           9       0.40      0.31      0.35      3630

    accuracy                           0.38     36834
   macro avg       0.42      0.38      0.38     36834
weighted avg       0.42      0.38      0.38     36834

2024-03-06 22:05:52,839 - root - INFO - Epoch 20/20, Train Loss: 1.609446124274253, Val Loss: 1.7755479776309744
2024-03-06 22:10:30,889 - root - INFO -               precision    recall  f1-score   support

           0       0.26      0.54      0.35      3705
           1       0.28      0.27      0.28      3629
           2       0.23      0.36      0.28      3723
           3       0.40      0.29      0.34      3770
           4       0.42      0.28      0.34      3725
           5       0.65      0.53      0.58      3737
           6       0.46      0.45      0.45      3602
           7       0.63      0.57      0.60      3733
           8       0.43      0.21      0.28      3580
           9       0.40      0.31      0.35      3630

    accuracy                           0.38     36834
   macro avg       0.42      0.38      0.38     36834
weighted avg       0.42      0.38      0.38     36834

