2024-03-05 17:06:32,912 - root - INFO - This is a log info
2024-03-05 17:34:43,104 - root - INFO -               precision    recall  f1-score   support

           0       0.90      0.94      0.92      3705
           1       0.88      0.90      0.89      3629
           2       0.91      0.92      0.92      3723
           3       0.82      0.78      0.80      3770
           4       0.76      0.47      0.58      3725
           5       0.88      0.92      0.90      3737
           6       0.90      0.90      0.90      3602
           7       0.85      0.88      0.86      3733
           8       0.79      0.92      0.85      3580
           9       0.81      0.90      0.85      3630

    accuracy                           0.85     36834
   macro avg       0.85      0.85      0.85     36834
weighted avg       0.85      0.85      0.85     36834

2024-03-05 17:34:43,105 - root - INFO - Epoch 1/20, Train Loss: 0.6419409112040888, Val Loss: 0.487780684620108
2024-03-05 18:02:41,459 - root - INFO -               precision    recall  f1-score   support

           0       0.89      0.96      0.93      3705
           1       0.85      0.92      0.88      3629
           2       0.92      0.92      0.92      3723
           3       0.86      0.72      0.79      3770
           4       0.76      0.50      0.60      3725
           5       0.87      0.91      0.89      3737
           6       0.89      0.90      0.90      3602
           7       0.81      0.93      0.87      3733
           8       0.85      0.91      0.88      3580
           9       0.84      0.90      0.87      3630

    accuracy                           0.86     36834
   macro avg       0.85      0.86      0.85     36834
weighted avg       0.85      0.86      0.85     36834

2024-03-05 18:02:41,459 - root - INFO - Epoch 2/20, Train Loss: 0.4493696017111759, Val Loss: 0.45929073918142144
2024-03-05 18:30:24,116 - root - INFO -               precision    recall  f1-score   support

           0       0.90      0.95      0.92      3705
           1       0.90      0.87      0.88      3629
           2       0.94      0.90      0.92      3723
           3       0.78      0.84      0.81      3770
           4       0.71      0.56      0.62      3725
           5       0.89      0.91      0.90      3737
           6       0.87      0.92      0.90      3602
           7       0.84      0.91      0.87      3733
           8       0.91      0.87      0.89      3580
           9       0.84      0.87      0.86      3630

    accuracy                           0.86     36834
   macro avg       0.86      0.86      0.86     36834
weighted avg       0.86      0.86      0.86     36834

2024-03-05 18:30:24,116 - root - INFO - Epoch 3/20, Train Loss: 0.38452718227724486, Val Loss: 0.4446955729451314
2024-03-05 18:57:44,933 - root - INFO -               precision    recall  f1-score   support

           0       0.88      0.97      0.93      3705
           1       0.87      0.90      0.89      3629
           2       0.92      0.92      0.92      3723
           3       0.77      0.85      0.81      3770
           4       0.76      0.51      0.61      3725
           5       0.90      0.88      0.89      3737
           6       0.87      0.93      0.90      3602
           7       0.87      0.87      0.87      3733
           8       0.89      0.88      0.89      3580
           9       0.84      0.89      0.86      3630

    accuracy                           0.86     36834
   macro avg       0.86      0.86      0.86     36834
weighted avg       0.86      0.86      0.86     36834

2024-03-05 18:57:44,934 - root - INFO - Epoch 4/20, Train Loss: 0.3320681675103557, Val Loss: 0.45541273840748736
2024-03-05 19:25:18,542 - root - INFO -               precision    recall  f1-score   support

           0       0.92      0.91      0.92      3705
           1       0.84      0.91      0.87      3629
           2       0.91      0.92      0.92      3723
           3       0.81      0.81      0.81      3770
           4       0.67      0.60      0.63      3725
           5       0.92      0.87      0.90      3737
           6       0.85      0.94      0.89      3602
           7       0.92      0.80      0.86      3733
           8       0.88      0.90      0.89      3580
           9       0.82      0.89      0.85      3630

    accuracy                           0.85     36834
   macro avg       0.85      0.85      0.85     36834
weighted avg       0.85      0.85      0.85     36834

2024-03-05 19:25:18,543 - root - INFO - Epoch 5/20, Train Loss: 0.28326453966985243, Val Loss: 0.48484544334074
2024-03-05 19:52:59,017 - root - INFO -               precision    recall  f1-score   support

           0       0.90      0.95      0.93      3705
           1       0.88      0.88      0.88      3629
           2       0.93      0.90      0.92      3723
           3       0.83      0.78      0.80      3770
           4       0.69      0.57      0.62      3725
           5       0.88      0.92      0.90      3737
           6       0.87      0.91      0.89      3602
           7       0.89      0.86      0.87      3733
           8       0.86      0.90      0.88      3580
           9       0.82      0.91      0.86      3630

    accuracy                           0.86     36834
   macro avg       0.86      0.86      0.86     36834
weighted avg       0.86      0.86      0.86     36834

2024-03-05 19:52:59,017 - root - INFO - Epoch 6/20, Train Loss: 0.2424793722425613, Val Loss: 0.49718599986608003
2024-03-05 20:20:51,652 - root - INFO -               precision    recall  f1-score   support

           0       0.90      0.96      0.93      3705
           1       0.88      0.89      0.88      3629
           2       0.90      0.92      0.91      3723
           3       0.86      0.73      0.79      3770
           4       0.76      0.51      0.61      3725
           5       0.85      0.94      0.89      3737
           6       0.89      0.90      0.90      3602
           7       0.87      0.86      0.86      3733
           8       0.81      0.93      0.87      3580
           9       0.80      0.90      0.85      3630

    accuracy                           0.85     36834
   macro avg       0.85      0.85      0.85     36834
weighted avg       0.85      0.85      0.85     36834

2024-03-05 20:20:51,652 - root - INFO - Epoch 7/20, Train Loss: 0.20602019301221075, Val Loss: 0.5584744789309485
2024-03-05 20:48:38,238 - root - INFO -               precision    recall  f1-score   support

           0       0.91      0.93      0.92      3705
           1       0.88      0.89      0.88      3629
           2       0.88      0.94      0.91      3723
           3       0.81      0.79      0.80      3770
           4       0.67      0.57      0.61      3725
           5       0.88      0.91      0.89      3737
           6       0.89      0.89      0.89      3602
           7       0.91      0.81      0.86      3733
           8       0.86      0.91      0.88      3580
           9       0.81      0.91      0.86      3630

    accuracy                           0.85     36834
   macro avg       0.85      0.85      0.85     36834
weighted avg       0.85      0.85      0.85     36834

2024-03-05 20:48:38,238 - root - INFO - Epoch 8/20, Train Loss: 0.17766893666850614, Val Loss: 0.5545258190303437
2024-03-05 21:16:07,320 - root - INFO -               precision    recall  f1-score   support

           0       0.91      0.93      0.92      3705
           1       0.89      0.85      0.87      3629
           2       0.93      0.89      0.91      3723
           3       0.82      0.77      0.80      3770
           4       0.61      0.60      0.60      3725
           5       0.87      0.92      0.90      3737
           6       0.87      0.92      0.89      3602
           7       0.88      0.87      0.87      3733
           8       0.91      0.87      0.89      3580
           9       0.81      0.90      0.86      3630

    accuracy                           0.85     36834
   macro avg       0.85      0.85      0.85     36834
weighted avg       0.85      0.85      0.85     36834

2024-03-05 21:16:07,320 - root - INFO - Epoch 9/20, Train Loss: 0.15181253237437597, Val Loss: 0.5850816557252938
2024-03-05 21:43:33,152 - root - INFO -               precision    recall  f1-score   support

           0       0.91      0.93      0.92      3705
           1       0.87      0.91      0.89      3629
           2       0.91      0.93      0.92      3723
           3       0.79      0.81      0.80      3770
           4       0.68      0.56      0.62      3725
           5       0.90      0.89      0.89      3737
           6       0.90      0.88      0.89      3602
           7       0.86      0.89      0.87      3733
           8       0.89      0.88      0.88      3580
           9       0.83      0.89      0.85      3630

    accuracy                           0.86     36834
   macro avg       0.85      0.86      0.85     36834
weighted avg       0.85      0.86      0.85     36834

2024-03-05 21:43:33,153 - root - INFO - Epoch 10/20, Train Loss: 0.13314558123325068, Val Loss: 0.5935999660051277
2024-03-05 22:11:09,744 - root - INFO -               precision    recall  f1-score   support

           0       0.90      0.92      0.91      3705
           1       0.86      0.90      0.88      3629
           2       0.89      0.93      0.91      3723
           3       0.83      0.76      0.79      3770
           4       0.67      0.55      0.61      3725
           5       0.90      0.87      0.89      3737
           6       0.84      0.93      0.88      3602
           7       0.90      0.84      0.87      3733
           8       0.84      0.91      0.87      3580
           9       0.83      0.87      0.85      3630

    accuracy                           0.85     36834
   macro avg       0.85      0.85      0.85     36834
weighted avg       0.85      0.85      0.85     36834

2024-03-05 22:11:09,745 - root - INFO - Epoch 11/20, Train Loss: 0.11188349210430416, Val Loss: 0.6822877421521232
2024-03-05 22:39:04,441 - root - INFO -               precision    recall  f1-score   support

           0       0.91      0.93      0.92      3705
           1       0.86      0.88      0.87      3629
           2       0.91      0.92      0.92      3723
           3       0.81      0.80      0.80      3770
           4       0.68      0.55      0.61      3725
           5       0.88      0.91      0.89      3737
           6       0.85      0.93      0.89      3602
           7       0.88      0.87      0.88      3733
           8       0.89      0.87      0.88      3580
           9       0.84      0.88      0.86      3630

    accuracy                           0.85     36834
   macro avg       0.85      0.85      0.85     36834
weighted avg       0.85      0.85      0.85     36834

2024-03-05 22:39:04,441 - root - INFO - Epoch 12/20, Train Loss: 0.10120306617274537, Val Loss: 0.6652825191716532
2024-03-05 23:06:55,102 - root - INFO -               precision    recall  f1-score   support

           0       0.91      0.92      0.92      3705
           1       0.85      0.90      0.87      3629
           2       0.90      0.93      0.91      3723
           3       0.79      0.80      0.79      3770
           4       0.67      0.57      0.61      3725
           5       0.89      0.89      0.89      3737
           6       0.87      0.91      0.89      3602
           7       0.90      0.84      0.87      3733
           8       0.89      0.88      0.88      3580
           9       0.82      0.89      0.85      3630

    accuracy                           0.85     36834
   macro avg       0.85      0.85      0.85     36834
weighted avg       0.85      0.85      0.85     36834

2024-03-05 23:06:55,102 - root - INFO - Epoch 13/20, Train Loss: 0.0921839434141744, Val Loss: 0.7032368113229903
2024-03-05 23:34:27,846 - root - INFO -               precision    recall  f1-score   support

           0       0.91      0.93      0.92      3705
           1       0.85      0.88      0.87      3629
           2       0.91      0.91      0.91      3723
           3       0.76      0.84      0.79      3770
           4       0.65      0.56      0.60      3725
           5       0.92      0.85      0.88      3737
           6       0.84      0.93      0.88      3602
           7       0.93      0.80      0.86      3733
           8       0.88      0.89      0.88      3580
           9       0.83      0.88      0.86      3630

    accuracy                           0.85     36834
   macro avg       0.85      0.85      0.85     36834
weighted avg       0.85      0.85      0.85     36834

2024-03-05 23:34:27,847 - root - INFO - Epoch 14/20, Train Loss: 0.08139586207031793, Val Loss: 0.7210219343736336
2024-03-06 00:01:59,589 - root - INFO -               precision    recall  f1-score   support

           0       0.90      0.94      0.92      3705
           1       0.86      0.89      0.87      3629
           2       0.89      0.93      0.91      3723
           3       0.83      0.76      0.79      3770
           4       0.67      0.55      0.61      3725
           5       0.87      0.92      0.89      3737
           6       0.90      0.89      0.89      3602
           7       0.90      0.83      0.86      3733
           8       0.83      0.92      0.87      3580
           9       0.83      0.87      0.85      3630

    accuracy                           0.85     36834
   macro avg       0.85      0.85      0.85     36834
weighted avg       0.85      0.85      0.85     36834

2024-03-06 00:01:59,590 - root - INFO - Epoch 15/20, Train Loss: 0.0751445573523685, Val Loss: 0.7652873495615816
2024-03-06 00:29:38,050 - root - INFO -               precision    recall  f1-score   support

           0       0.90      0.93      0.91      3705
           1       0.85      0.90      0.88      3629
           2       0.93      0.90      0.91      3723
           3       0.81      0.79      0.80      3770
           4       0.64      0.57      0.60      3725
           5       0.86      0.91      0.89      3737
           6       0.88      0.90      0.89      3602
           7       0.91      0.81      0.86      3733
           8       0.89      0.89      0.89      3580
           9       0.80      0.90      0.85      3630

    accuracy                           0.85     36834
   macro avg       0.85      0.85      0.85     36834
weighted avg       0.85      0.85      0.85     36834

2024-03-06 00:29:38,050 - root - INFO - Epoch 16/20, Train Loss: 0.07009226783807719, Val Loss: 0.7698121683284411
2024-03-06 00:57:32,771 - root - INFO -               precision    recall  f1-score   support

           0       0.91      0.90      0.91      3705
           1       0.85      0.90      0.88      3629
           2       0.91      0.91      0.91      3723
           3       0.76      0.82      0.79      3770
           4       0.65      0.57      0.61      3725
           5       0.89      0.88      0.89      3737
           6       0.89      0.89      0.89      3602
           7       0.89      0.86      0.87      3733
           8       0.85      0.89      0.87      3580
           9       0.85      0.85      0.85      3630

    accuracy                           0.85     36834
   macro avg       0.85      0.85      0.85     36834
weighted avg       0.85      0.85      0.85     36834

2024-03-06 00:57:32,771 - root - INFO - Epoch 17/20, Train Loss: 0.06585372595011783, Val Loss: 0.7654013446017249
2024-03-06 01:25:21,625 - root - INFO -               precision    recall  f1-score   support

           0       0.91      0.91      0.91      3705
           1       0.86      0.88      0.87      3629
           2       0.92      0.91      0.92      3723
           3       0.81      0.79      0.80      3770
           4       0.61      0.61      0.61      3725
           5       0.90      0.88      0.89      3737
           6       0.90      0.88      0.89      3602
           7       0.89      0.85      0.87      3733
           8       0.88      0.89      0.89      3580
           9       0.80      0.90      0.85      3630

    accuracy                           0.85     36834
   macro avg       0.85      0.85      0.85     36834
weighted avg       0.85      0.85      0.85     36834

2024-03-06 01:25:21,626 - root - INFO - Epoch 18/20, Train Loss: 0.06253285152207969, Val Loss: 0.7670937330396451
2024-03-06 01:52:47,399 - root - INFO -               precision    recall  f1-score   support

           0       0.91      0.91      0.91      3705
           1       0.87      0.87      0.87      3629
           2       0.92      0.88      0.90      3723
           3       0.79      0.79      0.79      3770
           4       0.61      0.60      0.61      3725
           5       0.88      0.90      0.89      3737
           6       0.87      0.90      0.88      3602
           7       0.89      0.85      0.87      3733
           8       0.87      0.90      0.89      3580
           9       0.84      0.86      0.85      3630

    accuracy                           0.85     36834
   macro avg       0.85      0.85      0.85     36834
weighted avg       0.85      0.85      0.85     36834

2024-03-06 01:52:47,399 - root - INFO - Epoch 19/20, Train Loss: 0.05920883976422356, Val Loss: 0.7673160992661885
2024-03-06 02:20:17,658 - root - INFO -               precision    recall  f1-score   support

           0       0.90      0.95      0.93      3705
           1       0.86      0.89      0.87      3629
           2       0.91      0.92      0.92      3723
           3       0.79      0.80      0.80      3770
           4       0.66      0.57      0.61      3725
           5       0.88      0.90      0.89      3737
           6       0.90      0.87      0.89      3602
           7       0.91      0.84      0.87      3733
           8       0.87      0.90      0.88      3580
           9       0.82      0.89      0.85      3630

    accuracy                           0.85     36834
   macro avg       0.85      0.85      0.85     36834
weighted avg       0.85      0.85      0.85     36834

2024-03-06 02:20:17,659 - root - INFO - Epoch 20/20, Train Loss: 0.05604947556267206, Val Loss: 0.8081127264804273
2024-03-06 02:26:57,568 - root - INFO -               precision    recall  f1-score   support

           0       0.90      0.95      0.93      3705
           1       0.86      0.89      0.87      3629
           2       0.91      0.92      0.92      3723
           3       0.79      0.80      0.80      3770
           4       0.66      0.57      0.61      3725
           5       0.88      0.90      0.89      3737
           6       0.90      0.87      0.89      3602
           7       0.91      0.84      0.87      3733
           8       0.87      0.90      0.88      3580
           9       0.82      0.89      0.85      3630

    accuracy                           0.85     36834
   macro avg       0.85      0.85      0.85     36834
weighted avg       0.85      0.85      0.85     36834

