2024-03-06 03:56:59,272 - root - INFO - This is a log info
2024-03-06 04:29:50,152 - root - INFO -               precision    recall  f1-score   support

           0       0.79      0.91      0.84      5116
           1       0.92      0.95      0.94     10369
           2       0.89      0.85      0.87      4772
           3       0.79      0.85      0.82      3162
           4       0.72      0.76      0.74      4241
           5       0.61      0.29      0.39      3489
           6       0.75      0.88      0.81      2079
           7       0.51      0.53      0.52      1115
           8       0.64      0.65      0.65      1394
           9       0.58      0.58      0.58      1097

    accuracy                           0.80     36834
   macro avg       0.72      0.73      0.72     36834
weighted avg       0.79      0.80      0.79     36834

2024-03-06 04:29:50,152 - root - INFO - Epoch 1/20, Train Loss: 0.9574834640933255, Val Loss: 0.6621931875322297
2024-03-06 05:02:01,429 - root - INFO -               precision    recall  f1-score   support

           0       0.84      0.91      0.87      5116
           1       0.92      0.97      0.94     10369
           2       0.87      0.88      0.88      4772
           3       0.86      0.83      0.84      3162
           4       0.79      0.77      0.78      4241
           5       0.58      0.38      0.46      3489
           6       0.78      0.88      0.83      2079
           7       0.53      0.74      0.62      1115
           8       0.75      0.67      0.71      1394
           9       0.72      0.64      0.68      1097

    accuracy                           0.82     36834
   macro avg       0.76      0.77      0.76     36834
weighted avg       0.82      0.82      0.82     36834

2024-03-06 05:02:01,429 - root - INFO - Epoch 2/20, Train Loss: 0.6199918666373236, Val Loss: 0.5781904899731595
2024-03-06 05:35:17,307 - root - INFO -               precision    recall  f1-score   support

           0       0.84      0.92      0.88      5116
           1       0.92      0.97      0.94     10369
           2       0.84      0.91      0.88      4772
           3       0.85      0.86      0.85      3162
           4       0.84      0.74      0.79      4241
           5       0.60      0.42      0.50      3489
           6       0.82      0.86      0.84      2079
           7       0.65      0.64      0.64      1115
           8       0.81      0.66      0.73      1394
           9       0.67      0.73      0.70      1097

    accuracy                           0.83     36834
   macro avg       0.78      0.77      0.77     36834
weighted avg       0.83      0.83      0.83     36834

2024-03-06 05:35:17,307 - root - INFO - Epoch 3/20, Train Loss: 0.539750695494867, Val Loss: 0.5516558249784991
2024-03-06 06:08:24,536 - root - INFO -               precision    recall  f1-score   support

           0       0.81      0.94      0.87      5116
           1       0.94      0.96      0.95     10369
           2       0.88      0.90      0.89      4772
           3       0.79      0.90      0.84      3162
           4       0.80      0.78      0.79      4241
           5       0.74      0.33      0.46      3489
           6       0.79      0.87      0.83      2079
           7       0.60      0.76      0.67      1115
           8       0.76      0.69      0.72      1394
           9       0.69      0.75      0.72      1097

    accuracy                           0.84     36834
   macro avg       0.78      0.79      0.77     36834
weighted avg       0.83      0.84      0.83     36834

2024-03-06 06:08:24,536 - root - INFO - Epoch 4/20, Train Loss: 0.4847592807978902, Val Loss: 0.5512758547794859
2024-03-06 06:41:42,461 - root - INFO -               precision    recall  f1-score   support

           0       0.85      0.92      0.88      5116
           1       0.93      0.97      0.95     10369
           2       0.86      0.92      0.89      4772
           3       0.86      0.86      0.86      3162
           4       0.78      0.81      0.80      4241
           5       0.69      0.39      0.50      3489
           6       0.82      0.84      0.83      2079
           7       0.63      0.74      0.68      1115
           8       0.81      0.67      0.73      1394
           9       0.68      0.78      0.73      1097

    accuracy                           0.84     36834
   macro avg       0.79      0.79      0.79     36834
weighted avg       0.84      0.84      0.84     36834

2024-03-06 06:41:42,461 - root - INFO - Epoch 5/20, Train Loss: 0.44428282235530625, Val Loss: 0.5256928795613961
2024-03-06 07:15:00,857 - root - INFO -               precision    recall  f1-score   support

           0       0.86      0.91      0.88      5116
           1       0.94      0.97      0.95     10369
           2       0.87      0.91      0.89      4772
           3       0.83      0.89      0.86      3162
           4       0.83      0.77      0.80      4241
           5       0.67      0.43      0.52      3489
           6       0.82      0.85      0.84      2079
           7       0.59      0.81      0.68      1115
           8       0.80      0.69      0.74      1394
           9       0.69      0.78      0.73      1097

    accuracy                           0.84     36834
   macro avg       0.79      0.80      0.79     36834
weighted avg       0.84      0.84      0.84     36834

2024-03-06 07:15:00,858 - root - INFO - Epoch 6/20, Train Loss: 0.4019260467019706, Val Loss: 0.5253243781672747
2024-03-06 07:48:14,131 - root - INFO -               precision    recall  f1-score   support

           0       0.85      0.91      0.88      5116
           1       0.93      0.97      0.95     10369
           2       0.91      0.89      0.90      4772
           3       0.83      0.88      0.86      3162
           4       0.77      0.81      0.79      4241
           5       0.66      0.41      0.51      3489
           6       0.79      0.87      0.83      2079
           7       0.65      0.72      0.69      1115
           8       0.82      0.67      0.74      1394
           9       0.69      0.77      0.73      1097

    accuracy                           0.84     36834
   macro avg       0.79      0.79      0.79     36834
weighted avg       0.84      0.84      0.84     36834

2024-03-06 07:48:14,131 - root - INFO - Epoch 7/20, Train Loss: 0.3627348579605036, Val Loss: 0.533821700924142
2024-03-06 08:21:35,206 - root - INFO -               precision    recall  f1-score   support

           0       0.84      0.92      0.88      5116
           1       0.94      0.96      0.95     10369
           2       0.87      0.91      0.89      4772
           3       0.87      0.85      0.86      3162
           4       0.77      0.82      0.80      4241
           5       0.67      0.43      0.52      3489
           6       0.81      0.87      0.84      2079
           7       0.66      0.71      0.68      1115
           8       0.84      0.62      0.71      1394
           9       0.67      0.78      0.72      1097

    accuracy                           0.84     36834
   macro avg       0.79      0.79      0.79     36834
weighted avg       0.84      0.84      0.84     36834

2024-03-06 08:21:35,206 - root - INFO - Epoch 8/20, Train Loss: 0.3283224592092138, Val Loss: 0.5518633727045552
2024-03-06 08:54:57,309 - root - INFO -               precision    recall  f1-score   support

           0       0.88      0.88      0.88      5116
           1       0.94      0.97      0.95     10369
           2       0.88      0.90      0.89      4772
           3       0.84      0.88      0.86      3162
           4       0.80      0.76      0.78      4241
           5       0.58      0.49      0.53      3489
           6       0.82      0.86      0.84      2079
           7       0.68      0.68      0.68      1115
           8       0.78      0.71      0.74      1394
           9       0.69      0.77      0.72      1097

    accuracy                           0.84     36834
   macro avg       0.79      0.79      0.79     36834
weighted avg       0.84      0.84      0.84     36834

2024-03-06 08:54:57,309 - root - INFO - Epoch 9/20, Train Loss: 0.2913637204970873, Val Loss: 0.5582711263174679
2024-03-06 09:28:08,509 - root - INFO -               precision    recall  f1-score   support

           0       0.85      0.91      0.88      5116
           1       0.94      0.96      0.95     10369
           2       0.85      0.92      0.88      4772
           3       0.82      0.90      0.86      3162
           4       0.80      0.79      0.80      4241
           5       0.62      0.43      0.51      3489
           6       0.80      0.85      0.82      2079
           7       0.65      0.73      0.69      1115
           8       0.87      0.59      0.70      1394
           9       0.75      0.73      0.74      1097

    accuracy                           0.84     36834
   macro avg       0.80      0.78      0.78     36834
weighted avg       0.83      0.84      0.83     36834

2024-03-06 09:28:08,509 - root - INFO - Epoch 10/20, Train Loss: 0.2607742609929124, Val Loss: 0.600475627516939
2024-03-06 10:01:33,599 - root - INFO -               precision    recall  f1-score   support

           0       0.86      0.90      0.88      5116
           1       0.93      0.97      0.95     10369
           2       0.87      0.90      0.89      4772
           3       0.86      0.88      0.87      3162
           4       0.79      0.78      0.79      4241
           5       0.63      0.44      0.52      3489
           6       0.84      0.83      0.83      2079
           7       0.65      0.70      0.67      1115
           8       0.78      0.68      0.72      1394
           9       0.63      0.80      0.70      1097

    accuracy                           0.84     36834
   macro avg       0.78      0.79      0.78     36834
weighted avg       0.83      0.84      0.84     36834

2024-03-06 10:01:33,599 - root - INFO - Epoch 11/20, Train Loss: 0.23189174170569085, Val Loss: 0.5996778184727943
2024-03-06 10:35:04,099 - root - INFO -               precision    recall  f1-score   support

           0       0.86      0.90      0.88      5116
           1       0.94      0.96      0.95     10369
           2       0.89      0.89      0.89      4772
           3       0.81      0.90      0.85      3162
           4       0.77      0.80      0.79      4241
           5       0.60      0.45      0.51      3489
           6       0.84      0.78      0.81      2079
           7       0.64      0.75      0.69      1115
           8       0.81      0.67      0.74      1394
           9       0.72      0.78      0.75      1097

    accuracy                           0.84     36834
   macro avg       0.79      0.79      0.79     36834
weighted avg       0.83      0.84      0.83     36834

2024-03-06 10:35:04,099 - root - INFO - Epoch 12/20, Train Loss: 0.20590324523738757, Val Loss: 0.6384954572617182
2024-03-06 11:08:46,344 - root - INFO -               precision    recall  f1-score   support

           0       0.86      0.90      0.88      5116
           1       0.94      0.96      0.95     10369
           2       0.88      0.90      0.89      4772
           3       0.90      0.84      0.87      3162
           4       0.76      0.82      0.79      4241
           5       0.58      0.48      0.53      3489
           6       0.81      0.84      0.83      2079
           7       0.67      0.68      0.68      1115
           8       0.80      0.68      0.73      1394
           9       0.72      0.74      0.73      1097

    accuracy                           0.84     36834
   macro avg       0.79      0.78      0.79     36834
weighted avg       0.84      0.84      0.84     36834

2024-03-06 11:08:46,344 - root - INFO - Epoch 13/20, Train Loss: 0.1846043561430605, Val Loss: 0.6494328347364207
2024-03-06 11:42:10,506 - root - INFO -               precision    recall  f1-score   support

           0       0.84      0.92      0.88      5116
           1       0.93      0.96      0.94     10369
           2       0.88      0.90      0.89      4772
           3       0.85      0.87      0.86      3162
           4       0.76      0.81      0.78      4241
           5       0.61      0.41      0.49      3489
           6       0.81      0.84      0.83      2079
           7       0.68      0.62      0.65      1115
           8       0.85      0.63      0.72      1394
           9       0.69      0.77      0.72      1097

    accuracy                           0.84     36834
   macro avg       0.79      0.77      0.78     36834
weighted avg       0.83      0.84      0.83     36834

2024-03-06 11:42:10,506 - root - INFO - Epoch 14/20, Train Loss: 0.16308415298608817, Val Loss: 0.6795641206346079
2024-03-06 12:15:25,643 - root - INFO -               precision    recall  f1-score   support

           0       0.83      0.93      0.88      5116
           1       0.93      0.97      0.95     10369
           2       0.88      0.90      0.89      4772
           3       0.84      0.88      0.86      3162
           4       0.76      0.81      0.78      4241
           5       0.65      0.39      0.48      3489
           6       0.83      0.83      0.83      2079
           7       0.68      0.66      0.67      1115
           8       0.79      0.68      0.73      1394
           9       0.69      0.77      0.73      1097

    accuracy                           0.84     36834
   macro avg       0.79      0.78      0.78     36834
weighted avg       0.83      0.84      0.83     36834

2024-03-06 12:15:25,644 - root - INFO - Epoch 15/20, Train Loss: 0.14427981718997412, Val Loss: 0.7202372010745682
2024-03-06 12:48:42,459 - root - INFO -               precision    recall  f1-score   support

           0       0.86      0.89      0.88      5116
           1       0.93      0.96      0.95     10369
           2       0.90      0.88      0.89      4772
           3       0.88      0.85      0.86      3162
           4       0.79      0.78      0.79      4241
           5       0.52      0.50      0.51      3489
           6       0.80      0.81      0.81      2079
           7       0.66      0.69      0.67      1115
           8       0.84      0.65      0.73      1394
           9       0.72      0.75      0.74      1097

    accuracy                           0.83     36834
   macro avg       0.79      0.78      0.78     36834
weighted avg       0.83      0.83      0.83     36834

2024-03-06 12:48:42,459 - root - INFO - Epoch 16/20, Train Loss: 0.13326177173672066, Val Loss: 0.7268928660045146
2024-03-06 13:21:57,158 - root - INFO -               precision    recall  f1-score   support

           0       0.86      0.90      0.88      5116
           1       0.94      0.95      0.95     10369
           2       0.88      0.90      0.89      4772
           3       0.86      0.85      0.85      3162
           4       0.78      0.78      0.78      4241
           5       0.56      0.48      0.52      3489
           6       0.83      0.82      0.82      2079
           7       0.60      0.74      0.66      1115
           8       0.79      0.67      0.73      1394
           9       0.70      0.76      0.73      1097

    accuracy                           0.83     36834
   macro avg       0.78      0.79      0.78     36834
weighted avg       0.83      0.83      0.83     36834

2024-03-06 13:21:57,159 - root - INFO - Epoch 17/20, Train Loss: 0.12139125772469628, Val Loss: 0.7498121497740075
2024-03-06 13:55:29,062 - root - INFO -               precision    recall  f1-score   support

           0       0.87      0.89      0.88      5116
           1       0.94      0.95      0.95     10369
           2       0.87      0.90      0.88      4772
           3       0.87      0.85      0.86      3162
           4       0.74      0.82      0.78      4241
           5       0.60      0.43      0.50      3489
           6       0.80      0.84      0.82      2079
           7       0.65      0.71      0.68      1115
           8       0.86      0.62      0.72      1394
           9       0.64      0.82      0.72      1097

    accuracy                           0.83     36834
   macro avg       0.78      0.78      0.78     36834
weighted avg       0.83      0.83      0.83     36834

2024-03-06 13:55:29,063 - root - INFO - Epoch 18/20, Train Loss: 0.10752999664118551, Val Loss: 0.8019962815377005
2024-03-06 14:28:36,831 - root - INFO -               precision    recall  f1-score   support

           0       0.86      0.89      0.88      5116
           1       0.93      0.96      0.95     10369
           2       0.84      0.91      0.87      4772
           3       0.83      0.88      0.85      3162
           4       0.72      0.85      0.78      4241
           5       0.62      0.41      0.49      3489
           6       0.82      0.83      0.83      2079
           7       0.70      0.61      0.65      1115
           8       0.84      0.61      0.71      1394
           9       0.75      0.72      0.73      1097

    accuracy                           0.83     36834
   macro avg       0.79      0.77      0.77     36834
weighted avg       0.83      0.83      0.83     36834

2024-03-06 14:28:36,831 - root - INFO - Epoch 19/20, Train Loss: 0.09864470967988269, Val Loss: 0.8177181369623869
2024-03-06 15:01:06,256 - root - INFO -               precision    recall  f1-score   support

           0       0.84      0.91      0.87      5116
           1       0.93      0.96      0.94     10369
           2       0.88      0.90      0.89      4772
           3       0.85      0.87      0.86      3162
           4       0.74      0.81      0.78      4241
           5       0.58      0.45      0.50      3489
           6       0.86      0.76      0.81      2079
           7       0.69      0.64      0.66      1115
           8       0.82      0.65      0.72      1394
           9       0.72      0.75      0.73      1097

    accuracy                           0.83     36834
   macro avg       0.79      0.77      0.78     36834
weighted avg       0.83      0.83      0.83     36834

2024-03-06 15:01:06,257 - root - INFO - Epoch 20/20, Train Loss: 0.09515299690001085, Val Loss: 0.8226801638896557
2024-03-06 15:09:38,878 - root - INFO -               precision    recall  f1-score   support

           0       0.84      0.91      0.87      5116
           1       0.93      0.96      0.94     10369
           2       0.88      0.90      0.89      4772
           3       0.85      0.87      0.86      3162
           4       0.74      0.81      0.78      4241
           5       0.58      0.45      0.50      3489
           6       0.86      0.76      0.81      2079
           7       0.69      0.64      0.66      1115
           8       0.82      0.65      0.72      1394
           9       0.72      0.75      0.73      1097

    accuracy                           0.83     36834
   macro avg       0.79      0.77      0.78     36834
weighted avg       0.83      0.83      0.83     36834

