2024-03-06 04:44:02,463 - root - INFO - This is a log info
2024-03-06 05:13:07,350 - root - INFO -               precision    recall  f1-score   support

           0       0.53      0.84      0.65      3705
           1       0.72      0.63      0.67      3629
           2       0.69      0.64      0.66      3723
           3       0.56      0.52      0.54      3770
           4       0.27      0.27      0.27      3725
           5       0.64      0.67      0.65      3737
           6       0.72      0.71      0.71      3602
           7       0.92      0.56      0.69      3733
           8       0.67      0.49      0.57      3580
           9       0.46      0.62      0.52      3630

    accuracy                           0.59     36834
   macro avg       0.62      0.59      0.59     36834
weighted avg       0.62      0.59      0.59     36834

2024-03-06 05:13:07,350 - root - INFO - Epoch 1/20, Train Loss: 1.7632384171968774, Val Loss: 1.280665562033375
2024-03-06 05:41:48,316 - root - INFO -               precision    recall  f1-score   support

           0       0.72      0.86      0.79      3705
           1       0.63      0.71      0.67      3629
           2       0.67      0.73      0.70      3723
           3       0.62      0.59      0.60      3770
           4       0.36      0.25      0.29      3725
           5       0.73      0.71      0.72      3737
           6       0.78      0.73      0.75      3602
           7       0.92      0.59      0.72      3733
           8       0.64      0.70      0.67      3580
           9       0.56      0.74      0.64      3630

    accuracy                           0.66     36834
   macro avg       0.66      0.66      0.65     36834
weighted avg       0.66      0.66      0.65     36834

2024-03-06 05:41:48,316 - root - INFO - Epoch 2/20, Train Loss: 1.1956977244641296, Val Loss: 1.0938503397736377
2024-03-06 06:10:32,691 - root - INFO -               precision    recall  f1-score   support

           0       0.73      0.90      0.80      3705
           1       0.60      0.79      0.68      3629
           2       0.74      0.76      0.75      3723
           3       0.65      0.61      0.63      3770
           4       0.55      0.19      0.29      3725
           5       0.81      0.69      0.75      3737
           6       0.80      0.73      0.76      3602
           7       0.84      0.65      0.74      3733
           8       0.58      0.79      0.67      3580
           9       0.60      0.76      0.67      3630

    accuracy                           0.69     36834
   macro avg       0.69      0.69      0.67     36834
weighted avg       0.69      0.69      0.67     36834

2024-03-06 06:10:32,692 - root - INFO - Epoch 3/20, Train Loss: 1.0653194054595054, Val Loss: 1.0139778899649374
2024-03-06 06:39:31,053 - root - INFO -               precision    recall  f1-score   support

           0       0.76      0.88      0.81      3705
           1       0.70      0.72      0.71      3629
           2       0.75      0.74      0.75      3723
           3       0.68      0.58      0.63      3770
           4       0.48      0.27      0.34      3725
           5       0.68      0.77      0.72      3737
           6       0.76      0.74      0.75      3602
           7       0.82      0.67      0.74      3733
           8       0.65      0.76      0.70      3580
           9       0.60      0.78      0.68      3630

    accuracy                           0.69     36834
   macro avg       0.69      0.69      0.68     36834
weighted avg       0.69      0.69      0.68     36834

2024-03-06 06:39:31,053 - root - INFO - Epoch 4/20, Train Loss: 0.9836199378576727, Val Loss: 0.9963999381119482
2024-03-06 07:08:29,909 - root - INFO -               precision    recall  f1-score   support

           0       0.78      0.89      0.84      3705
           1       0.69      0.77      0.73      3629
           2       0.78      0.78      0.78      3723
           3       0.68      0.65      0.67      3770
           4       0.53      0.29      0.37      3725
           5       0.76      0.75      0.76      3737
           6       0.79      0.76      0.78      3602
           7       0.76      0.72      0.74      3733
           8       0.67      0.79      0.72      3580
           9       0.67      0.78      0.72      3630

    accuracy                           0.72     36834
   macro avg       0.71      0.72      0.71     36834
weighted avg       0.71      0.72      0.71     36834

2024-03-06 07:08:29,910 - root - INFO - Epoch 5/20, Train Loss: 0.9287632417519058, Val Loss: 0.9193178339372688
2024-03-06 07:37:09,628 - root - INFO -               precision    recall  f1-score   support

           0       0.80      0.89      0.84      3705
           1       0.63      0.84      0.72      3629
           2       0.79      0.78      0.79      3723
           3       0.69      0.65      0.67      3770
           4       0.60      0.29      0.39      3725
           5       0.79      0.75      0.77      3737
           6       0.80      0.75      0.77      3602
           7       0.73      0.74      0.74      3733
           8       0.76      0.76      0.76      3580
           9       0.66      0.81      0.73      3630

    accuracy                           0.73     36834
   macro avg       0.72      0.73      0.72     36834
weighted avg       0.72      0.73      0.72     36834

2024-03-06 07:37:09,628 - root - INFO - Epoch 6/20, Train Loss: 0.8771240483533954, Val Loss: 0.9042356666837937
2024-03-06 08:05:49,117 - root - INFO -               precision    recall  f1-score   support

           0       0.79      0.90      0.85      3705
           1       0.69      0.80      0.74      3629
           2       0.76      0.80      0.78      3723
           3       0.72      0.65      0.68      3770
           4       0.59      0.29      0.39      3725
           5       0.79      0.75      0.77      3737
           6       0.77      0.79      0.78      3602
           7       0.81      0.70      0.75      3733
           8       0.76      0.77      0.76      3580
           9       0.60      0.85      0.70      3630

    accuracy                           0.73     36834
   macro avg       0.73      0.73      0.72     36834
weighted avg       0.73      0.73      0.72     36834

2024-03-06 08:05:49,118 - root - INFO - Epoch 7/20, Train Loss: 0.8394542762750312, Val Loss: 0.9053409406129976
2024-03-06 08:34:33,450 - root - INFO -               precision    recall  f1-score   support

           0       0.78      0.91      0.84      3705
           1       0.69      0.81      0.74      3629
           2       0.81      0.79      0.80      3723
           3       0.68      0.70      0.69      3770
           4       0.56      0.31      0.40      3725
           5       0.78      0.76      0.77      3737
           6       0.80      0.76      0.78      3602
           7       0.81      0.71      0.76      3733
           8       0.73      0.79      0.76      3580
           9       0.67      0.82      0.74      3630

    accuracy                           0.74     36834
   macro avg       0.73      0.74      0.73     36834
weighted avg       0.73      0.74      0.73     36834

2024-03-06 08:34:33,450 - root - INFO - Epoch 8/20, Train Loss: 0.803430452110691, Val Loss: 0.8627456164925768
2024-03-06 09:03:11,491 - root - INFO -               precision    recall  f1-score   support

           0       0.80      0.90      0.85      3705
           1       0.73      0.78      0.75      3629
           2       0.79      0.81      0.80      3723
           3       0.73      0.64      0.68      3770
           4       0.65      0.26      0.37      3725
           5       0.71      0.81      0.75      3737
           6       0.74      0.80      0.77      3602
           7       0.72      0.76      0.74      3733
           8       0.76      0.78      0.77      3580
           9       0.68      0.81      0.74      3630

    accuracy                           0.74     36834
   macro avg       0.73      0.74      0.72     36834
weighted avg       0.73      0.74      0.72     36834

2024-03-06 09:03:11,492 - root - INFO - Epoch 9/20, Train Loss: 0.769920942438066, Val Loss: 0.8651362866747423
2024-03-06 09:31:56,275 - root - INFO -               precision    recall  f1-score   support

           0       0.83      0.88      0.85      3705
           1       0.68      0.82      0.74      3629
           2       0.80      0.80      0.80      3723
           3       0.73      0.65      0.69      3770
           4       0.62      0.31      0.41      3725
           5       0.73      0.80      0.76      3737
           6       0.76      0.80      0.78      3602
           7       0.74      0.76      0.75      3733
           8       0.78      0.77      0.78      3580
           9       0.68      0.82      0.74      3630

    accuracy                           0.74     36834
   macro avg       0.74      0.74      0.73     36834
weighted avg       0.73      0.74      0.73     36834

2024-03-06 09:31:56,276 - root - INFO - Epoch 10/20, Train Loss: 0.7348561027515139, Val Loss: 0.8682922113276385
2024-03-06 10:00:56,403 - root - INFO -               precision    recall  f1-score   support

           0       0.79      0.91      0.85      3705
           1       0.71      0.82      0.76      3629
           2       0.78      0.81      0.80      3723
           3       0.69      0.70      0.70      3770
           4       0.65      0.29      0.40      3725
           5       0.79      0.77      0.78      3737
           6       0.80      0.77      0.78      3602
           7       0.74      0.76      0.75      3733
           8       0.73      0.81      0.77      3580
           9       0.71      0.80      0.75      3630

    accuracy                           0.74     36834
   macro avg       0.74      0.74      0.73     36834
weighted avg       0.74      0.74      0.73     36834

2024-03-06 10:00:56,403 - root - INFO - Epoch 11/20, Train Loss: 0.7006116926403784, Val Loss: 0.8631145305753162
2024-03-06 10:29:58,895 - root - INFO -               precision    recall  f1-score   support

           0       0.80      0.91      0.85      3705
           1       0.73      0.80      0.77      3629
           2       0.80      0.81      0.80      3723
           3       0.61      0.76      0.68      3770
           4       0.68      0.29      0.41      3725
           5       0.78      0.77      0.77      3737
           6       0.79      0.78      0.78      3602
           7       0.79      0.73      0.76      3733
           8       0.71      0.82      0.76      3580
           9       0.74      0.77      0.76      3630

    accuracy                           0.74     36834
   macro avg       0.74      0.74      0.73     36834
weighted avg       0.74      0.74      0.73     36834

2024-03-06 10:29:58,895 - root - INFO - Epoch 12/20, Train Loss: 0.664571256133397, Val Loss: 0.8745083675753729
2024-03-06 10:59:04,484 - root - INFO -               precision    recall  f1-score   support

           0       0.82      0.90      0.86      3705
           1       0.73      0.79      0.76      3629
           2       0.80      0.81      0.80      3723
           3       0.71      0.67      0.69      3770
           4       0.59      0.35      0.44      3725
           5       0.72      0.81      0.77      3737
           6       0.75      0.80      0.77      3602
           7       0.81      0.73      0.77      3733
           8       0.74      0.80      0.77      3580
           9       0.71      0.81      0.75      3630

    accuracy                           0.74     36834
   macro avg       0.74      0.75      0.74     36834
weighted avg       0.74      0.74      0.74     36834

2024-03-06 10:59:04,485 - root - INFO - Epoch 13/20, Train Loss: 0.6332487123543348, Val Loss: 0.8764942026283296
2024-03-06 11:27:48,099 - root - INFO -               precision    recall  f1-score   support

           0       0.79      0.91      0.84      3705
           1       0.72      0.81      0.76      3629
           2       0.78      0.81      0.80      3723
           3       0.70      0.68      0.69      3770
           4       0.61      0.34      0.44      3725
           5       0.74      0.81      0.77      3737
           6       0.80      0.77      0.79      3602
           7       0.86      0.70      0.77      3733
           8       0.72      0.82      0.76      3580
           9       0.70      0.82      0.76      3630

    accuracy                           0.75     36834
   macro avg       0.74      0.75      0.74     36834
weighted avg       0.74      0.75      0.74     36834

2024-03-06 11:27:48,099 - root - INFO - Epoch 14/20, Train Loss: 0.601813494715332, Val Loss: 0.8852609131308639
2024-03-06 11:56:30,547 - root - INFO -               precision    recall  f1-score   support

           0       0.84      0.85      0.84      3705
           1       0.69      0.83      0.75      3629
           2       0.79      0.81      0.80      3723
           3       0.71      0.69      0.70      3770
           4       0.51      0.39      0.45      3725
           5       0.82      0.75      0.78      3737
           6       0.76      0.80      0.78      3602
           7       0.77      0.75      0.76      3733
           8       0.76      0.80      0.78      3580
           9       0.74      0.77      0.75      3630

    accuracy                           0.74     36834
   macro avg       0.74      0.74      0.74     36834
weighted avg       0.74      0.74      0.74     36834

2024-03-06 11:56:30,548 - root - INFO - Epoch 15/20, Train Loss: 0.5676098269641355, Val Loss: 0.9033946846170586
2024-03-06 12:25:16,479 - root - INFO -               precision    recall  f1-score   support

           0       0.83      0.89      0.86      3705
           1       0.75      0.78      0.76      3629
           2       0.79      0.82      0.80      3723
           3       0.67      0.72      0.69      3770
           4       0.57      0.37      0.45      3725
           5       0.76      0.79      0.77      3737
           6       0.73      0.82      0.77      3602
           7       0.76      0.75      0.76      3733
           8       0.78      0.80      0.79      3580
           9       0.77      0.75      0.76      3630

    accuracy                           0.75     36834
   macro avg       0.74      0.75      0.74     36834
weighted avg       0.74      0.75      0.74     36834

2024-03-06 12:25:16,479 - root - INFO - Epoch 16/20, Train Loss: 0.5336301159654547, Val Loss: 0.9044899519241846
2024-03-06 12:53:59,395 - root - INFO -               precision    recall  f1-score   support

           0       0.80      0.90      0.85      3705
           1       0.78      0.75      0.76      3629
           2       0.77      0.82      0.79      3723
           3       0.66      0.71      0.69      3770
           4       0.59      0.35      0.44      3725
           5       0.76      0.80      0.78      3737
           6       0.77      0.79      0.78      3602
           7       0.84      0.70      0.76      3733
           8       0.78      0.78      0.78      3580
           9       0.66      0.85      0.74      3630

    accuracy                           0.74     36834
   macro avg       0.74      0.74      0.74     36834
weighted avg       0.74      0.74      0.74     36834

2024-03-06 12:53:59,395 - root - INFO - Epoch 17/20, Train Loss: 0.5003754217635316, Val Loss: 0.9474830575011844
2024-03-06 13:22:51,642 - root - INFO -               precision    recall  f1-score   support

           0       0.80      0.88      0.84      3705
           1       0.76      0.77      0.76      3629
           2       0.82      0.79      0.80      3723
           3       0.68      0.70      0.69      3770
           4       0.55      0.37      0.44      3725
           5       0.75      0.80      0.77      3737
           6       0.75      0.80      0.78      3602
           7       0.82      0.72      0.76      3733
           8       0.74      0.81      0.77      3580
           9       0.72      0.79      0.75      3630

    accuracy                           0.74     36834
   macro avg       0.74      0.74      0.74     36834
weighted avg       0.74      0.74      0.74     36834

2024-03-06 13:22:51,643 - root - INFO - Epoch 18/20, Train Loss: 0.4678889077187295, Val Loss: 0.962406768565549
2024-03-06 13:52:02,394 - root - INFO -               precision    recall  f1-score   support

           0       0.80      0.89      0.84      3705
           1       0.71      0.81      0.76      3629
           2       0.82      0.79      0.81      3723
           3       0.67      0.71      0.69      3770
           4       0.54      0.37      0.44      3725
           5       0.80      0.76      0.78      3737
           6       0.78      0.78      0.78      3602
           7       0.79      0.73      0.76      3733
           8       0.75      0.80      0.78      3580
           9       0.72      0.79      0.75      3630

    accuracy                           0.74     36834
   macro avg       0.74      0.74      0.74     36834
weighted avg       0.74      0.74      0.74     36834

2024-03-06 13:52:02,395 - root - INFO - Epoch 19/20, Train Loss: 0.4364796591643868, Val Loss: 0.9807102622922148
2024-03-06 14:21:00,260 - root - INFO -               precision    recall  f1-score   support

           0       0.82      0.85      0.83      3705
           1       0.74      0.78      0.76      3629
           2       0.87      0.75      0.81      3723
           3       0.72      0.63      0.67      3770
           4       0.47      0.43      0.45      3725
           5       0.76      0.79      0.78      3737
           6       0.79      0.77      0.78      3602
           7       0.75      0.75      0.75      3733
           8       0.72      0.81      0.76      3580
           9       0.71      0.78      0.74      3630

    accuracy                           0.73     36834
   macro avg       0.73      0.73      0.73     36834
weighted avg       0.73      0.73      0.73     36834

2024-03-06 14:21:00,260 - root - INFO - Epoch 20/20, Train Loss: 0.40703541233481, Val Loss: 1.0233493570319059
2024-03-06 14:27:51,361 - root - INFO -               precision    recall  f1-score   support

           0       0.82      0.85      0.83      3705
           1       0.74      0.78      0.76      3629
           2       0.87      0.75      0.81      3723
           3       0.72      0.63      0.67      3770
           4       0.47      0.43      0.45      3725
           5       0.76      0.79      0.78      3737
           6       0.79      0.77      0.78      3602
           7       0.75      0.75      0.75      3733
           8       0.72      0.81      0.76      3580
           9       0.71      0.78      0.74      3630

    accuracy                           0.73     36834
   macro avg       0.73      0.73      0.73     36834
weighted avg       0.73      0.73      0.73     36834

