2024-03-06 15:50:51,486 - root - INFO - This is a log info
2024-03-06 16:12:48,652 - root - INFO -               precision    recall  f1-score   support

           0       0.98      0.03      0.06      3705
           1       1.00      0.00      0.00      3629
           2       1.00      0.00      0.00      3723
           3       1.00      0.00      0.00      3770
           4       0.00      0.00      1.00      3725
           5       0.10      1.00      0.19      3737
           6       1.00      0.00      0.00      3602
           7       1.00      0.08      0.16      3733
           8       1.00      0.00      0.00      3580
           9       1.00      0.00      0.00      3630

    accuracy                           0.11     36834
   macro avg       0.81      0.11      0.14     36834
weighted avg       0.81      0.11      0.14     36834

2024-03-06 16:12:48,652 - root - INFO - Epoch 1/20, Train Loss: 2.2881319604520023, Val Loss: 2.2794020015279304
2024-03-06 16:24:17,363 - root - INFO - This is a log info
2024-03-06 16:26:00,623 - root - INFO - This is a log info
2024-03-06 16:29:11,655 - root - INFO - This is a log info
2024-03-06 16:51:26,673 - root - INFO -               precision    recall  f1-score   support

           0       0.27      0.45      0.34      3705
           1       0.23      0.34      0.27      3629
           2       0.48      0.44      0.46      3723
           3       0.33      0.28      0.31      3770
           4       0.38      0.36      0.37      3725
           5       0.76      0.41      0.53      3737
           6       0.41      0.44      0.42      3602
           7       0.50      0.62      0.55      3733
           8       0.35      0.24      0.29      3580
           9       0.39      0.25      0.30      3630

    accuracy                           0.38     36834
   macro avg       0.41      0.38      0.38     36834
weighted avg       0.41      0.38      0.39     36834

2024-03-06 16:51:26,673 - root - INFO - Epoch 1/20, Train Loss: 1.9154752911868063, Val Loss: 1.7796010930031876
2024-03-06 17:13:00,951 - root - INFO -               precision    recall  f1-score   support

           0       0.29      0.44      0.35      3705
           1       0.22      0.48      0.30      3629
           2       0.44      0.50      0.47      3723
           3       0.35      0.29      0.32      3770
           4       0.42      0.34      0.38      3725
           5       0.58      0.56      0.57      3737
           6       0.52      0.41      0.46      3602
           7       0.75      0.51      0.61      3733
           8       0.56      0.18      0.27      3580
           9       0.41      0.33      0.37      3630

    accuracy                           0.41     36834
   macro avg       0.46      0.40      0.41     36834
weighted avg       0.46      0.41      0.41     36834

2024-03-06 17:13:00,951 - root - INFO - Epoch 2/20, Train Loss: 1.7470680392684994, Val Loss: 1.7235730164937957
2024-03-06 17:34:26,493 - root - INFO -               precision    recall  f1-score   support

           0       0.30      0.46      0.36      3705
           1       0.40      0.21      0.27      3629
           2       0.44      0.49      0.46      3723
           3       0.34      0.32      0.33      3770
           4       0.42      0.35      0.38      3725
           5       0.66      0.56      0.60      3737
           6       0.51      0.40      0.45      3602
           7       0.72      0.54      0.62      3733
           8       0.51      0.18      0.27      3580
           9       0.25      0.58      0.35      3630

    accuracy                           0.41     36834
   macro avg       0.45      0.41      0.41     36834
weighted avg       0.46      0.41      0.41     36834

2024-03-06 17:34:26,493 - root - INFO - Epoch 3/20, Train Loss: 1.7002438923714327, Val Loss: 1.703879951524535
2024-03-06 17:55:43,221 - root - INFO -               precision    recall  f1-score   support

           0       0.28      0.55      0.37      3705
           1       0.26      0.41      0.32      3629
           2       0.47      0.46      0.47      3723
           3       0.47      0.22      0.30      3770
           4       0.40      0.39      0.39      3725
           5       0.61      0.60      0.60      3737
           6       0.48      0.46      0.47      3602
           7       0.68      0.56      0.62      3733
           8       0.46      0.21      0.29      3580
           9       0.40      0.34      0.37      3630

    accuracy                           0.42     36834
   macro avg       0.45      0.42      0.42     36834
weighted avg       0.45      0.42      0.42     36834

2024-03-06 17:55:43,222 - root - INFO - Epoch 4/20, Train Loss: 1.6688502740256395, Val Loss: 1.6891365066286395
2024-03-06 18:17:07,097 - root - INFO -               precision    recall  f1-score   support

           0       0.27      0.51      0.36      3705
           1       0.30      0.36      0.32      3629
           2       0.48      0.46      0.47      3723
           3       0.41      0.29      0.34      3770
           4       0.39      0.39      0.39      3725
           5       0.72      0.53      0.61      3737
           6       0.48      0.46      0.47      3602
           7       0.67      0.57      0.62      3733
           8       0.56      0.19      0.29      3580
           9       0.33      0.44      0.38      3630

    accuracy                           0.42     36834
   macro avg       0.46      0.42      0.42     36834
weighted avg       0.46      0.42      0.42     36834

2024-03-06 18:17:07,097 - root - INFO - Epoch 5/20, Train Loss: 1.6420517335254048, Val Loss: 1.6750404935722767
2024-03-06 18:38:49,484 - root - INFO -               precision    recall  f1-score   support

           0       0.26      0.60      0.36      3705
           1       0.41      0.21      0.28      3629
           2       0.49      0.44      0.46      3723
           3       0.46      0.25      0.32      3770
           4       0.39      0.37      0.38      3725
           5       0.60      0.60      0.60      3737
           6       0.48      0.46      0.47      3602
           7       0.68      0.56      0.62      3733
           8       0.50      0.21      0.30      3580
           9       0.30      0.48      0.37      3630

    accuracy                           0.42     36834
   macro avg       0.46      0.42      0.42     36834
weighted avg       0.46      0.42      0.42     36834

2024-03-06 18:38:49,485 - root - INFO - Epoch 6/20, Train Loss: 1.6184455032945122, Val Loss: 1.6856218100616815
2024-03-06 19:00:09,613 - root - INFO -               precision    recall  f1-score   support

           0       0.29      0.51      0.37      3705
           1       0.28      0.38      0.32      3629
           2       0.47      0.48      0.47      3723
           3       0.40      0.33      0.36      3770
           4       0.45      0.33      0.38      3725
           5       0.70      0.55      0.61      3737
           6       0.51      0.43      0.47      3602
           7       0.72      0.55      0.63      3733
           8       0.44      0.21      0.28      3580
           9       0.33      0.47      0.39      3630

    accuracy                           0.42     36834
   macro avg       0.46      0.42      0.43     36834
weighted avg       0.46      0.42      0.43     36834

2024-03-06 19:00:09,613 - root - INFO - Epoch 7/20, Train Loss: 1.5967476565005259, Val Loss: 1.6716090004937478
2024-03-06 19:21:45,907 - root - INFO -               precision    recall  f1-score   support

           0       0.29      0.48      0.36      3705
           1       0.28      0.36      0.31      3629
           2       0.42      0.50      0.45      3723
           3       0.41      0.28      0.34      3770
           4       0.46      0.31      0.37      3725
           5       0.64      0.57      0.60      3737
           6       0.44      0.50      0.47      3602
           7       0.71      0.54      0.61      3733
           8       0.46      0.22      0.30      3580
           9       0.35      0.43      0.39      3630

    accuracy                           0.42     36834
   macro avg       0.45      0.42      0.42     36834
weighted avg       0.45      0.42      0.42     36834

2024-03-06 19:21:45,908 - root - INFO - Epoch 8/20, Train Loss: 1.573300886313949, Val Loss: 1.7084191436713725
2024-03-06 19:43:11,727 - root - INFO -               precision    recall  f1-score   support

           0       0.29      0.53      0.37      3705
           1       0.31      0.32      0.32      3629
           2       0.45      0.48      0.47      3723
           3       0.38      0.34      0.36      3770
           4       0.43      0.35      0.39      3725
           5       0.72      0.53      0.61      3737
           6       0.51      0.41      0.46      3602
           7       0.70      0.57      0.63      3733
           8       0.46      0.21      0.29      3580
           9       0.31      0.48      0.38      3630

    accuracy                           0.42     36834
   macro avg       0.46      0.42      0.43     36834
weighted avg       0.46      0.42      0.43     36834

2024-03-06 19:43:11,728 - root - INFO - Epoch 9/20, Train Loss: 1.5478559948132273, Val Loss: 1.708507768512452
2024-03-06 20:04:37,712 - root - INFO -               precision    recall  f1-score   support

           0       0.29      0.51      0.37      3705
           1       0.25      0.46      0.33      3629
           2       0.47      0.44      0.45      3723
           3       0.42      0.33      0.37      3770
           4       0.46      0.31      0.37      3725
           5       0.70      0.53      0.60      3737
           6       0.49      0.45      0.47      3602
           7       0.72      0.55      0.62      3733
           8       0.38      0.25      0.30      3580
           9       0.40      0.39      0.40      3630

    accuracy                           0.42     36834
   macro avg       0.46      0.42      0.43     36834
weighted avg       0.46      0.42      0.43     36834

2024-03-06 20:04:37,713 - root - INFO - Epoch 10/20, Train Loss: 1.5214325788743621, Val Loss: 1.7092591355831723
2024-03-06 20:26:06,450 - root - INFO -               precision    recall  f1-score   support

           0       0.29      0.54      0.38      3705
           1       0.40      0.25      0.30      3629
           2       0.50      0.43      0.46      3723
           3       0.47      0.24      0.32      3770
           4       0.39      0.35      0.37      3725
           5       0.61      0.59      0.60      3737
           6       0.47      0.45      0.46      3602
           7       0.71      0.55      0.62      3733
           8       0.25      0.35      0.29      3580
           9       0.35      0.43      0.38      3630

    accuracy                           0.42     36834
   macro avg       0.44      0.42      0.42     36834
weighted avg       0.45      0.42      0.42     36834

2024-03-06 20:26:06,451 - root - INFO - Epoch 11/20, Train Loss: 1.4931234764857515, Val Loss: 1.7363057990166588
2024-03-06 20:47:32,046 - root - INFO -               precision    recall  f1-score   support

           0       0.30      0.49      0.37      3705
           1       0.36      0.32      0.33      3629
           2       0.49      0.41      0.44      3723
           3       0.40      0.32      0.35      3770
           4       0.43      0.33      0.37      3725
           5       0.65      0.58      0.61      3737
           6       0.50      0.40      0.45      3602
           7       0.64      0.58      0.61      3733
           8       0.28      0.31      0.30      3580
           9       0.32      0.43      0.36      3630

    accuracy                           0.42     36834
   macro avg       0.44      0.42      0.42     36834
weighted avg       0.44      0.42      0.42     36834

2024-03-06 20:47:32,046 - root - INFO - Epoch 12/20, Train Loss: 1.4600636517034036, Val Loss: 1.7475512727189675
2024-03-06 21:09:03,750 - root - INFO -               precision    recall  f1-score   support

           0       0.29      0.52      0.37      3705
           1       0.26      0.43      0.33      3629
           2       0.47      0.43      0.45      3723
           3       0.41      0.30      0.35      3770
           4       0.45      0.28      0.34      3725
           5       0.60      0.59      0.59      3737
           6       0.50      0.41      0.45      3602
           7       0.72      0.54      0.62      3733
           8       0.34      0.25      0.29      3580
           9       0.39      0.38      0.39      3630

    accuracy                           0.41     36834
   macro avg       0.44      0.41      0.42     36834
weighted avg       0.44      0.41      0.42     36834

2024-03-06 21:09:03,750 - root - INFO - Epoch 13/20, Train Loss: 1.4223317520350374, Val Loss: 1.779557842614629
2024-03-06 21:30:20,249 - root - INFO -               precision    recall  f1-score   support

           0       0.29      0.51      0.37      3705
           1       0.32      0.32      0.32      3629
           2       0.44      0.45      0.44      3723
           3       0.41      0.29      0.34      3770
           4       0.42      0.32      0.37      3725
           5       0.71      0.54      0.61      3737
           6       0.46      0.43      0.45      3602
           7       0.75      0.52      0.62      3733
           8       0.30      0.28      0.29      3580
           9       0.32      0.47      0.38      3630

    accuracy                           0.41     36834
   macro avg       0.44      0.41      0.42     36834
weighted avg       0.44      0.41      0.42     36834

2024-03-06 21:30:20,249 - root - INFO - Epoch 14/20, Train Loss: 1.381363971101998, Val Loss: 1.835291265787594
2024-03-06 21:51:41,754 - root - INFO -               precision    recall  f1-score   support

           0       0.29      0.52      0.37      3705
           1       0.26      0.38      0.31      3629
           2       0.44      0.43      0.44      3723
           3       0.39      0.32      0.35      3770
           4       0.41      0.27      0.33      3725
           5       0.65      0.55      0.60      3737
           6       0.45      0.45      0.45      3602
           7       0.68      0.55      0.61      3733
           8       0.45      0.22      0.29      3580
           9       0.34      0.40      0.37      3630

    accuracy                           0.41     36834
   macro avg       0.44      0.41      0.41     36834
weighted avg       0.44      0.41      0.41     36834

2024-03-06 21:51:41,755 - root - INFO - Epoch 15/20, Train Loss: 1.3411260301376224, Val Loss: 1.8755606788762225
2024-03-06 22:12:37,378 - root - INFO -               precision    recall  f1-score   support

           0       0.27      0.56      0.37      3705
           1       0.29      0.35      0.32      3629
           2       0.44      0.43      0.43      3723
           3       0.41      0.27      0.33      3770
           4       0.44      0.26      0.32      3725
           5       0.69      0.55      0.61      3737
           6       0.46      0.41      0.43      3602
           7       0.62      0.56      0.59      3733
           8       0.39      0.22      0.29      3580
           9       0.31      0.43      0.36      3630

    accuracy                           0.40     36834
   macro avg       0.43      0.40      0.40     36834
weighted avg       0.43      0.40      0.41     36834

2024-03-06 22:12:37,378 - root - INFO - Epoch 16/20, Train Loss: 1.2960622553406416, Val Loss: 1.9215733014573464
2024-03-06 22:30:02,300 - root - INFO -               precision    recall  f1-score   support

           0       0.27      0.54      0.36      3705
           1       0.39      0.22      0.28      3629
           2       0.48      0.37      0.42      3723
           3       0.39      0.29      0.34      3770
           4       0.40      0.29      0.33      3725
           5       0.67      0.55      0.60      3737
           6       0.42      0.43      0.43      3602
           7       0.70      0.53      0.60      3733
           8       0.23      0.36      0.28      3580
           9       0.34      0.37      0.36      3630

    accuracy                           0.40     36834
   macro avg       0.43      0.40      0.40     36834
weighted avg       0.43      0.40      0.40     36834

2024-03-06 22:30:02,300 - root - INFO - Epoch 17/20, Train Loss: 1.254122497382132, Val Loss: 2.038952513614138
2024-03-06 22:47:27,329 - root - INFO -               precision    recall  f1-score   support

           0       0.29      0.51      0.37      3705
           1       0.31      0.31      0.31      3629
           2       0.45      0.40      0.42      3723
           3       0.40      0.28      0.33      3770
           4       0.37      0.34      0.35      3725
           5       0.64      0.56      0.60      3737
           6       0.46      0.42      0.44      3602
           7       0.71      0.52      0.60      3733
           8       0.42      0.20      0.27      3580
           9       0.28      0.48      0.35      3630

    accuracy                           0.40     36834
   macro avg       0.43      0.40      0.40     36834
weighted avg       0.43      0.40      0.41     36834

2024-03-06 22:47:27,329 - root - INFO - Epoch 18/20, Train Loss: 1.2124380491956879, Val Loss: 2.033034928168511
2024-03-06 23:04:52,092 - root - INFO -               precision    recall  f1-score   support

           0       0.29      0.50      0.37      3705
           1       0.29      0.28      0.28      3629
           2       0.42      0.43      0.43      3723
           3       0.38      0.29      0.33      3770
           4       0.37      0.32      0.34      3725
           5       0.66      0.56      0.60      3737
           6       0.48      0.38      0.42      3602
           7       0.64      0.55      0.59      3733
           8       0.44      0.20      0.27      3580
           9       0.27      0.48      0.35      3630

    accuracy                           0.40     36834
   macro avg       0.42      0.40      0.40     36834
weighted avg       0.43      0.40      0.40     36834

2024-03-06 23:04:52,093 - root - INFO - Epoch 19/20, Train Loss: 1.1701435609620094, Val Loss: 2.1430772505993887
2024-03-06 23:22:16,743 - root - INFO -               precision    recall  f1-score   support

           0       0.29      0.50      0.36      3705
           1       0.32      0.29      0.30      3629
           2       0.45      0.38      0.41      3723
           3       0.42      0.27      0.33      3770
           4       0.37      0.30      0.33      3725
           5       0.65      0.56      0.60      3737
           6       0.44      0.42      0.43      3602
           7       0.62      0.55      0.58      3733
           8       0.27      0.30      0.28      3580
           9       0.31      0.39      0.34      3630

    accuracy                           0.40     36834
   macro avg       0.41      0.39      0.40     36834
weighted avg       0.41      0.40      0.40     36834

2024-03-06 23:22:16,743 - root - INFO - Epoch 20/20, Train Loss: 1.1333228710952838, Val Loss: 2.166665935345476
2024-03-06 23:25:48,183 - root - INFO -               precision    recall  f1-score   support

           0       0.29      0.50      0.36      3705
           1       0.32      0.29      0.30      3629
           2       0.45      0.38      0.41      3723
           3       0.42      0.27      0.33      3770
           4       0.37      0.30      0.33      3725
           5       0.65      0.56      0.60      3737
           6       0.44      0.42      0.43      3602
           7       0.62      0.55      0.58      3733
           8       0.27      0.30      0.28      3580
           9       0.31      0.39      0.34      3630

    accuracy                           0.40     36834
   macro avg       0.41      0.39      0.40     36834
weighted avg       0.41      0.40      0.40     36834

