2024-03-07 16:37:53,345 - root - INFO - This is a log info
2024-03-07 16:53:39,073 - root - INFO -               precision    recall  f1-score   support

           0       0.87      0.82      0.84      2544
           1       0.79      0.71      0.75      2257
           2       0.95      0.95      0.95      5441
           3       0.58      0.37      0.46       636
           4       0.77      0.84      0.81      1732
           5       0.79      0.87      0.83      1069
           6       0.84      0.90      0.87      2720
           7       0.36      0.63      0.46       603
           8       1.00      0.00      0.00       362

    accuracy                           0.83     17364
   macro avg       0.77      0.68      0.66     17364
weighted avg       0.84      0.83      0.82     17364

2024-03-07 16:53:39,073 - root - INFO - Epoch 1/20, Train Loss: 0.936440627045095, Val Loss: 0.5816705405808242
2024-03-07 17:09:15,502 - root - INFO -               precision    recall  f1-score   support

           0       0.90      0.85      0.87      2544
           1       0.72      0.85      0.78      2257
           2       0.96      0.96      0.96      5441
           3       0.55      0.64      0.60       636
           4       0.88      0.80      0.84      1732
           5       0.81      0.90      0.85      1069
           6       0.89      0.90      0.89      2720
           7       0.56      0.60      0.58       603
           8       0.25      0.01      0.01       362

    accuracy                           0.86     17364
   macro avg       0.73      0.72      0.71     17364
weighted avg       0.85      0.86      0.85     17364

2024-03-07 17:09:15,502 - root - INFO - Epoch 2/20, Train Loss: 0.5154015818839945, Val Loss: 0.47629679691074794
2024-03-07 17:24:48,301 - root - INFO -               precision    recall  f1-score   support

           0       0.90      0.88      0.89      2544
           1       0.78      0.81      0.79      2257
           2       0.98      0.95      0.97      5441
           3       0.67      0.66      0.66       636
           4       0.81      0.87      0.84      1732
           5       0.81      0.90      0.86      1069
           6       0.90      0.89      0.90      2720
           7       0.53      0.73      0.61       603
           8       0.41      0.05      0.09       362

    accuracy                           0.87     17364
   macro avg       0.75      0.75      0.73     17364
weighted avg       0.86      0.87      0.86     17364

2024-03-07 17:24:48,301 - root - INFO - Epoch 3/20, Train Loss: 0.42107713701973204, Val Loss: 0.4430322929808303
2024-03-07 17:40:16,971 - root - INFO -               precision    recall  f1-score   support

           0       0.84      0.91      0.87      2544
           1       0.87      0.77      0.82      2257
           2       0.97      0.97      0.97      5441
           3       0.81      0.61      0.70       636
           4       0.86      0.84      0.85      1732
           5       0.83      0.89      0.86      1069
           6       0.85      0.93      0.89      2720
           7       0.70      0.69      0.69       603
           8       0.32      0.22      0.26       362

    accuracy                           0.87     17364
   macro avg       0.78      0.76      0.77     17364
weighted avg       0.87      0.87      0.87     17364

2024-03-07 17:40:16,971 - root - INFO - Epoch 4/20, Train Loss: 0.3668996781251784, Val Loss: 0.4236518397182398
2024-03-07 17:55:48,004 - root - INFO -               precision    recall  f1-score   support

           0       0.89      0.90      0.89      2544
           1       0.88      0.78      0.83      2257
           2       0.96      0.97      0.97      5441
           3       0.68      0.73      0.70       636
           4       0.85      0.89      0.87      1732
           5       0.88      0.86      0.87      1069
           6       0.88      0.92      0.90      2720
           7       0.70      0.70      0.70       603
           8       0.33      0.26      0.29       362

    accuracy                           0.88     17364
   macro avg       0.78      0.78      0.78     17364
weighted avg       0.88      0.88      0.88     17364

2024-03-07 17:55:48,004 - root - INFO - Epoch 5/20, Train Loss: 0.3189987853075428, Val Loss: 0.40378978731747023
2024-03-07 18:11:15,473 - root - INFO -               precision    recall  f1-score   support

           0       0.87      0.91      0.89      2544
           1       0.90      0.77      0.83      2257
           2       0.94      0.98      0.96      5441
           3       0.72      0.71      0.71       636
           4       0.85      0.89      0.87      1732
           5       0.87      0.88      0.87      1069
           6       0.90      0.91      0.91      2720
           7       0.69      0.72      0.70       603
           8       0.46      0.20      0.28       362

    accuracy                           0.88     17364
   macro avg       0.80      0.77      0.78     17364
weighted avg       0.88      0.88      0.88     17364

2024-03-07 18:11:15,473 - root - INFO - Epoch 6/20, Train Loss: 0.2775696960104518, Val Loss: 0.4238182811164768
2024-03-07 18:26:51,308 - root - INFO -               precision    recall  f1-score   support

           0       0.89      0.90      0.89      2544
           1       0.86      0.80      0.83      2257
           2       0.96      0.97      0.97      5441
           3       0.69      0.71      0.70       636
           4       0.89      0.83      0.86      1732
           5       0.87      0.87      0.87      1069
           6       0.86      0.93      0.89      2720
           7       0.67      0.73      0.70       603
           8       0.43      0.27      0.33       362

    accuracy                           0.88     17364
   macro avg       0.79      0.78      0.78     17364
weighted avg       0.88      0.88      0.88     17364

2024-03-07 18:26:51,308 - root - INFO - Epoch 7/20, Train Loss: 0.2393723029697649, Val Loss: 0.414124344089179
2024-03-07 18:42:33,300 - root - INFO -               precision    recall  f1-score   support

           0       0.86      0.91      0.88      2544
           1       0.78      0.85      0.81      2257
           2       0.97      0.97      0.97      5441
           3       0.71      0.68      0.70       636
           4       0.86      0.86      0.86      1732
           5       0.88      0.86      0.87      1069
           6       0.92      0.89      0.90      2720
           7       0.71      0.72      0.71       603
           8       0.44      0.19      0.26       362

    accuracy                           0.88     17364
   macro avg       0.79      0.77      0.78     17364
weighted avg       0.88      0.88      0.88     17364

2024-03-07 18:42:33,300 - root - INFO - Epoch 8/20, Train Loss: 0.21058937978316744, Val Loss: 0.44483844654072924
2024-03-07 18:58:10,056 - root - INFO -               precision    recall  f1-score   support

           0       0.93      0.88      0.90      2544
           1       0.78      0.86      0.82      2257
           2       0.95      0.97      0.96      5441
           3       0.76      0.68      0.72       636
           4       0.88      0.82      0.85      1732
           5       0.86      0.89      0.87      1069
           6       0.92      0.89      0.90      2720
           7       0.64      0.79      0.71       603
           8       0.44      0.27      0.33       362

    accuracy                           0.88     17364
   macro avg       0.79      0.78      0.79     17364
weighted avg       0.88      0.88      0.88     17364

2024-03-07 18:58:10,057 - root - INFO - Epoch 9/20, Train Loss: 0.18080495912945252, Val Loss: 0.4493203228230137
2024-03-07 19:13:43,940 - root - INFO -               precision    recall  f1-score   support

           0       0.90      0.89      0.90      2544
           1       0.83      0.82      0.83      2257
           2       0.97      0.97      0.97      5441
           3       0.71      0.72      0.71       636
           4       0.86      0.86      0.86      1732
           5       0.85      0.88      0.86      1069
           6       0.88      0.91      0.90      2720
           7       0.72      0.66      0.69       603
           8       0.37      0.31      0.34       362

    accuracy                           0.88     17364
   macro avg       0.79      0.78      0.78     17364
weighted avg       0.88      0.88      0.88     17364

2024-03-07 19:13:43,941 - root - INFO - Epoch 10/20, Train Loss: 0.15444054834438894, Val Loss: 0.45082778488263314
2024-03-07 19:29:15,503 - root - INFO -               precision    recall  f1-score   support

           0       0.93      0.88      0.91      2544
           1       0.78      0.86      0.82      2257
           2       0.97      0.97      0.97      5441
           3       0.74      0.68      0.71       636
           4       0.85      0.85      0.85      1732
           5       0.87      0.82      0.85      1069
           6       0.86      0.92      0.89      2720
           7       0.72      0.71      0.72       603
           8       0.39      0.26      0.31       362

    accuracy                           0.88     17364
   macro avg       0.79      0.77      0.78     17364
weighted avg       0.88      0.88      0.88     17364

2024-03-07 19:29:15,503 - root - INFO - Epoch 11/20, Train Loss: 0.1277807970021371, Val Loss: 0.4938098679789473
2024-03-07 19:44:45,368 - root - INFO -               precision    recall  f1-score   support

           0       0.89      0.90      0.90      2544
           1       0.79      0.84      0.82      2257
           2       0.96      0.97      0.97      5441
           3       0.76      0.67      0.71       636
           4       0.86      0.85      0.86      1732
           5       0.88      0.86      0.87      1069
           6       0.90      0.90      0.90      2720
           7       0.75      0.62      0.68       603
           8       0.39      0.34      0.37       362

    accuracy                           0.88     17364
   macro avg       0.80      0.77      0.78     17364
weighted avg       0.88      0.88      0.88     17364

2024-03-07 19:44:45,368 - root - INFO - Epoch 12/20, Train Loss: 0.10954980425131199, Val Loss: 0.49705289747412373
2024-03-07 20:00:17,300 - root - INFO -               precision    recall  f1-score   support

           0       0.88      0.90      0.89      2544
           1       0.84      0.80      0.82      2257
           2       0.97      0.96      0.97      5441
           3       0.72      0.72      0.72       636
           4       0.83      0.87      0.85      1732
           5       0.88      0.86      0.87      1069
           6       0.86      0.94      0.90      2720
           7       0.78      0.62      0.69       603
           8       0.38      0.28      0.32       362

    accuracy                           0.88     17364
   macro avg       0.79      0.77      0.78     17364
weighted avg       0.88      0.88      0.88     17364

2024-03-07 20:00:17,300 - root - INFO - Epoch 13/20, Train Loss: 0.10089753505007043, Val Loss: 0.5272743654564157
2024-03-07 20:15:52,133 - root - INFO -               precision    recall  f1-score   support

           0       0.92      0.88      0.90      2544
           1       0.82      0.82      0.82      2257
           2       0.97      0.96      0.97      5441
           3       0.69      0.73      0.71       636
           4       0.83      0.87      0.85      1732
           5       0.82      0.89      0.85      1069
           6       0.87      0.92      0.89      2720
           7       0.79      0.61      0.69       603
           8       0.36      0.28      0.31       362

    accuracy                           0.88     17364
   macro avg       0.79      0.77      0.78     17364
weighted avg       0.88      0.88      0.88     17364

2024-03-07 20:15:52,133 - root - INFO - Epoch 14/20, Train Loss: 0.08170347268713715, Val Loss: 0.544782426397912
2024-03-07 20:31:29,135 - root - INFO -               precision    recall  f1-score   support

           0       0.90      0.89      0.90      2544
           1       0.87      0.78      0.82      2257
           2       0.97      0.97      0.97      5441
           3       0.73      0.70      0.72       636
           4       0.86      0.86      0.86      1732
           5       0.78      0.90      0.84      1069
           6       0.89      0.92      0.90      2720
           7       0.71      0.68      0.70       603
           8       0.33      0.37      0.35       362

    accuracy                           0.88     17364
   macro avg       0.78      0.79      0.78     17364
weighted avg       0.88      0.88      0.88     17364

2024-03-07 20:31:29,136 - root - INFO - Epoch 15/20, Train Loss: 0.07203424016248042, Val Loss: 0.5626881954939622
2024-03-07 20:46:59,384 - root - INFO -               precision    recall  f1-score   support

           0       0.89      0.91      0.90      2544
           1       0.84      0.81      0.83      2257
           2       0.97      0.97      0.97      5441
           3       0.67      0.74      0.70       636
           4       0.87      0.84      0.85      1732
           5       0.88      0.85      0.87      1069
           6       0.88      0.91      0.90      2720
           7       0.70      0.75      0.72       603
           8       0.39      0.27      0.32       362

    accuracy                           0.88     17364
   macro avg       0.79      0.78      0.78     17364
weighted avg       0.88      0.88      0.88     17364

2024-03-07 20:46:59,385 - root - INFO - Epoch 16/20, Train Loss: 0.06571966899270251, Val Loss: 0.5623362947721356
2024-03-07 21:02:27,194 - root - INFO -               precision    recall  f1-score   support

           0       0.88      0.90      0.89      2544
           1       0.85      0.81      0.83      2257
           2       0.96      0.97      0.97      5441
           3       0.76      0.67      0.71       636
           4       0.85      0.88      0.86      1732
           5       0.85      0.88      0.86      1069
           6       0.90      0.90      0.90      2720
           7       0.65      0.81      0.72       603
           8       0.41      0.21      0.28       362

    accuracy                           0.88     17364
   macro avg       0.79      0.78      0.78     17364
weighted avg       0.88      0.88      0.88     17364

2024-03-07 21:02:27,194 - root - INFO - Epoch 17/20, Train Loss: 0.055408781162082664, Val Loss: 0.5908254340369974
2024-03-07 21:17:56,468 - root - INFO -               precision    recall  f1-score   support

           0       0.93      0.87      0.90      2544
           1       0.87      0.76      0.81      2257
           2       0.98      0.96      0.97      5441
           3       0.59      0.78      0.68       636
           4       0.82      0.89      0.85      1732
           5       0.74      0.91      0.82      1069
           6       0.90      0.90      0.90      2720
           7       0.71      0.73      0.72       603
           8       0.36      0.31      0.34       362

    accuracy                           0.87     17364
   macro avg       0.77      0.79      0.78     17364
weighted avg       0.88      0.87      0.87     17364

2024-03-07 21:17:56,468 - root - INFO - Epoch 18/20, Train Loss: 0.048194682247665335, Val Loss: 0.6490247223789696
2024-03-07 21:33:24,862 - root - INFO -               precision    recall  f1-score   support

           0       0.92      0.88      0.90      2544
           1       0.84      0.81      0.82      2257
           2       0.98      0.97      0.97      5441
           3       0.72      0.71      0.72       636
           4       0.84      0.86      0.85      1732
           5       0.84      0.89      0.86      1069
           6       0.88      0.92      0.90      2720
           7       0.65      0.78      0.71       603
           8       0.39      0.27      0.32       362

    accuracy                           0.88     17364
   macro avg       0.78      0.79      0.78     17364
weighted avg       0.88      0.88      0.88     17364

2024-03-07 21:33:24,862 - root - INFO - Epoch 19/20, Train Loss: 0.04586920265236147, Val Loss: 0.6229807732429847
2024-03-07 21:48:55,798 - root - INFO -               precision    recall  f1-score   support

           0       0.89      0.90      0.89      2544
           1       0.89      0.76      0.82      2257
           2       0.97      0.97      0.97      5441
           3       0.62      0.76      0.68       636
           4       0.88      0.85      0.86      1732
           5       0.86      0.85      0.86      1069
           6       0.89      0.91      0.90      2720
           7       0.64      0.77      0.70       603
           8       0.35      0.36      0.36       362

    accuracy                           0.88     17364
   macro avg       0.78      0.79      0.78     17364
weighted avg       0.88      0.88      0.88     17364

2024-03-07 21:48:55,798 - root - INFO - Epoch 20/20, Train Loss: 0.047524598192633646, Val Loss: 0.6241607606973936
2024-03-07 21:52:50,351 - root - INFO -               precision    recall  f1-score   support

           0       0.89      0.90      0.89      2544
           1       0.89      0.76      0.82      2257
           2       0.97      0.97      0.97      5441
           3       0.62      0.76      0.68       636
           4       0.88      0.85      0.86      1732
           5       0.86      0.85      0.86      1069
           6       0.89      0.91      0.90      2720
           7       0.64      0.77      0.70       603
           8       0.35      0.36      0.36       362

    accuracy                           0.88     17364
   macro avg       0.78      0.79      0.78     17364
weighted avg       0.88      0.88      0.88     17364

